<eResourceEntry  timestamp='1361547086405' resUri='platform:/resource/ovinger/jex/ov5.jex' key='resource selected' value='null'/>
<eObjectEntry  timestamp='1361547100679' resUri='platform:/resource/ovinger/jex/ov5.jex' fragmentId='//@javaElements.0/@classes.0' key='junit test launch' value='AllTests'/>
<eObjectEntry  timestamp='1361548788887' resUri='platform:/resource/ovinger/jex/ov5.jex' fragmentId='//@javaElements.0/@classes.0' key='junit test launch' value='AllTests'/>
<eObjectEntry  timestamp='1361550207237' resUri='platform:/resource/ovinger/jex/ov5.jex' fragmentId='//@javaElements.0/@classes.0' key='junit test launch' value='AllTests'/>
<eObjectEntry  timestamp='1361550208217' resUri='platform:/resource/ovinger/jex/ov5.jex' fragmentId='//@requirements.0/@requirements.0/@requirements.3' key='test run status' value='false'/>
<eObjectEntry  timestamp='1361550208223' resUri='platform:/resource/ovinger/jex/ov5.jex' fragmentId='//@requirements.0/@requirements.0/@requirements.4' key='test run status' value='false'/>
<eObjectEntry  timestamp='1361550208229' resUri='platform:/resource/ovinger/jex/ov5.jex' fragmentId='//@requirements.0/@requirements.0/@requirements.7' key='test run status' value='true'/>
<eObjectEntry  timestamp='1361550208237' resUri='platform:/resource/ovinger/jex/ov5.jex' fragmentId='//@requirements.1/@requirements.0/@requirements.8' key='test run status' value='false'/>
<eObjectEntry  timestamp='1361550208247' resUri='platform:/resource/ovinger/jex/ov5.jex' fragmentId='//@requirements.1/@requirements.0/@requirements.9' key='test run status' value='false'/>
<eObjectEntry  timestamp='1361550208267' resUri='platform:/resource/ovinger/jex/ov5.jex' fragmentId='//@requirements.1/@requirements.0/@requirements.10' key='test run status' value='false'/>
<eObjectEntry  timestamp='1361550208279' resUri='platform:/resource/ovinger/jex/ov5.jex' fragmentId='//@requirements.1/@requirements.0/@requirements.11' key='test run status' value='false'/>
<eObjectEntry  timestamp='1361550208286' resUri='platform:/resource/ovinger/jex/ov5.jex' fragmentId='//@requirements.1/@requirements.0/@requirements.12' key='test run status' value='false'/>
<eObjectEntry  timestamp='1361550208298' resUri='platform:/resource/ovinger/jex/ov5.jex' fragmentId='//@requirements.2/@requirements.0/@requirements.2' key='test run status' value='true'/>
<eObjectEntry  timestamp='1361550208305' resUri='platform:/resource/ovinger/jex/ov5.jex' fragmentId='//@requirements.2/@requirements.0/@requirements.3' key='test run status' value='true'/>
<eObjectEntry  timestamp='1361550208325' resUri='platform:/resource/ovinger/jex/ov5.jex' fragmentId='//@requirements.2/@requirements.0/@requirements.5' key='test run status' value='false'/>
<eObjectEntry  timestamp='1361550208330' resUri='platform:/resource/ovinger/jex/ov5.jex' fragmentId='//@requirements.3/@requirements.0/@requirements.4' key='test run status' value='false'/>
<eObjectEntry  timestamp='1361550208335' resUri='platform:/resource/ovinger/jex/ov5.jex' fragmentId='//@requirements.3/@requirements.0/@requirements.5' key='test run status' value='true'/>
<eObjectEntry  timestamp='1361550208339' resUri='platform:/resource/ovinger/jex/ov5.jex' fragmentId='//@requirements.3/@requirements.1/@requirements.3' key='test run status' value='true'/>
<eObjectEntry  timestamp='1361550208345' resUri='platform:/resource/ovinger/jex/ov5.jex' fragmentId='//@requirements.3/@requirements.1/@requirements.4' key='test run status' value='true'/>
<eObjectEntry  timestamp='1361550208350' resUri='platform:/resource/ovinger/jex/ov5.jex' fragmentId='//@requirements.3/@requirements.1/@requirements.6' key='test run status' value='true'/>
<eObjectEntry  timestamp='1361550342494' resUri='platform:/resource/ovinger/jex/ov5.jex' fragmentId='//@javaElements.0/@classes.0' key='junit test launch' value='AllTests'/>
<eObjectEntry  timestamp='1361550343379' resUri='platform:/resource/ovinger/jex/ov5.jex' fragmentId='//@requirements.0/@requirements.0/@requirements.3' key='test run status' value='true'/>
<eObjectEntry  timestamp='1361550343392' resUri='platform:/resource/ovinger/jex/ov5.jex' fragmentId='//@requirements.0/@requirements.0/@requirements.4' key='test run status' value='true'/>
<eObjectEntry  timestamp='1361550343411' resUri='platform:/resource/ovinger/jex/ov5.jex' fragmentId='//@requirements.0/@requirements.0/@requirements.7' key='test run status' value='true'/>
<eObjectEntry  timestamp='1361550343420' resUri='platform:/resource/ovinger/jex/ov5.jex' fragmentId='//@requirements.1/@requirements.0/@requirements.8' key='test run status' value='false'/>
<eObjectEntry  timestamp='1361550343429' resUri='platform:/resource/ovinger/jex/ov5.jex' fragmentId='//@requirements.1/@requirements.0/@requirements.9' key='test run status' value='false'/>
<eObjectEntry  timestamp='1361550343437' resUri='platform:/resource/ovinger/jex/ov5.jex' fragmentId='//@requirements.1/@requirements.0/@requirements.10' key='test run status' value='false'/>
<eObjectEntry  timestamp='1361550343451' resUri='platform:/resource/ovinger/jex/ov5.jex' fragmentId='//@requirements.1/@requirements.0/@requirements.11' key='test run status' value='false'/>
<eObjectEntry  timestamp='1361550343465' resUri='platform:/resource/ovinger/jex/ov5.jex' fragmentId='//@requirements.1/@requirements.0/@requirements.12' key='test run status' value='false'/>
<eObjectEntry  timestamp='1361550343479' resUri='platform:/resource/ovinger/jex/ov5.jex' fragmentId='//@requirements.2/@requirements.0/@requirements.2' key='test run status' value='false'/>
<eObjectEntry  timestamp='1361550343492' resUri='platform:/resource/ovinger/jex/ov5.jex' fragmentId='//@requirements.2/@requirements.0/@requirements.3' key='test run status' value='false'/>
<eObjectEntry  timestamp='1361550343507' resUri='platform:/resource/ovinger/jex/ov5.jex' fragmentId='//@requirements.2/@requirements.0/@requirements.5' key='test run status' value='false'/>
<eObjectEntry  timestamp='1361550343525' resUri='platform:/resource/ovinger/jex/ov5.jex' fragmentId='//@requirements.3/@requirements.0/@requirements.4' key='test run status' value='false'/>
<eObjectEntry  timestamp='1361550343531' resUri='platform:/resource/ovinger/jex/ov5.jex' fragmentId='//@requirements.3/@requirements.0/@requirements.5' key='test run status' value='true'/>
<eObjectEntry  timestamp='1361550343538' resUri='platform:/resource/ovinger/jex/ov5.jex' fragmentId='//@requirements.3/@requirements.1/@requirements.3' key='test run status' value='true'/>
<eObjectEntry  timestamp='1361550343545' resUri='platform:/resource/ovinger/jex/ov5.jex' fragmentId='//@requirements.3/@requirements.1/@requirements.4' key='test run status' value='true'/>
<eObjectEntry  timestamp='1361550343551' resUri='platform:/resource/ovinger/jex/ov5.jex' fragmentId='//@requirements.3/@requirements.1/@requirements.6' key='test run status' value='true'/>
<eObjectEntry  timestamp='1361550433081' resUri='platform:/resource/ovinger/jex/ov5.jex' fragmentId='//@javaElements.0/@classes.0' key='junit test launch' value='AllTests'/>
<eObjectEntry  timestamp='1361550433872' resUri='platform:/resource/ovinger/jex/ov5.jex' fragmentId='//@requirements.0/@requirements.0/@requirements.3' key='test run status' value='true'/>
<eObjectEntry  timestamp='1361550433878' resUri='platform:/resource/ovinger/jex/ov5.jex' fragmentId='//@requirements.0/@requirements.0/@requirements.4' key='test run status' value='true'/>
<eObjectEntry  timestamp='1361550433884' resUri='platform:/resource/ovinger/jex/ov5.jex' fragmentId='//@requirements.0/@requirements.0/@requirements.7' key='test run status' value='true'/>
<eObjectEntry  timestamp='1361550433891' resUri='platform:/resource/ovinger/jex/ov5.jex' fragmentId='//@requirements.1/@requirements.0/@requirements.8' key='test run status' value='false'/>
<eObjectEntry  timestamp='1361550433899' resUri='platform:/resource/ovinger/jex/ov5.jex' fragmentId='//@requirements.1/@requirements.0/@requirements.9' key='test run status' value='false'/>
<eObjectEntry  timestamp='1361550433905' resUri='platform:/resource/ovinger/jex/ov5.jex' fragmentId='//@requirements.1/@requirements.0/@requirements.10' key='test run status' value='false'/>
<eObjectEntry  timestamp='1361550433913' resUri='platform:/resource/ovinger/jex/ov5.jex' fragmentId='//@requirements.1/@requirements.0/@requirements.11' key='test run status' value='false'/>
<eObjectEntry  timestamp='1361550433922' resUri='platform:/resource/ovinger/jex/ov5.jex' fragmentId='//@requirements.1/@requirements.0/@requirements.12' key='test run status' value='false'/>
<eObjectEntry  timestamp='1361550433941' resUri='platform:/resource/ovinger/jex/ov5.jex' fragmentId='//@requirements.2/@requirements.0/@requirements.2' key='test run status' value='false'/>
<eObjectEntry  timestamp='1361550433953' resUri='platform:/resource/ovinger/jex/ov5.jex' fragmentId='//@requirements.2/@requirements.0/@requirements.3' key='test run status' value='false'/>
<eObjectEntry  timestamp='1361550433973' resUri='platform:/resource/ovinger/jex/ov5.jex' fragmentId='//@requirements.2/@requirements.0/@requirements.5' key='test run status' value='false'/>
<eObjectEntry  timestamp='1361550434005' resUri='platform:/resource/ovinger/jex/ov5.jex' fragmentId='//@requirements.3/@requirements.0/@requirements.4' key='test run status' value='false'/>
<eObjectEntry  timestamp='1361550434014' resUri='platform:/resource/ovinger/jex/ov5.jex' fragmentId='//@requirements.3/@requirements.0/@requirements.5' key='test run status' value='true'/>
<eObjectEntry  timestamp='1361550434022' resUri='platform:/resource/ovinger/jex/ov5.jex' fragmentId='//@requirements.3/@requirements.1/@requirements.3' key='test run status' value='true'/>
<eObjectEntry  timestamp='1361550434032' resUri='platform:/resource/ovinger/jex/ov5.jex' fragmentId='//@requirements.3/@requirements.1/@requirements.4' key='test run status' value='true'/>
<eObjectEntry  timestamp='1361550434040' resUri='platform:/resource/ovinger/jex/ov5.jex' fragmentId='//@requirements.3/@requirements.1/@requirements.6' key='test run status' value='true'/>
<eObjectEntry  timestamp='1361550692142' resUri='platform:/resource/ovinger/jex/ov5.jex' fragmentId='//@javaElements.0/@classes.0' key='junit test launch' value='AllTests'/>
<eObjectEntry  timestamp='1361550692971' resUri='platform:/resource/ovinger/jex/ov5.jex' fragmentId='//@requirements.0/@requirements.0/@requirements.3' key='test run status' value='true'/>
<eObjectEntry  timestamp='1361550692982' resUri='platform:/resource/ovinger/jex/ov5.jex' fragmentId='//@requirements.0/@requirements.0/@requirements.4' key='test run status' value='true'/>
<eObjectEntry  timestamp='1361550692989' resUri='platform:/resource/ovinger/jex/ov5.jex' fragmentId='//@requirements.0/@requirements.0/@requirements.7' key='test run status' value='true'/>
<eObjectEntry  timestamp='1361550692997' resUri='platform:/resource/ovinger/jex/ov5.jex' fragmentId='//@requirements.1/@requirements.0/@requirements.8' key='test run status' value='false'/>
<eObjectEntry  timestamp='1361550693012' resUri='platform:/resource/ovinger/jex/ov5.jex' fragmentId='//@requirements.1/@requirements.0/@requirements.9' key='test run status' value='false'/>
<eObjectEntry  timestamp='1361550693024' resUri='platform:/resource/ovinger/jex/ov5.jex' fragmentId='//@requirements.1/@requirements.0/@requirements.10' key='test run status' value='false'/>
<eObjectEntry  timestamp='1361550693032' resUri='platform:/resource/ovinger/jex/ov5.jex' fragmentId='//@requirements.1/@requirements.0/@requirements.11' key='test run status' value='false'/>
<eObjectEntry  timestamp='1361550693038' resUri='platform:/resource/ovinger/jex/ov5.jex' fragmentId='//@requirements.1/@requirements.0/@requirements.12' key='test run status' value='false'/>
<eObjectEntry  timestamp='1361550693045' resUri='platform:/resource/ovinger/jex/ov5.jex' fragmentId='//@requirements.2/@requirements.0/@requirements.2' key='test run status' value='false'/>
<eObjectEntry  timestamp='1361550693061' resUri='platform:/resource/ovinger/jex/ov5.jex' fragmentId='//@requirements.2/@requirements.0/@requirements.3' key='test run status' value='false'/>
<eObjectEntry  timestamp='1361550693073' resUri='platform:/resource/ovinger/jex/ov5.jex' fragmentId='//@requirements.2/@requirements.0/@requirements.5' key='test run status' value='false'/>
<eObjectEntry  timestamp='1361550693086' resUri='platform:/resource/ovinger/jex/ov5.jex' fragmentId='//@requirements.3/@requirements.0/@requirements.4' key='test run status' value='false'/>
<eObjectEntry  timestamp='1361550693097' resUri='platform:/resource/ovinger/jex/ov5.jex' fragmentId='//@requirements.3/@requirements.0/@requirements.5' key='test run status' value='true'/>
<eObjectEntry  timestamp='1361550693109' resUri='platform:/resource/ovinger/jex/ov5.jex' fragmentId='//@requirements.3/@requirements.1/@requirements.3' key='test run status' value='true'/>
<eObjectEntry  timestamp='1361550693122' resUri='platform:/resource/ovinger/jex/ov5.jex' fragmentId='//@requirements.3/@requirements.1/@requirements.4' key='test run status' value='true'/>
<eObjectEntry  timestamp='1361550693133' resUri='platform:/resource/ovinger/jex/ov5.jex' fragmentId='//@requirements.3/@requirements.1/@requirements.6' key='test run status' value='true'/>
<eObjectEntry  timestamp='1361550989712' resUri='platform:/resource/ovinger/jex/ov5.jex' fragmentId='//@javaElements.0/@classes.0' key='junit test launch' value='AllTests'/>
<eObjectEntry  timestamp='1361550990494' resUri='platform:/resource/ovinger/jex/ov5.jex' fragmentId='//@requirements.0/@requirements.0/@requirements.3' key='test run status' value='true'/>
<eObjectEntry  timestamp='1361550990500' resUri='platform:/resource/ovinger/jex/ov5.jex' fragmentId='//@requirements.0/@requirements.0/@requirements.4' key='test run status' value='true'/>
<eObjectEntry  timestamp='1361550990505' resUri='platform:/resource/ovinger/jex/ov5.jex' fragmentId='//@requirements.0/@requirements.0/@requirements.7' key='test run status' value='true'/>
<eObjectEntry  timestamp='1361550990512' resUri='platform:/resource/ovinger/jex/ov5.jex' fragmentId='//@requirements.1/@requirements.0/@requirements.8' key='test run status' value='false'/>
<eObjectEntry  timestamp='1361550990525' resUri='platform:/resource/ovinger/jex/ov5.jex' fragmentId='//@requirements.1/@requirements.0/@requirements.9' key='test run status' value='false'/>
<eObjectEntry  timestamp='1361550990537' resUri='platform:/resource/ovinger/jex/ov5.jex' fragmentId='//@requirements.1/@requirements.0/@requirements.10' key='test run status' value='false'/>
<eObjectEntry  timestamp='1361550990544' resUri='platform:/resource/ovinger/jex/ov5.jex' fragmentId='//@requirements.1/@requirements.0/@requirements.11' key='test run status' value='false'/>
<eObjectEntry  timestamp='1361550990550' resUri='platform:/resource/ovinger/jex/ov5.jex' fragmentId='//@requirements.1/@requirements.0/@requirements.12' key='test run status' value='false'/>
<eObjectEntry  timestamp='1361550990555' resUri='platform:/resource/ovinger/jex/ov5.jex' fragmentId='//@requirements.2/@requirements.0/@requirements.2' key='test run status' value='false'/>
<eObjectEntry  timestamp='1361550990560' resUri='platform:/resource/ovinger/jex/ov5.jex' fragmentId='//@requirements.2/@requirements.0/@requirements.3' key='test run status' value='false'/>
<eObjectEntry  timestamp='1361550990568' resUri='platform:/resource/ovinger/jex/ov5.jex' fragmentId='//@requirements.2/@requirements.0/@requirements.5' key='test run status' value='false'/>
<eObjectEntry  timestamp='1361550990578' resUri='platform:/resource/ovinger/jex/ov5.jex' fragmentId='//@requirements.3/@requirements.0/@requirements.4' key='test run status' value='false'/>
<eObjectEntry  timestamp='1361550990600' resUri='platform:/resource/ovinger/jex/ov5.jex' fragmentId='//@requirements.3/@requirements.0/@requirements.5' key='test run status' value='true'/>
<eObjectEntry  timestamp='1361550990612' resUri='platform:/resource/ovinger/jex/ov5.jex' fragmentId='//@requirements.3/@requirements.1/@requirements.3' key='test run status' value='true'/>
<eObjectEntry  timestamp='1361550990622' resUri='platform:/resource/ovinger/jex/ov5.jex' fragmentId='//@requirements.3/@requirements.1/@requirements.4' key='test run status' value='true'/>
<eObjectEntry  timestamp='1361550990634' resUri='platform:/resource/ovinger/jex/ov5.jex' fragmentId='//@requirements.3/@requirements.1/@requirements.6' key='test run status' value='true'/>
<eObjectEntry  timestamp='1361551080009' resUri='platform:/resource/ovinger/jex/ov5.jex' fragmentId='//@javaElements.0/@classes.0' key='junit test launch' value='AllTests'/>
<eObjectEntry  timestamp='1361551080683' resUri='platform:/resource/ovinger/jex/ov5.jex' fragmentId='//@requirements.0/@requirements.0/@requirements.3' key='test run status' value='true'/>
<eObjectEntry  timestamp='1361551080690' resUri='platform:/resource/ovinger/jex/ov5.jex' fragmentId='//@requirements.0/@requirements.0/@requirements.4' key='test run status' value='true'/>
<eObjectEntry  timestamp='1361551080697' resUri='platform:/resource/ovinger/jex/ov5.jex' fragmentId='//@requirements.0/@requirements.0/@requirements.7' key='test run status' value='true'/>
<eObjectEntry  timestamp='1361551080706' resUri='platform:/resource/ovinger/jex/ov5.jex' fragmentId='//@requirements.1/@requirements.0/@requirements.8' key='test run status' value='false'/>
<eObjectEntry  timestamp='1361551080721' resUri='platform:/resource/ovinger/jex/ov5.jex' fragmentId='//@requirements.1/@requirements.0/@requirements.9' key='test run status' value='false'/>
<eObjectEntry  timestamp='1361551080733' resUri='platform:/resource/ovinger/jex/ov5.jex' fragmentId='//@requirements.1/@requirements.0/@requirements.10' key='test run status' value='false'/>
<eObjectEntry  timestamp='1361551080750' resUri='platform:/resource/ovinger/jex/ov5.jex' fragmentId='//@requirements.1/@requirements.0/@requirements.11' key='test run status' value='false'/>
<eObjectEntry  timestamp='1361551080772' resUri='platform:/resource/ovinger/jex/ov5.jex' fragmentId='//@requirements.1/@requirements.0/@requirements.12' key='test run status' value='false'/>
<eObjectEntry  timestamp='1361551080786' resUri='platform:/resource/ovinger/jex/ov5.jex' fragmentId='//@requirements.2/@requirements.0/@requirements.2' key='test run status' value='false'/>
<eObjectEntry  timestamp='1361551080799' resUri='platform:/resource/ovinger/jex/ov5.jex' fragmentId='//@requirements.2/@requirements.0/@requirements.3' key='test run status' value='false'/>
<eObjectEntry  timestamp='1361551080815' resUri='platform:/resource/ovinger/jex/ov5.jex' fragmentId='//@requirements.2/@requirements.0/@requirements.5' key='test run status' value='false'/>
<eObjectEntry  timestamp='1361551080829' resUri='platform:/resource/ovinger/jex/ov5.jex' fragmentId='//@requirements.3/@requirements.0/@requirements.4' key='test run status' value='false'/>
<eObjectEntry  timestamp='1361551080842' resUri='platform:/resource/ovinger/jex/ov5.jex' fragmentId='//@requirements.3/@requirements.0/@requirements.5' key='test run status' value='true'/>
<eObjectEntry  timestamp='1361551080853' resUri='platform:/resource/ovinger/jex/ov5.jex' fragmentId='//@requirements.3/@requirements.1/@requirements.3' key='test run status' value='true'/>
<eObjectEntry  timestamp='1361551080867' resUri='platform:/resource/ovinger/jex/ov5.jex' fragmentId='//@requirements.3/@requirements.1/@requirements.4' key='test run status' value='true'/>
<eObjectEntry  timestamp='1361551080874' resUri='platform:/resource/ovinger/jex/ov5.jex' fragmentId='//@requirements.3/@requirements.1/@requirements.6' key='test run status' value='true'/>
<eObjectEntry  timestamp='1361551201299' resUri='platform:/resource/ovinger/jex/ov5.jex' fragmentId='//@javaElements.0/@classes.0' key='junit test launch' value='AllTests'/>
<eObjectEntry  timestamp='1361551202025' resUri='platform:/resource/ovinger/jex/ov5.jex' fragmentId='//@requirements.0/@requirements.0/@requirements.3' key='test run status' value='true'/>
<eObjectEntry  timestamp='1361551202031' resUri='platform:/resource/ovinger/jex/ov5.jex' fragmentId='//@requirements.0/@requirements.0/@requirements.4' key='test run status' value='true'/>
<eObjectEntry  timestamp='1361551202036' resUri='platform:/resource/ovinger/jex/ov5.jex' fragmentId='//@requirements.0/@requirements.0/@requirements.7' key='test run status' value='true'/>
<eObjectEntry  timestamp='1361551202043' resUri='platform:/resource/ovinger/jex/ov5.jex' fragmentId='//@requirements.1/@requirements.0/@requirements.8' key='test run status' value='false'/>
<eObjectEntry  timestamp='1361551202058' resUri='platform:/resource/ovinger/jex/ov5.jex' fragmentId='//@requirements.1/@requirements.0/@requirements.9' key='test run status' value='false'/>
<eObjectEntry  timestamp='1361551202066' resUri='platform:/resource/ovinger/jex/ov5.jex' fragmentId='//@requirements.1/@requirements.0/@requirements.10' key='test run status' value='false'/>
<eObjectEntry  timestamp='1361551202073' resUri='platform:/resource/ovinger/jex/ov5.jex' fragmentId='//@requirements.1/@requirements.0/@requirements.11' key='test run status' value='false'/>
<eObjectEntry  timestamp='1361551202081' resUri='platform:/resource/ovinger/jex/ov5.jex' fragmentId='//@requirements.1/@requirements.0/@requirements.12' key='test run status' value='false'/>
<eObjectEntry  timestamp='1361551202096' resUri='platform:/resource/ovinger/jex/ov5.jex' fragmentId='//@requirements.2/@requirements.0/@requirements.2' key='test run status' value='false'/>
<eObjectEntry  timestamp='1361551202114' resUri='platform:/resource/ovinger/jex/ov5.jex' fragmentId='//@requirements.2/@requirements.0/@requirements.3' key='test run status' value='false'/>
<eObjectEntry  timestamp='1361551202123' resUri='platform:/resource/ovinger/jex/ov5.jex' fragmentId='//@requirements.2/@requirements.0/@requirements.5' key='test run status' value='false'/>
<eObjectEntry  timestamp='1361551202137' resUri='platform:/resource/ovinger/jex/ov5.jex' fragmentId='//@requirements.3/@requirements.0/@requirements.4' key='test run status' value='false'/>
<eObjectEntry  timestamp='1361551202158' resUri='platform:/resource/ovinger/jex/ov5.jex' fragmentId='//@requirements.3/@requirements.0/@requirements.5' key='test run status' value='true'/>
<eObjectEntry  timestamp='1361551202170' resUri='platform:/resource/ovinger/jex/ov5.jex' fragmentId='//@requirements.3/@requirements.1/@requirements.3' key='test run status' value='true'/>
<eObjectEntry  timestamp='1361551202180' resUri='platform:/resource/ovinger/jex/ov5.jex' fragmentId='//@requirements.3/@requirements.1/@requirements.4' key='test run status' value='true'/>
<eObjectEntry  timestamp='1361551202186' resUri='platform:/resource/ovinger/jex/ov5.jex' fragmentId='//@requirements.3/@requirements.1/@requirements.6' key='test run status' value='true'/>
<eObjectEntry  timestamp='1361551550084' resUri='platform:/resource/ovinger/jex/ov5.jex' fragmentId='//@requirements.0/@requirements.0/@requirements.3' key='test run status' value='true'/>
<eObjectEntry  timestamp='1361551550092' resUri='platform:/resource/ovinger/jex/ov5.jex' fragmentId='//@requirements.0/@requirements.0/@requirements.4' key='test run status' value='true'/>
<eObjectEntry  timestamp='1361551550106' resUri='platform:/resource/ovinger/jex/ov5.jex' fragmentId='//@requirements.0/@requirements.0/@requirements.7' key='test run status' value='true'/>
<eObjectEntry  timestamp='1361551550116' resUri='platform:/resource/ovinger/jex/ov5.jex' fragmentId='//@requirements.1/@requirements.0/@requirements.8' key='test run status' value='false'/>
<eObjectEntry  timestamp='1361551550122' resUri='platform:/resource/ovinger/jex/ov5.jex' fragmentId='//@requirements.1/@requirements.0/@requirements.9' key='test run status' value='true'/>
<eObjectEntry  timestamp='1361551550130' resUri='platform:/resource/ovinger/jex/ov5.jex' fragmentId='//@requirements.1/@requirements.0/@requirements.10' key='test run status' value='false'/>
<eObjectEntry  timestamp='1361551550138' resUri='platform:/resource/ovinger/jex/ov5.jex' fragmentId='//@requirements.1/@requirements.0/@requirements.11' key='test run status' value='false'/>
<eObjectEntry  timestamp='1361551550149' resUri='platform:/resource/ovinger/jex/ov5.jex' fragmentId='//@requirements.1/@requirements.0/@requirements.12' key='test run status' value='false'/>
<eObjectEntry  timestamp='1361551550157' resUri='platform:/resource/ovinger/jex/ov5.jex' fragmentId='//@requirements.2/@requirements.0/@requirements.2' key='test run status' value='false'/>
<eObjectEntry  timestamp='1361551550165' resUri='platform:/resource/ovinger/jex/ov5.jex' fragmentId='//@requirements.2/@requirements.0/@requirements.3' key='test run status' value='false'/>
<eObjectEntry  timestamp='1361551550173' resUri='platform:/resource/ovinger/jex/ov5.jex' fragmentId='//@requirements.2/@requirements.0/@requirements.5' key='test run status' value='false'/>
<eObjectEntry  timestamp='1361551555396' resUri='platform:/resource/ovinger/jex/ov5.jex' fragmentId='//@javaElements.0/@classes.0' key='junit test launch' value='AllTests'/>
<eObjectEntry  timestamp='1361551556099' resUri='platform:/resource/ovinger/jex/ov5.jex' fragmentId='//@requirements.0/@requirements.0/@requirements.3' key='test run status' value='true'/>
<eObjectEntry  timestamp='1361551556108' resUri='platform:/resource/ovinger/jex/ov5.jex' fragmentId='//@requirements.0/@requirements.0/@requirements.4' key='test run status' value='true'/>
<eObjectEntry  timestamp='1361551556124' resUri='platform:/resource/ovinger/jex/ov5.jex' fragmentId='//@requirements.0/@requirements.0/@requirements.7' key='test run status' value='true'/>
<eObjectEntry  timestamp='1361551556142' resUri='platform:/resource/ovinger/jex/ov5.jex' fragmentId='//@requirements.1/@requirements.0/@requirements.8' key='test run status' value='false'/>
<eObjectEntry  timestamp='1361551556151' resUri='platform:/resource/ovinger/jex/ov5.jex' fragmentId='//@requirements.1/@requirements.0/@requirements.9' key='test run status' value='true'/>
<eObjectEntry  timestamp='1361551556159' resUri='platform:/resource/ovinger/jex/ov5.jex' fragmentId='//@requirements.1/@requirements.0/@requirements.10' key='test run status' value='false'/>
<eObjectEntry  timestamp='1361551556167' resUri='platform:/resource/ovinger/jex/ov5.jex' fragmentId='//@requirements.1/@requirements.0/@requirements.11' key='test run status' value='false'/>
<eObjectEntry  timestamp='1361551556184' resUri='platform:/resource/ovinger/jex/ov5.jex' fragmentId='//@requirements.1/@requirements.0/@requirements.12' key='test run status' value='false'/>
<eObjectEntry  timestamp='1361551556190' resUri='platform:/resource/ovinger/jex/ov5.jex' fragmentId='//@requirements.2/@requirements.0/@requirements.2' key='test run status' value='false'/>
<eObjectEntry  timestamp='1361551556197' resUri='platform:/resource/ovinger/jex/ov5.jex' fragmentId='//@requirements.2/@requirements.0/@requirements.3' key='test run status' value='false'/>
<eObjectEntry  timestamp='1361551556205' resUri='platform:/resource/ovinger/jex/ov5.jex' fragmentId='//@requirements.2/@requirements.0/@requirements.5' key='test run status' value='false'/>
<eObjectEntry  timestamp='1361551556212' resUri='platform:/resource/ovinger/jex/ov5.jex' fragmentId='//@requirements.3/@requirements.0/@requirements.4' key='test run status' value='false'/>
<eObjectEntry  timestamp='1361551556234' resUri='platform:/resource/ovinger/jex/ov5.jex' fragmentId='//@requirements.3/@requirements.0/@requirements.5' key='test run status' value='true'/>
<eObjectEntry  timestamp='1361551556246' resUri='platform:/resource/ovinger/jex/ov5.jex' fragmentId='//@requirements.3/@requirements.1/@requirements.3' key='test run status' value='true'/>
<eObjectEntry  timestamp='1361551556253' resUri='platform:/resource/ovinger/jex/ov5.jex' fragmentId='//@requirements.3/@requirements.1/@requirements.4' key='test run status' value='true'/>
<eObjectEntry  timestamp='1361551556260' resUri='platform:/resource/ovinger/jex/ov5.jex' fragmentId='//@requirements.3/@requirements.1/@requirements.6' key='test run status' value='true'/>
<eObjectEntry  timestamp='1361551665951' resUri='platform:/resource/ovinger/jex/ov5.jex' fragmentId='//@javaElements.0/@classes.0' key='junit test launch' value='AllTests'/>
<eObjectEntry  timestamp='1361551666774' resUri='platform:/resource/ovinger/jex/ov5.jex' fragmentId='//@requirements.0/@requirements.0/@requirements.3' key='test run status' value='true'/>
<eObjectEntry  timestamp='1361551666783' resUri='platform:/resource/ovinger/jex/ov5.jex' fragmentId='//@requirements.0/@requirements.0/@requirements.4' key='test run status' value='true'/>
<eObjectEntry  timestamp='1361551666799' resUri='platform:/resource/ovinger/jex/ov5.jex' fragmentId='//@requirements.0/@requirements.0/@requirements.7' key='test run status' value='true'/>
<eObjectEntry  timestamp='1361551666815' resUri='platform:/resource/ovinger/jex/ov5.jex' fragmentId='//@requirements.1/@requirements.0/@requirements.8' key='test run status' value='false'/>
<eObjectEntry  timestamp='1361551666823' resUri='platform:/resource/ovinger/jex/ov5.jex' fragmentId='//@requirements.1/@requirements.0/@requirements.9' key='test run status' value='true'/>
<eObjectEntry  timestamp='1361551666832' resUri='platform:/resource/ovinger/jex/ov5.jex' fragmentId='//@requirements.1/@requirements.0/@requirements.10' key='test run status' value='false'/>
<eObjectEntry  timestamp='1361551666842' resUri='platform:/resource/ovinger/jex/ov5.jex' fragmentId='//@requirements.1/@requirements.0/@requirements.11' key='test run status' value='false'/>
<eObjectEntry  timestamp='1361551666858' resUri='platform:/resource/ovinger/jex/ov5.jex' fragmentId='//@requirements.1/@requirements.0/@requirements.12' key='test run status' value='false'/>
<eObjectEntry  timestamp='1361551666878' resUri='platform:/resource/ovinger/jex/ov5.jex' fragmentId='//@requirements.2/@requirements.0/@requirements.2' key='test run status' value='false'/>
<eObjectEntry  timestamp='1361551666889' resUri='platform:/resource/ovinger/jex/ov5.jex' fragmentId='//@requirements.2/@requirements.0/@requirements.3' key='test run status' value='false'/>
<eObjectEntry  timestamp='1361551666902' resUri='platform:/resource/ovinger/jex/ov5.jex' fragmentId='//@requirements.2/@requirements.0/@requirements.5' key='test run status' value='false'/>
<eObjectEntry  timestamp='1361551666914' resUri='platform:/resource/ovinger/jex/ov5.jex' fragmentId='//@requirements.3/@requirements.0/@requirements.4' key='test run status' value='false'/>
<eObjectEntry  timestamp='1361551666927' resUri='platform:/resource/ovinger/jex/ov5.jex' fragmentId='//@requirements.3/@requirements.0/@requirements.5' key='test run status' value='true'/>
<eObjectEntry  timestamp='1361551666941' resUri='platform:/resource/ovinger/jex/ov5.jex' fragmentId='//@requirements.3/@requirements.1/@requirements.3' key='test run status' value='true'/>
<eObjectEntry  timestamp='1361551666954' resUri='platform:/resource/ovinger/jex/ov5.jex' fragmentId='//@requirements.3/@requirements.1/@requirements.4' key='test run status' value='true'/>
<eObjectEntry  timestamp='1361551666967' resUri='platform:/resource/ovinger/jex/ov5.jex' fragmentId='//@requirements.3/@requirements.1/@requirements.6' key='test run status' value='true'/>
<eObjectEntry  timestamp='1361551688636' resUri='platform:/resource/ovinger/jex/ov5.jex' fragmentId='//@requirements.0/@requirements.0/@requirements.3' key='test run status' value='true'/>
<eObjectEntry  timestamp='1361551688643' resUri='platform:/resource/ovinger/jex/ov5.jex' fragmentId='//@requirements.0/@requirements.0/@requirements.4' key='test run status' value='true'/>
<eObjectEntry  timestamp='1361551688657' resUri='platform:/resource/ovinger/jex/ov5.jex' fragmentId='//@requirements.0/@requirements.0/@requirements.7' key='test run status' value='true'/>
<eObjectEntry  timestamp='1361551688668' resUri='platform:/resource/ovinger/jex/ov5.jex' fragmentId='//@requirements.1/@requirements.0/@requirements.8' key='test run status' value='false'/>
<eObjectEntry  timestamp='1361551688674' resUri='platform:/resource/ovinger/jex/ov5.jex' fragmentId='//@requirements.1/@requirements.0/@requirements.9' key='test run status' value='true'/>
<eObjectEntry  timestamp='1361551688682' resUri='platform:/resource/ovinger/jex/ov5.jex' fragmentId='//@requirements.1/@requirements.0/@requirements.10' key='test run status' value='false'/>
<eObjectEntry  timestamp='1361551688687' resUri='platform:/resource/ovinger/jex/ov5.jex' fragmentId='//@requirements.1/@requirements.0/@requirements.11' key='test run status' value='false'/>
<eObjectEntry  timestamp='1361551688694' resUri='platform:/resource/ovinger/jex/ov5.jex' fragmentId='//@requirements.1/@requirements.0/@requirements.12' key='test run status' value='false'/>
<eObjectEntry  timestamp='1361551688708' resUri='platform:/resource/ovinger/jex/ov5.jex' fragmentId='//@requirements.2/@requirements.0/@requirements.2' key='test run status' value='false'/>
<eObjectEntry  timestamp='1361551688720' resUri='platform:/resource/ovinger/jex/ov5.jex' fragmentId='//@requirements.2/@requirements.0/@requirements.3' key='test run status' value='false'/>
<eObjectEntry  timestamp='1361551688733' resUri='platform:/resource/ovinger/jex/ov5.jex' fragmentId='//@requirements.2/@requirements.0/@requirements.5' key='test run status' value='false'/>
<eObjectEntry  timestamp='1361551692803' resUri='platform:/resource/ovinger/jex/ov5.jex' fragmentId='//@requirements.0/@requirements.0/@requirements.3' key='test run status' value='true'/>
<eObjectEntry  timestamp='1361551692811' resUri='platform:/resource/ovinger/jex/ov5.jex' fragmentId='//@requirements.0/@requirements.0/@requirements.4' key='test run status' value='true'/>
<eObjectEntry  timestamp='1361551692819' resUri='platform:/resource/ovinger/jex/ov5.jex' fragmentId='//@requirements.0/@requirements.0/@requirements.7' key='test run status' value='true'/>
<eObjectEntry  timestamp='1361551692826' resUri='platform:/resource/ovinger/jex/ov5.jex' fragmentId='//@requirements.1/@requirements.0/@requirements.8' key='test run status' value='false'/>
<eObjectEntry  timestamp='1361551692840' resUri='platform:/resource/ovinger/jex/ov5.jex' fragmentId='//@requirements.1/@requirements.0/@requirements.9' key='test run status' value='true'/>
<eObjectEntry  timestamp='1361551692854' resUri='platform:/resource/ovinger/jex/ov5.jex' fragmentId='//@requirements.1/@requirements.0/@requirements.10' key='test run status' value='false'/>
<eObjectEntry  timestamp='1361551692861' resUri='platform:/resource/ovinger/jex/ov5.jex' fragmentId='//@requirements.1/@requirements.0/@requirements.11' key='test run status' value='false'/>
<eObjectEntry  timestamp='1361551692868' resUri='platform:/resource/ovinger/jex/ov5.jex' fragmentId='//@requirements.1/@requirements.0/@requirements.12' key='test run status' value='false'/>
<eObjectEntry  timestamp='1361551692875' resUri='platform:/resource/ovinger/jex/ov5.jex' fragmentId='//@requirements.2/@requirements.0/@requirements.2' key='test run status' value='false'/>
<eObjectEntry  timestamp='1361551692887' resUri='platform:/resource/ovinger/jex/ov5.jex' fragmentId='//@requirements.2/@requirements.0/@requirements.3' key='test run status' value='false'/>
<eObjectEntry  timestamp='1361551692899' resUri='platform:/resource/ovinger/jex/ov5.jex' fragmentId='//@requirements.2/@requirements.0/@requirements.5' key='test run status' value='false'/>
<eObjectEntry  timestamp='1361551800314' resUri='platform:/resource/ovinger/jex/ov5.jex' fragmentId='//@javaElements.0/@classes.0' key='junit test launch' value='AllTests'/>
<eObjectEntry  timestamp='1361551800977' resUri='platform:/resource/ovinger/jex/ov5.jex' fragmentId='//@requirements.0/@requirements.0/@requirements.3' key='test run status' value='true'/>
<eObjectEntry  timestamp='1361551800984' resUri='platform:/resource/ovinger/jex/ov5.jex' fragmentId='//@requirements.0/@requirements.0/@requirements.4' key='test run status' value='true'/>
<eObjectEntry  timestamp='1361551800994' resUri='platform:/resource/ovinger/jex/ov5.jex' fragmentId='//@requirements.0/@requirements.0/@requirements.7' key='test run status' value='true'/>
<eObjectEntry  timestamp='1361551801001' resUri='platform:/resource/ovinger/jex/ov5.jex' fragmentId='//@requirements.1/@requirements.0/@requirements.8' key='test run status' value='false'/>
<eObjectEntry  timestamp='1361551801009' resUri='platform:/resource/ovinger/jex/ov5.jex' fragmentId='//@requirements.1/@requirements.0/@requirements.9' key='test run status' value='true'/>
<eObjectEntry  timestamp='1361551801017' resUri='platform:/resource/ovinger/jex/ov5.jex' fragmentId='//@requirements.1/@requirements.0/@requirements.10' key='test run status' value='false'/>
<eObjectEntry  timestamp='1361551801036' resUri='platform:/resource/ovinger/jex/ov5.jex' fragmentId='//@requirements.1/@requirements.0/@requirements.11' key='test run status' value='false'/>
<eObjectEntry  timestamp='1361551801046' resUri='platform:/resource/ovinger/jex/ov5.jex' fragmentId='//@requirements.1/@requirements.0/@requirements.12' key='test run status' value='false'/>
<eObjectEntry  timestamp='1361551801056' resUri='platform:/resource/ovinger/jex/ov5.jex' fragmentId='//@requirements.2/@requirements.0/@requirements.2' key='test run status' value='true'/>
<eObjectEntry  timestamp='1361551801066' resUri='platform:/resource/ovinger/jex/ov5.jex' fragmentId='//@requirements.2/@requirements.0/@requirements.3' key='test run status' value='true'/>
<eObjectEntry  timestamp='1361551801073' resUri='platform:/resource/ovinger/jex/ov5.jex' fragmentId='//@requirements.2/@requirements.0/@requirements.5' key='test run status' value='false'/>
<eObjectEntry  timestamp='1361551801082' resUri='platform:/resource/ovinger/jex/ov5.jex' fragmentId='//@requirements.3/@requirements.0/@requirements.4' key='test run status' value='false'/>
<eObjectEntry  timestamp='1361551801090' resUri='platform:/resource/ovinger/jex/ov5.jex' fragmentId='//@requirements.3/@requirements.0/@requirements.5' key='test run status' value='true'/>
<eObjectEntry  timestamp='1361551801113' resUri='platform:/resource/ovinger/jex/ov5.jex' fragmentId='//@requirements.3/@requirements.1/@requirements.3' key='test run status' value='true'/>
<eObjectEntry  timestamp='1361551801120' resUri='platform:/resource/ovinger/jex/ov5.jex' fragmentId='//@requirements.3/@requirements.1/@requirements.4' key='test run status' value='true'/>
<eObjectEntry  timestamp='1361551801127' resUri='platform:/resource/ovinger/jex/ov5.jex' fragmentId='//@requirements.3/@requirements.1/@requirements.6' key='test run status' value='true'/>
<eObjectEntry  timestamp='1361552967662' resUri='platform:/resource/ovinger/jex/ov5.jex' fragmentId='//@javaElements.0/@classes.0' key='junit test launch' value='AllTests'/>
<eObjectEntry  timestamp='1361552968420' resUri='platform:/resource/ovinger/jex/ov5.jex' fragmentId='//@requirements.0/@requirements.0/@requirements.3' key='test run status' value='true'/>
<eObjectEntry  timestamp='1361552968425' resUri='platform:/resource/ovinger/jex/ov5.jex' fragmentId='//@requirements.0/@requirements.0/@requirements.4' key='test run status' value='true'/>
<eObjectEntry  timestamp='1361552968432' resUri='platform:/resource/ovinger/jex/ov5.jex' fragmentId='//@requirements.0/@requirements.0/@requirements.7' key='test run status' value='true'/>
<eObjectEntry  timestamp='1361552968437' resUri='platform:/resource/ovinger/jex/ov5.jex' fragmentId='//@requirements.1/@requirements.0/@requirements.8' key='test run status' value='false'/>
<eObjectEntry  timestamp='1361552968454' resUri='platform:/resource/ovinger/jex/ov5.jex' fragmentId='//@requirements.1/@requirements.0/@requirements.9' key='test run status' value='true'/>
<eObjectEntry  timestamp='1361552968464' resUri='platform:/resource/ovinger/jex/ov5.jex' fragmentId='//@requirements.1/@requirements.0/@requirements.10' key='test run status' value='false'/>
<eObjectEntry  timestamp='1361552968470' resUri='platform:/resource/ovinger/jex/ov5.jex' fragmentId='//@requirements.1/@requirements.0/@requirements.11' key='test run status' value='false'/>
<eObjectEntry  timestamp='1361552968475' resUri='platform:/resource/ovinger/jex/ov5.jex' fragmentId='//@requirements.1/@requirements.0/@requirements.12' key='test run status' value='false'/>
<eObjectEntry  timestamp='1361552968480' resUri='platform:/resource/ovinger/jex/ov5.jex' fragmentId='//@requirements.2/@requirements.0/@requirements.2' key='test run status' value='true'/>
<eObjectEntry  timestamp='1361552968486' resUri='platform:/resource/ovinger/jex/ov5.jex' fragmentId='//@requirements.2/@requirements.0/@requirements.3' key='test run status' value='true'/>
<eObjectEntry  timestamp='1361552968492' resUri='platform:/resource/ovinger/jex/ov5.jex' fragmentId='//@requirements.2/@requirements.0/@requirements.5' key='test run status' value='false'/>
<eObjectEntry  timestamp='1361552968505' resUri='platform:/resource/ovinger/jex/ov5.jex' fragmentId='//@requirements.3/@requirements.0/@requirements.4' key='test run status' value='false'/>
<eObjectEntry  timestamp='1361552968520' resUri='platform:/resource/ovinger/jex/ov5.jex' fragmentId='//@requirements.3/@requirements.0/@requirements.5' key='test run status' value='true'/>
<eObjectEntry  timestamp='1361552968540' resUri='platform:/resource/ovinger/jex/ov5.jex' fragmentId='//@requirements.3/@requirements.1/@requirements.3' key='test run status' value='true'/>
<eObjectEntry  timestamp='1361552968553' resUri='platform:/resource/ovinger/jex/ov5.jex' fragmentId='//@requirements.3/@requirements.1/@requirements.4' key='test run status' value='true'/>
<eObjectEntry  timestamp='1361552968563' resUri='platform:/resource/ovinger/jex/ov5.jex' fragmentId='//@requirements.3/@requirements.1/@requirements.6' key='test run status' value='true'/>
<eObjectEntry  timestamp='1361553559855' resUri='platform:/resource/ovinger/jex/ov5.jex' fragmentId='//@requirements.0/@requirements.0/@requirements.3' key='test run status' value='true'/>
<eObjectEntry  timestamp='1361553559864' resUri='platform:/resource/ovinger/jex/ov5.jex' fragmentId='//@requirements.0/@requirements.0/@requirements.4' key='test run status' value='true'/>
<eObjectEntry  timestamp='1361553559882' resUri='platform:/resource/ovinger/jex/ov5.jex' fragmentId='//@requirements.0/@requirements.0/@requirements.7' key='test run status' value='true'/>
<eObjectEntry  timestamp='1361553559893' resUri='platform:/resource/ovinger/jex/ov5.jex' fragmentId='//@requirements.1/@requirements.0/@requirements.8' key='test run status' value='false'/>
<eObjectEntry  timestamp='1361553559900' resUri='platform:/resource/ovinger/jex/ov5.jex' fragmentId='//@requirements.1/@requirements.0/@requirements.9' key='test run status' value='true'/>
<eObjectEntry  timestamp='1361553559907' resUri='platform:/resource/ovinger/jex/ov5.jex' fragmentId='//@requirements.1/@requirements.0/@requirements.10' key='test run status' value='true'/>
<eObjectEntry  timestamp='1361553559913' resUri='platform:/resource/ovinger/jex/ov5.jex' fragmentId='//@requirements.1/@requirements.0/@requirements.11' key='test run status' value='false'/>
<eObjectEntry  timestamp='1361553559921' resUri='platform:/resource/ovinger/jex/ov5.jex' fragmentId='//@requirements.1/@requirements.0/@requirements.12' key='test run status' value='false'/>
<eObjectEntry  timestamp='1361553559933' resUri='platform:/resource/ovinger/jex/ov5.jex' fragmentId='//@requirements.2/@requirements.0/@requirements.2' key='test run status' value='true'/>
<eObjectEntry  timestamp='1361553559953' resUri='platform:/resource/ovinger/jex/ov5.jex' fragmentId='//@requirements.2/@requirements.0/@requirements.3' key='test run status' value='true'/>
<eObjectEntry  timestamp='1361553559966' resUri='platform:/resource/ovinger/jex/ov5.jex' fragmentId='//@requirements.2/@requirements.0/@requirements.5' key='test run status' value='false'/>
<eObjectEntry  timestamp='1361553577410' resUri='platform:/resource/ovinger/jex/ov5.jex' fragmentId='//@requirements.0/@requirements.0/@requirements.3' key='test run status' value='true'/>
<eObjectEntry  timestamp='1361553577417' resUri='platform:/resource/ovinger/jex/ov5.jex' fragmentId='//@requirements.0/@requirements.0/@requirements.4' key='test run status' value='true'/>
<eObjectEntry  timestamp='1361553577426' resUri='platform:/resource/ovinger/jex/ov5.jex' fragmentId='//@requirements.0/@requirements.0/@requirements.7' key='test run status' value='true'/>
<eObjectEntry  timestamp='1361553577435' resUri='platform:/resource/ovinger/jex/ov5.jex' fragmentId='//@requirements.1/@requirements.0/@requirements.8' key='test run status' value='false'/>
<eObjectEntry  timestamp='1361553577450' resUri='platform:/resource/ovinger/jex/ov5.jex' fragmentId='//@requirements.1/@requirements.0/@requirements.9' key='test run status' value='true'/>
<eObjectEntry  timestamp='1361553577464' resUri='platform:/resource/ovinger/jex/ov5.jex' fragmentId='//@requirements.1/@requirements.0/@requirements.10' key='test run status' value='true'/>
<eObjectEntry  timestamp='1361553577479' resUri='platform:/resource/ovinger/jex/ov5.jex' fragmentId='//@requirements.1/@requirements.0/@requirements.11' key='test run status' value='false'/>
<eObjectEntry  timestamp='1361553577499' resUri='platform:/resource/ovinger/jex/ov5.jex' fragmentId='//@requirements.1/@requirements.0/@requirements.12' key='test run status' value='false'/>
<eObjectEntry  timestamp='1361553577512' resUri='platform:/resource/ovinger/jex/ov5.jex' fragmentId='//@requirements.2/@requirements.0/@requirements.2' key='test run status' value='true'/>
<eObjectEntry  timestamp='1361553577525' resUri='platform:/resource/ovinger/jex/ov5.jex' fragmentId='//@requirements.2/@requirements.0/@requirements.3' key='test run status' value='true'/>
<eObjectEntry  timestamp='1361553577537' resUri='platform:/resource/ovinger/jex/ov5.jex' fragmentId='//@requirements.2/@requirements.0/@requirements.5' key='test run status' value='false'/>
<eObjectEntry  timestamp='1361553594475' resUri='platform:/resource/ovinger/jex/ov5.jex' fragmentId='//@javaElements.0/@classes.0' key='junit test launch' value='AllTests'/>
<eObjectEntry  timestamp='1361553595197' resUri='platform:/resource/ovinger/jex/ov5.jex' fragmentId='//@requirements.0/@requirements.0/@requirements.3' key='test run status' value='true'/>
<eObjectEntry  timestamp='1361553595219' resUri='platform:/resource/ovinger/jex/ov5.jex' fragmentId='//@requirements.0/@requirements.0/@requirements.4' key='test run status' value='true'/>
<eObjectEntry  timestamp='1361553595232' resUri='platform:/resource/ovinger/jex/ov5.jex' fragmentId='//@requirements.0/@requirements.0/@requirements.7' key='test run status' value='true'/>
<eObjectEntry  timestamp='1361553595249' resUri='platform:/resource/ovinger/jex/ov5.jex' fragmentId='//@requirements.1/@requirements.0/@requirements.8' key='test run status' value='false'/>
<eObjectEntry  timestamp='1361553595259' resUri='platform:/resource/ovinger/jex/ov5.jex' fragmentId='//@requirements.1/@requirements.0/@requirements.9' key='test run status' value='true'/>
<eObjectEntry  timestamp='1361553595271' resUri='platform:/resource/ovinger/jex/ov5.jex' fragmentId='//@requirements.1/@requirements.0/@requirements.10' key='test run status' value='true'/>
<eObjectEntry  timestamp='1361553595289' resUri='platform:/resource/ovinger/jex/ov5.jex' fragmentId='//@requirements.1/@requirements.0/@requirements.11' key='test run status' value='false'/>
<eObjectEntry  timestamp='1361553595300' resUri='platform:/resource/ovinger/jex/ov5.jex' fragmentId='//@requirements.1/@requirements.0/@requirements.12' key='test run status' value='false'/>
<eObjectEntry  timestamp='1361553595315' resUri='platform:/resource/ovinger/jex/ov5.jex' fragmentId='//@requirements.2/@requirements.0/@requirements.2' key='test run status' value='true'/>
<eObjectEntry  timestamp='1361553595331' resUri='platform:/resource/ovinger/jex/ov5.jex' fragmentId='//@requirements.2/@requirements.0/@requirements.3' key='test run status' value='true'/>
<eObjectEntry  timestamp='1361553595364' resUri='platform:/resource/ovinger/jex/ov5.jex' fragmentId='//@requirements.2/@requirements.0/@requirements.5' key='test run status' value='false'/>
<eObjectEntry  timestamp='1361553595372' resUri='platform:/resource/ovinger/jex/ov5.jex' fragmentId='//@requirements.3/@requirements.0/@requirements.4' key='test run status' value='false'/>
<eObjectEntry  timestamp='1361553595392' resUri='platform:/resource/ovinger/jex/ov5.jex' fragmentId='//@requirements.3/@requirements.0/@requirements.5' key='test run status' value='true'/>
<eObjectEntry  timestamp='1361553595404' resUri='platform:/resource/ovinger/jex/ov5.jex' fragmentId='//@requirements.3/@requirements.1/@requirements.3' key='test run status' value='true'/>
<eObjectEntry  timestamp='1361553595422' resUri='platform:/resource/ovinger/jex/ov5.jex' fragmentId='//@requirements.3/@requirements.1/@requirements.4' key='test run status' value='true'/>
<eObjectEntry  timestamp='1361553595439' resUri='platform:/resource/ovinger/jex/ov5.jex' fragmentId='//@requirements.3/@requirements.1/@requirements.6' key='test run status' value='true'/>
<eObjectEntry  timestamp='1361553737110' resUri='platform:/resource/ovinger/jex/ov5.jex' fragmentId='//@javaElements.0/@classes.0' key='junit test launch' value='AllTests'/>
<eObjectEntry  timestamp='1361553737868' resUri='platform:/resource/ovinger/jex/ov5.jex' fragmentId='//@requirements.0/@requirements.0/@requirements.3' key='test run status' value='true'/>
<eObjectEntry  timestamp='1361553737875' resUri='platform:/resource/ovinger/jex/ov5.jex' fragmentId='//@requirements.0/@requirements.0/@requirements.4' key='test run status' value='true'/>
<eObjectEntry  timestamp='1361553737893' resUri='platform:/resource/ovinger/jex/ov5.jex' fragmentId='//@requirements.0/@requirements.0/@requirements.7' key='test run status' value='true'/>
<eObjectEntry  timestamp='1361553737905' resUri='platform:/resource/ovinger/jex/ov5.jex' fragmentId='//@requirements.1/@requirements.0/@requirements.8' key='test run status' value='false'/>
<eObjectEntry  timestamp='1361553737912' resUri='platform:/resource/ovinger/jex/ov5.jex' fragmentId='//@requirements.1/@requirements.0/@requirements.9' key='test run status' value='false'/>
<eObjectEntry  timestamp='1361553737920' resUri='platform:/resource/ovinger/jex/ov5.jex' fragmentId='//@requirements.1/@requirements.0/@requirements.10' key='test run status' value='true'/>
<eObjectEntry  timestamp='1361553737927' resUri='platform:/resource/ovinger/jex/ov5.jex' fragmentId='//@requirements.1/@requirements.0/@requirements.11' key='test run status' value='false'/>
<eObjectEntry  timestamp='1361553737938' resUri='platform:/resource/ovinger/jex/ov5.jex' fragmentId='//@requirements.1/@requirements.0/@requirements.12' key='test run status' value='false'/>
<eObjectEntry  timestamp='1361553737949' resUri='platform:/resource/ovinger/jex/ov5.jex' fragmentId='//@requirements.2/@requirements.0/@requirements.2' key='test run status' value='true'/>
<eObjectEntry  timestamp='1361553737962' resUri='platform:/resource/ovinger/jex/ov5.jex' fragmentId='//@requirements.2/@requirements.0/@requirements.3' key='test run status' value='true'/>
<eObjectEntry  timestamp='1361553737975' resUri='platform:/resource/ovinger/jex/ov5.jex' fragmentId='//@requirements.2/@requirements.0/@requirements.5' key='test run status' value='false'/>
<eObjectEntry  timestamp='1361553737988' resUri='platform:/resource/ovinger/jex/ov5.jex' fragmentId='//@requirements.3/@requirements.0/@requirements.4' key='test run status' value='false'/>
<eObjectEntry  timestamp='1361553737999' resUri='platform:/resource/ovinger/jex/ov5.jex' fragmentId='//@requirements.3/@requirements.0/@requirements.5' key='test run status' value='true'/>
<eObjectEntry  timestamp='1361553738013' resUri='platform:/resource/ovinger/jex/ov5.jex' fragmentId='//@requirements.3/@requirements.1/@requirements.3' key='test run status' value='true'/>
<eObjectEntry  timestamp='1361553738020' resUri='platform:/resource/ovinger/jex/ov5.jex' fragmentId='//@requirements.3/@requirements.1/@requirements.4' key='test run status' value='true'/>
<eObjectEntry  timestamp='1361553738027' resUri='platform:/resource/ovinger/jex/ov5.jex' fragmentId='//@requirements.3/@requirements.1/@requirements.6' key='test run status' value='true'/>
<eObjectEntry  timestamp='1361553751561' resUri='platform:/resource/ovinger/jex/ov5.jex' fragmentId='//@javaElements.0/@classes.0' key='junit test launch' value='AllTests'/>
<eObjectEntry  timestamp='1361553752238' resUri='platform:/resource/ovinger/jex/ov5.jex' fragmentId='//@requirements.0/@requirements.0/@requirements.3' key='test run status' value='true'/>
<eObjectEntry  timestamp='1361553752245' resUri='platform:/resource/ovinger/jex/ov5.jex' fragmentId='//@requirements.0/@requirements.0/@requirements.4' key='test run status' value='true'/>
<eObjectEntry  timestamp='1361553752251' resUri='platform:/resource/ovinger/jex/ov5.jex' fragmentId='//@requirements.0/@requirements.0/@requirements.7' key='test run status' value='true'/>
<eObjectEntry  timestamp='1361553752256' resUri='platform:/resource/ovinger/jex/ov5.jex' fragmentId='//@requirements.1/@requirements.0/@requirements.8' key='test run status' value='false'/>
<eObjectEntry  timestamp='1361553752264' resUri='platform:/resource/ovinger/jex/ov5.jex' fragmentId='//@requirements.1/@requirements.0/@requirements.9' key='test run status' value='false'/>
<eObjectEntry  timestamp='1361553752285' resUri='platform:/resource/ovinger/jex/ov5.jex' fragmentId='//@requirements.1/@requirements.0/@requirements.10' key='test run status' value='true'/>
<eObjectEntry  timestamp='1361553752299' resUri='platform:/resource/ovinger/jex/ov5.jex' fragmentId='//@requirements.1/@requirements.0/@requirements.11' key='test run status' value='false'/>
<eObjectEntry  timestamp='1361553752305' resUri='platform:/resource/ovinger/jex/ov5.jex' fragmentId='//@requirements.1/@requirements.0/@requirements.12' key='test run status' value='false'/>
<eObjectEntry  timestamp='1361553752313' resUri='platform:/resource/ovinger/jex/ov5.jex' fragmentId='//@requirements.2/@requirements.0/@requirements.2' key='test run status' value='true'/>
<eObjectEntry  timestamp='1361553752320' resUri='platform:/resource/ovinger/jex/ov5.jex' fragmentId='//@requirements.2/@requirements.0/@requirements.3' key='test run status' value='true'/>
<eObjectEntry  timestamp='1361553752326' resUri='platform:/resource/ovinger/jex/ov5.jex' fragmentId='//@requirements.2/@requirements.0/@requirements.5' key='test run status' value='false'/>
<eObjectEntry  timestamp='1361553752333' resUri='platform:/resource/ovinger/jex/ov5.jex' fragmentId='//@requirements.3/@requirements.0/@requirements.4' key='test run status' value='false'/>
<eObjectEntry  timestamp='1361553752338' resUri='platform:/resource/ovinger/jex/ov5.jex' fragmentId='//@requirements.3/@requirements.0/@requirements.5' key='test run status' value='true'/>
<eObjectEntry  timestamp='1361553752345' resUri='platform:/resource/ovinger/jex/ov5.jex' fragmentId='//@requirements.3/@requirements.1/@requirements.3' key='test run status' value='true'/>
<eObjectEntry  timestamp='1361553752350' resUri='platform:/resource/ovinger/jex/ov5.jex' fragmentId='//@requirements.3/@requirements.1/@requirements.4' key='test run status' value='true'/>
<eObjectEntry  timestamp='1361553752360' resUri='platform:/resource/ovinger/jex/ov5.jex' fragmentId='//@requirements.3/@requirements.1/@requirements.6' key='test run status' value='true'/>
<eObjectEntry  timestamp='1361553842692' resUri='platform:/resource/ovinger/jex/ov5.jex' fragmentId='//@javaElements.0/@classes.0' key='junit test launch' value='AllTests'/>
<eObjectEntry  timestamp='1361553843492' resUri='platform:/resource/ovinger/jex/ov5.jex' fragmentId='//@requirements.0/@requirements.0/@requirements.3' key='test run status' value='true'/>
<eObjectEntry  timestamp='1361553843507' resUri='platform:/resource/ovinger/jex/ov5.jex' fragmentId='//@requirements.0/@requirements.0/@requirements.4' key='test run status' value='true'/>
<eObjectEntry  timestamp='1361553843519' resUri='platform:/resource/ovinger/jex/ov5.jex' fragmentId='//@requirements.0/@requirements.0/@requirements.7' key='test run status' value='true'/>
<eObjectEntry  timestamp='1361553843525' resUri='platform:/resource/ovinger/jex/ov5.jex' fragmentId='//@requirements.1/@requirements.0/@requirements.8' key='test run status' value='false'/>
<eObjectEntry  timestamp='1361553843532' resUri='platform:/resource/ovinger/jex/ov5.jex' fragmentId='//@requirements.1/@requirements.0/@requirements.9' key='test run status' value='true'/>
<eObjectEntry  timestamp='1361553843540' resUri='platform:/resource/ovinger/jex/ov5.jex' fragmentId='//@requirements.1/@requirements.0/@requirements.10' key='test run status' value='true'/>
<eObjectEntry  timestamp='1361553843548' resUri='platform:/resource/ovinger/jex/ov5.jex' fragmentId='//@requirements.1/@requirements.0/@requirements.11' key='test run status' value='true'/>
<eObjectEntry  timestamp='1361553843555' resUri='platform:/resource/ovinger/jex/ov5.jex' fragmentId='//@requirements.1/@requirements.0/@requirements.12' key='test run status' value='false'/>
<eObjectEntry  timestamp='1361553843563' resUri='platform:/resource/ovinger/jex/ov5.jex' fragmentId='//@requirements.2/@requirements.0/@requirements.2' key='test run status' value='true'/>
<eObjectEntry  timestamp='1361553843568' resUri='platform:/resource/ovinger/jex/ov5.jex' fragmentId='//@requirements.2/@requirements.0/@requirements.3' key='test run status' value='true'/>
<eObjectEntry  timestamp='1361553843576' resUri='platform:/resource/ovinger/jex/ov5.jex' fragmentId='//@requirements.2/@requirements.0/@requirements.5' key='test run status' value='false'/>
<eObjectEntry  timestamp='1361553843582' resUri='platform:/resource/ovinger/jex/ov5.jex' fragmentId='//@requirements.3/@requirements.0/@requirements.4' key='test run status' value='false'/>
<eObjectEntry  timestamp='1361553843589' resUri='platform:/resource/ovinger/jex/ov5.jex' fragmentId='//@requirements.3/@requirements.0/@requirements.5' key='test run status' value='true'/>
<eObjectEntry  timestamp='1361553843603' resUri='platform:/resource/ovinger/jex/ov5.jex' fragmentId='//@requirements.3/@requirements.1/@requirements.3' key='test run status' value='true'/>
<eObjectEntry  timestamp='1361553843615' resUri='platform:/resource/ovinger/jex/ov5.jex' fragmentId='//@requirements.3/@requirements.1/@requirements.4' key='test run status' value='true'/>
<eObjectEntry  timestamp='1361553843627' resUri='platform:/resource/ovinger/jex/ov5.jex' fragmentId='//@requirements.3/@requirements.1/@requirements.6' key='test run status' value='true'/>
<eObjectEntry  timestamp='1361556945495' resUri='platform:/resource/ovinger/jex/ov5.jex' fragmentId='//@javaElements.0/@classes.0' key='junit test launch' value='AllTests'/>
<eObjectEntry  timestamp='1361556946257' resUri='platform:/resource/ovinger/jex/ov5.jex' fragmentId='//@requirements.0/@requirements.0/@requirements.3' key='test run status' value='true'/>
<eObjectEntry  timestamp='1361556946275' resUri='platform:/resource/ovinger/jex/ov5.jex' fragmentId='//@requirements.0/@requirements.0/@requirements.4' key='test run status' value='true'/>
<eObjectEntry  timestamp='1361556946280' resUri='platform:/resource/ovinger/jex/ov5.jex' fragmentId='//@requirements.0/@requirements.0/@requirements.7' key='test run status' value='true'/>
<eObjectEntry  timestamp='1361556946287' resUri='platform:/resource/ovinger/jex/ov5.jex' fragmentId='//@requirements.1/@requirements.0/@requirements.8' key='test run status' value='true'/>
<eObjectEntry  timestamp='1361556946292' resUri='platform:/resource/ovinger/jex/ov5.jex' fragmentId='//@requirements.1/@requirements.0/@requirements.9' key='test run status' value='true'/>
<eObjectEntry  timestamp='1361556946298' resUri='platform:/resource/ovinger/jex/ov5.jex' fragmentId='//@requirements.1/@requirements.0/@requirements.10' key='test run status' value='true'/>
<eObjectEntry  timestamp='1361556946311' resUri='platform:/resource/ovinger/jex/ov5.jex' fragmentId='//@requirements.1/@requirements.0/@requirements.11' key='test run status' value='true'/>
<eObjectEntry  timestamp='1361556946320' resUri='platform:/resource/ovinger/jex/ov5.jex' fragmentId='//@requirements.1/@requirements.0/@requirements.12' key='test run status' value='true'/>
<eObjectEntry  timestamp='1361556946336' resUri='platform:/resource/ovinger/jex/ov5.jex' fragmentId='//@requirements.2/@requirements.0/@requirements.2' key='test run status' value='true'/>
<eObjectEntry  timestamp='1361556946346' resUri='platform:/resource/ovinger/jex/ov5.jex' fragmentId='//@requirements.2/@requirements.0/@requirements.3' key='test run status' value='true'/>
<eObjectEntry  timestamp='1361556946357' resUri='platform:/resource/ovinger/jex/ov5.jex' fragmentId='//@requirements.2/@requirements.0/@requirements.5' key='test run status' value='false'/>
<eObjectEntry  timestamp='1361556946367' resUri='platform:/resource/ovinger/jex/ov5.jex' fragmentId='//@requirements.3/@requirements.0/@requirements.4' key='test run status' value='false'/>
<eObjectEntry  timestamp='1361556946377' resUri='platform:/resource/ovinger/jex/ov5.jex' fragmentId='//@requirements.3/@requirements.0/@requirements.5' key='test run status' value='true'/>
<eObjectEntry  timestamp='1361556946387' resUri='platform:/resource/ovinger/jex/ov5.jex' fragmentId='//@requirements.3/@requirements.1/@requirements.3' key='test run status' value='true'/>
<eObjectEntry  timestamp='1361556946406' resUri='platform:/resource/ovinger/jex/ov5.jex' fragmentId='//@requirements.3/@requirements.1/@requirements.4' key='test run status' value='true'/>
<eObjectEntry  timestamp='1361556946416' resUri='platform:/resource/ovinger/jex/ov5.jex' fragmentId='//@requirements.3/@requirements.1/@requirements.6' key='test run status' value='true'/>
<eObjectEntry  timestamp='1361558334298' resUri='platform:/resource/ovinger/jex/ov5.jex' fragmentId='//@javaElements.0/@classes.0' key='junit test launch' value='AllTests'/>
<eObjectEntry  timestamp='1361558335013' resUri='platform:/resource/ovinger/jex/ov5.jex' fragmentId='//@requirements.0/@requirements.0/@requirements.3' key='test run status' value='true'/>
<eObjectEntry  timestamp='1361558335021' resUri='platform:/resource/ovinger/jex/ov5.jex' fragmentId='//@requirements.0/@requirements.0/@requirements.4' key='test run status' value='true'/>
<eObjectEntry  timestamp='1361558335028' resUri='platform:/resource/ovinger/jex/ov5.jex' fragmentId='//@requirements.0/@requirements.0/@requirements.7' key='test run status' value='true'/>
<eObjectEntry  timestamp='1361558335051' resUri='platform:/resource/ovinger/jex/ov5.jex' fragmentId='//@requirements.1/@requirements.0/@requirements.8' key='test run status' value='true'/>
<eObjectEntry  timestamp='1361558335064' resUri='platform:/resource/ovinger/jex/ov5.jex' fragmentId='//@requirements.1/@requirements.0/@requirements.9' key='test run status' value='true'/>
<eObjectEntry  timestamp='1361558335071' resUri='platform:/resource/ovinger/jex/ov5.jex' fragmentId='//@requirements.1/@requirements.0/@requirements.10' key='test run status' value='true'/>
<eObjectEntry  timestamp='1361558335076' resUri='platform:/resource/ovinger/jex/ov5.jex' fragmentId='//@requirements.1/@requirements.0/@requirements.11' key='test run status' value='true'/>
<eObjectEntry  timestamp='1361558335083' resUri='platform:/resource/ovinger/jex/ov5.jex' fragmentId='//@requirements.1/@requirements.0/@requirements.12' key='test run status' value='true'/>
<eObjectEntry  timestamp='1361558335091' resUri='platform:/resource/ovinger/jex/ov5.jex' fragmentId='//@requirements.2/@requirements.0/@requirements.2' key='test run status' value='true'/>
<eObjectEntry  timestamp='1361558335103' resUri='platform:/resource/ovinger/jex/ov5.jex' fragmentId='//@requirements.2/@requirements.0/@requirements.3' key='test run status' value='true'/>
<eObjectEntry  timestamp='1361558335116' resUri='platform:/resource/ovinger/jex/ov5.jex' fragmentId='//@requirements.2/@requirements.0/@requirements.5' key='test run status' value='false'/>
<eObjectEntry  timestamp='1361558335127' resUri='platform:/resource/ovinger/jex/ov5.jex' fragmentId='//@requirements.3/@requirements.0/@requirements.4' key='test run status' value='false'/>
<eObjectEntry  timestamp='1361558335139' resUri='platform:/resource/ovinger/jex/ov5.jex' fragmentId='//@requirements.3/@requirements.0/@requirements.5' key='test run status' value='true'/>
<eObjectEntry  timestamp='1361558335150' resUri='platform:/resource/ovinger/jex/ov5.jex' fragmentId='//@requirements.3/@requirements.1/@requirements.3' key='test run status' value='true'/>
<eObjectEntry  timestamp='1361558335160' resUri='platform:/resource/ovinger/jex/ov5.jex' fragmentId='//@requirements.3/@requirements.1/@requirements.4' key='test run status' value='true'/>
<eObjectEntry  timestamp='1361558335167' resUri='platform:/resource/ovinger/jex/ov5.jex' fragmentId='//@requirements.3/@requirements.1/@requirements.6' key='test run status' value='true'/>
<eObjectEntry  timestamp='1361558721052' resUri='platform:/resource/ovinger/jex/ov5.jex' fragmentId='//@javaElements.0/@classes.0' key='junit test launch' value='AllTests'/>
<eObjectEntry  timestamp='1361558721772' resUri='platform:/resource/ovinger/jex/ov5.jex' fragmentId='//@requirements.0/@requirements.0/@requirements.3' key='test run status' value='true'/>
<eObjectEntry  timestamp='1361558721780' resUri='platform:/resource/ovinger/jex/ov5.jex' fragmentId='//@requirements.0/@requirements.0/@requirements.4' key='test run status' value='true'/>
<eObjectEntry  timestamp='1361558721787' resUri='platform:/resource/ovinger/jex/ov5.jex' fragmentId='//@requirements.0/@requirements.0/@requirements.7' key='test run status' value='true'/>
<eObjectEntry  timestamp='1361558721802' resUri='platform:/resource/ovinger/jex/ov5.jex' fragmentId='//@requirements.1/@requirements.0/@requirements.8' key='test run status' value='true'/>
<eObjectEntry  timestamp='1361558721823' resUri='platform:/resource/ovinger/jex/ov5.jex' fragmentId='//@requirements.1/@requirements.0/@requirements.9' key='test run status' value='true'/>
<eObjectEntry  timestamp='1361558721828' resUri='platform:/resource/ovinger/jex/ov5.jex' fragmentId='//@requirements.1/@requirements.0/@requirements.10' key='test run status' value='true'/>
<eObjectEntry  timestamp='1361558721833' resUri='platform:/resource/ovinger/jex/ov5.jex' fragmentId='//@requirements.1/@requirements.0/@requirements.11' key='test run status' value='true'/>
<eObjectEntry  timestamp='1361558721839' resUri='platform:/resource/ovinger/jex/ov5.jex' fragmentId='//@requirements.1/@requirements.0/@requirements.12' key='test run status' value='true'/>
<eObjectEntry  timestamp='1361558721845' resUri='platform:/resource/ovinger/jex/ov5.jex' fragmentId='//@requirements.2/@requirements.0/@requirements.2' key='test run status' value='true'/>
<eObjectEntry  timestamp='1361558721858' resUri='platform:/resource/ovinger/jex/ov5.jex' fragmentId='//@requirements.2/@requirements.0/@requirements.3' key='test run status' value='true'/>
<eObjectEntry  timestamp='1361558721870' resUri='platform:/resource/ovinger/jex/ov5.jex' fragmentId='//@requirements.2/@requirements.0/@requirements.5' key='test run status' value='false'/>
<eObjectEntry  timestamp='1361558721878' resUri='platform:/resource/ovinger/jex/ov5.jex' fragmentId='//@requirements.3/@requirements.0/@requirements.4' key='test run status' value='false'/>
<eObjectEntry  timestamp='1361558721886' resUri='platform:/resource/ovinger/jex/ov5.jex' fragmentId='//@requirements.3/@requirements.0/@requirements.5' key='test run status' value='true'/>
<eObjectEntry  timestamp='1361558721892' resUri='platform:/resource/ovinger/jex/ov5.jex' fragmentId='//@requirements.3/@requirements.1/@requirements.3' key='test run status' value='true'/>
<eObjectEntry  timestamp='1361558721903' resUri='platform:/resource/ovinger/jex/ov5.jex' fragmentId='//@requirements.3/@requirements.1/@requirements.4' key='test run status' value='true'/>
<eObjectEntry  timestamp='1361558721916' resUri='platform:/resource/ovinger/jex/ov5.jex' fragmentId='//@requirements.3/@requirements.1/@requirements.6' key='test run status' value='true'/>
<eObjectEntry  timestamp='1361558741913' resUri='platform:/resource/ovinger/jex/ov5.jex' fragmentId='//@javaElements.0/@classes.0' key='junit test launch' value='AllTests'/>
<eObjectEntry  timestamp='1361558742561' resUri='platform:/resource/ovinger/jex/ov5.jex' fragmentId='//@requirements.0/@requirements.0/@requirements.3' key='test run status' value='true'/>
<eObjectEntry  timestamp='1361558742569' resUri='platform:/resource/ovinger/jex/ov5.jex' fragmentId='//@requirements.0/@requirements.0/@requirements.4' key='test run status' value='true'/>
<eObjectEntry  timestamp='1361558742575' resUri='platform:/resource/ovinger/jex/ov5.jex' fragmentId='//@requirements.0/@requirements.0/@requirements.7' key='test run status' value='true'/>
<eObjectEntry  timestamp='1361558742582' resUri='platform:/resource/ovinger/jex/ov5.jex' fragmentId='//@requirements.1/@requirements.0/@requirements.8' key='test run status' value='true'/>
<eObjectEntry  timestamp='1361558742601' resUri='platform:/resource/ovinger/jex/ov5.jex' fragmentId='//@requirements.1/@requirements.0/@requirements.9' key='test run status' value='true'/>
<eObjectEntry  timestamp='1361558742613' resUri='platform:/resource/ovinger/jex/ov5.jex' fragmentId='//@requirements.1/@requirements.0/@requirements.10' key='test run status' value='true'/>
<eObjectEntry  timestamp='1361558742622' resUri='platform:/resource/ovinger/jex/ov5.jex' fragmentId='//@requirements.1/@requirements.0/@requirements.11' key='test run status' value='true'/>
<eObjectEntry  timestamp='1361558742629' resUri='platform:/resource/ovinger/jex/ov5.jex' fragmentId='//@requirements.1/@requirements.0/@requirements.12' key='test run status' value='true'/>
<eObjectEntry  timestamp='1361558742637' resUri='platform:/resource/ovinger/jex/ov5.jex' fragmentId='//@requirements.2/@requirements.0/@requirements.2' key='test run status' value='true'/>
<eObjectEntry  timestamp='1361558742646' resUri='platform:/resource/ovinger/jex/ov5.jex' fragmentId='//@requirements.2/@requirements.0/@requirements.3' key='test run status' value='true'/>
<eObjectEntry  timestamp='1361558742652' resUri='platform:/resource/ovinger/jex/ov5.jex' fragmentId='//@requirements.2/@requirements.0/@requirements.5' key='test run status' value='false'/>
<eObjectEntry  timestamp='1361558742660' resUri='platform:/resource/ovinger/jex/ov5.jex' fragmentId='//@requirements.3/@requirements.0/@requirements.4' key='test run status' value='false'/>
<eObjectEntry  timestamp='1361558742667' resUri='platform:/resource/ovinger/jex/ov5.jex' fragmentId='//@requirements.3/@requirements.0/@requirements.5' key='test run status' value='true'/>
<eObjectEntry  timestamp='1361558742674' resUri='platform:/resource/ovinger/jex/ov5.jex' fragmentId='//@requirements.3/@requirements.1/@requirements.3' key='test run status' value='true'/>
<eObjectEntry  timestamp='1361558742684' resUri='platform:/resource/ovinger/jex/ov5.jex' fragmentId='//@requirements.3/@requirements.1/@requirements.4' key='test run status' value='true'/>
<eObjectEntry  timestamp='1361558742696' resUri='platform:/resource/ovinger/jex/ov5.jex' fragmentId='//@requirements.3/@requirements.1/@requirements.6' key='test run status' value='true'/>
<eObjectEntry  timestamp='1361558935800' resUri='platform:/resource/ovinger/jex/ov5.jex' fragmentId='//@javaElements.0/@classes.0' key='junit test launch' value='AllTests'/>
<eObjectEntry  timestamp='1361558936571' resUri='platform:/resource/ovinger/jex/ov5.jex' fragmentId='//@requirements.0/@requirements.0/@requirements.3' key='test run status' value='true'/>
<eObjectEntry  timestamp='1361558936585' resUri='platform:/resource/ovinger/jex/ov5.jex' fragmentId='//@requirements.0/@requirements.0/@requirements.4' key='test run status' value='true'/>
<eObjectEntry  timestamp='1361558936590' resUri='platform:/resource/ovinger/jex/ov5.jex' fragmentId='//@requirements.0/@requirements.0/@requirements.7' key='test run status' value='true'/>
<eObjectEntry  timestamp='1361558936596' resUri='platform:/resource/ovinger/jex/ov5.jex' fragmentId='//@requirements.1/@requirements.0/@requirements.8' key='test run status' value='true'/>
<eObjectEntry  timestamp='1361558936601' resUri='platform:/resource/ovinger/jex/ov5.jex' fragmentId='//@requirements.1/@requirements.0/@requirements.9' key='test run status' value='true'/>
<eObjectEntry  timestamp='1361558936607' resUri='platform:/resource/ovinger/jex/ov5.jex' fragmentId='//@requirements.1/@requirements.0/@requirements.10' key='test run status' value='true'/>
<eObjectEntry  timestamp='1361558936620' resUri='platform:/resource/ovinger/jex/ov5.jex' fragmentId='//@requirements.1/@requirements.0/@requirements.11' key='test run status' value='true'/>
<eObjectEntry  timestamp='1361558936632' resUri='platform:/resource/ovinger/jex/ov5.jex' fragmentId='//@requirements.1/@requirements.0/@requirements.12' key='test run status' value='true'/>
<eObjectEntry  timestamp='1361558936649' resUri='platform:/resource/ovinger/jex/ov5.jex' fragmentId='//@requirements.2/@requirements.0/@requirements.2' key='test run status' value='true'/>
<eObjectEntry  timestamp='1361558936662' resUri='platform:/resource/ovinger/jex/ov5.jex' fragmentId='//@requirements.2/@requirements.0/@requirements.3' key='test run status' value='true'/>
<eObjectEntry  timestamp='1361558936672' resUri='platform:/resource/ovinger/jex/ov5.jex' fragmentId='//@requirements.2/@requirements.0/@requirements.5' key='test run status' value='true'/>
<eObjectEntry  timestamp='1361558936682' resUri='platform:/resource/ovinger/jex/ov5.jex' fragmentId='//@requirements.3/@requirements.0/@requirements.4' key='test run status' value='false'/>
<eObjectEntry  timestamp='1361558936694' resUri='platform:/resource/ovinger/jex/ov5.jex' fragmentId='//@requirements.3/@requirements.0/@requirements.5' key='test run status' value='true'/>
<eObjectEntry  timestamp='1361558936703' resUri='platform:/resource/ovinger/jex/ov5.jex' fragmentId='//@requirements.3/@requirements.1/@requirements.3' key='test run status' value='true'/>
<eObjectEntry  timestamp='1361558936713' resUri='platform:/resource/ovinger/jex/ov5.jex' fragmentId='//@requirements.3/@requirements.1/@requirements.4' key='test run status' value='true'/>
<eObjectEntry  timestamp='1361558936725' resUri='platform:/resource/ovinger/jex/ov5.jex' fragmentId='//@requirements.3/@requirements.1/@requirements.6' key='test run status' value='true'/>
<eObjectEntry  timestamp='1361559093434' resUri='platform:/resource/ovinger/jex/ov5.jex' fragmentId='//@javaElements.0/@classes.0' key='junit test launch' value='AllTests'/>
<eObjectEntry  timestamp='1361559094243' resUri='platform:/resource/ovinger/jex/ov5.jex' fragmentId='//@requirements.0/@requirements.0/@requirements.3' key='test run status' value='true'/>
<eObjectEntry  timestamp='1361559094254' resUri='platform:/resource/ovinger/jex/ov5.jex' fragmentId='//@requirements.0/@requirements.0/@requirements.4' key='test run status' value='true'/>
<eObjectEntry  timestamp='1361559094270' resUri='platform:/resource/ovinger/jex/ov5.jex' fragmentId='//@requirements.0/@requirements.0/@requirements.7' key='test run status' value='true'/>
<eObjectEntry  timestamp='1361559094283' resUri='platform:/resource/ovinger/jex/ov5.jex' fragmentId='//@requirements.1/@requirements.0/@requirements.8' key='test run status' value='true'/>
<eObjectEntry  timestamp='1361559094296' resUri='platform:/resource/ovinger/jex/ov5.jex' fragmentId='//@requirements.1/@requirements.0/@requirements.9' key='test run status' value='true'/>
<eObjectEntry  timestamp='1361559094303' resUri='platform:/resource/ovinger/jex/ov5.jex' fragmentId='//@requirements.1/@requirements.0/@requirements.10' key='test run status' value='true'/>
<eObjectEntry  timestamp='1361559094309' resUri='platform:/resource/ovinger/jex/ov5.jex' fragmentId='//@requirements.1/@requirements.0/@requirements.11' key='test run status' value='true'/>
<eObjectEntry  timestamp='1361559094317' resUri='platform:/resource/ovinger/jex/ov5.jex' fragmentId='//@requirements.1/@requirements.0/@requirements.12' key='test run status' value='true'/>
<eObjectEntry  timestamp='1361559094330' resUri='platform:/resource/ovinger/jex/ov5.jex' fragmentId='//@requirements.2/@requirements.0/@requirements.2' key='test run status' value='true'/>
<eObjectEntry  timestamp='1361559094341' resUri='platform:/resource/ovinger/jex/ov5.jex' fragmentId='//@requirements.2/@requirements.0/@requirements.3' key='test run status' value='true'/>
<eObjectEntry  timestamp='1361559094362' resUri='platform:/resource/ovinger/jex/ov5.jex' fragmentId='//@requirements.2/@requirements.0/@requirements.5' key='test run status' value='true'/>
<eObjectEntry  timestamp='1361559094376' resUri='platform:/resource/ovinger/jex/ov5.jex' fragmentId='//@requirements.3/@requirements.0/@requirements.4' key='test run status' value='true'/>
<eObjectEntry  timestamp='1361559094387' resUri='platform:/resource/ovinger/jex/ov5.jex' fragmentId='//@requirements.3/@requirements.0/@requirements.5' key='test run status' value='true'/>
<eObjectEntry  timestamp='1361559094399' resUri='platform:/resource/ovinger/jex/ov5.jex' fragmentId='//@requirements.3/@requirements.1/@requirements.3' key='test run status' value='true'/>
<eObjectEntry  timestamp='1361559094405' resUri='platform:/resource/ovinger/jex/ov5.jex' fragmentId='//@requirements.3/@requirements.1/@requirements.4' key='test run status' value='true'/>
<eObjectEntry  timestamp='1361559094410' resUri='platform:/resource/ovinger/jex/ov5.jex' fragmentId='//@requirements.3/@requirements.1/@requirements.6' key='test run status' value='true'/>
