<eObjectEntry  timestamp='1362929613603' resUri='platform:/resource/ovinger/jex/ov6.jex' fragmentId='//@requirements.0/@requirements.1' key='test run status' value='false'/>
<eObjectEntry  timestamp='1362929613617' resUri='platform:/resource/ovinger/jex/ov6.jex' fragmentId='//@requirements.0/@requirements.1/@requirements.0' key='test run status' value='true'/>
<eObjectEntry  timestamp='1362929613620' resUri='platform:/resource/ovinger/jex/ov6.jex' fragmentId='//@requirements.0/@requirements.1/@requirements.1' key='test run status' value='true'/>
<eObjectEntry  timestamp='1362929613625' resUri='platform:/resource/ovinger/jex/ov6.jex' fragmentId='//@requirements.0/@requirements.1/@requirements.2' key='test run status' value='true'/>
<eObjectEntry  timestamp='1362929613629' resUri='platform:/resource/ovinger/jex/ov6.jex' fragmentId='//@requirements.0/@requirements.1/@requirements.3' key='test run status' value='false'/>
<eObjectEntry  timestamp='1362929613632' resUri='platform:/resource/ovinger/jex/ov6.jex' fragmentId='//@requirements.1/@requirements.2' key='test run status' value='false'/>
<eObjectEntry  timestamp='1362929613637' resUri='platform:/resource/ovinger/jex/ov6.jex' fragmentId='//@requirements.1/@requirements.2/@requirements.0' key='test run status' value='false'/>
<eObjectEntry  timestamp='1362929613641' resUri='platform:/resource/ovinger/jex/ov6.jex' fragmentId='//@requirements.1/@requirements.2/@requirements.1' key='test run status' value='false'/>
<eObjectEntry  timestamp='1362929613645' resUri='platform:/resource/ovinger/jex/ov6.jex' fragmentId='//@requirements.1/@requirements.2/@requirements.2' key='test run status' value='false'/>
<eObjectEntry  timestamp='1362929613648' resUri='platform:/resource/ovinger/jex/ov6.jex' fragmentId='//@requirements.1/@requirements.2/@requirements.3' key='test run status' value='false'/>
<eObjectEntry  timestamp='1362929613653' resUri='platform:/resource/ovinger/jex/ov6.jex' fragmentId='//@requirements.1/@requirements.2/@requirements.4' key='test run status' value='false'/>
<eObjectEntry  timestamp='1362929613657' resUri='platform:/resource/ovinger/jex/ov6.jex' fragmentId='//@requirements.1/@requirements.4' key='test run status' value='false'/>
<eObjectEntry  timestamp='1362929613661' resUri='platform:/resource/ovinger/jex/ov6.jex' fragmentId='//@requirements.1/@requirements.4/@requirements.0' key='test run status' value='false'/>
<eObjectEntry  timestamp='1362929613665' resUri='platform:/resource/ovinger/jex/ov6.jex' fragmentId='//@requirements.1/@requirements.4/@requirements.1' key='test run status' value='false'/>
<eObjectEntry  timestamp='1362929613670' resUri='platform:/resource/ovinger/jex/ov6.jex' fragmentId='//@requirements.1/@requirements.4/@requirements.2' key='test run status' value='false'/>
<eObjectEntry  timestamp='1362929613673' resUri='platform:/resource/ovinger/jex/ov6.jex' fragmentId='//@requirements.1/@requirements.4/@requirements.3' key='test run status' value='false'/>
<eObjectEntry  timestamp='1362929613681' resUri='platform:/resource/ovinger/jex/ov6.jex' fragmentId='//@requirements.1/@requirements.4/@requirements.4' key='test run status' value='false'/>
<eObjectEntry  timestamp='1362929613706' resUri='platform:/resource/ovinger/jex/ov6.jex' fragmentId='//@requirements.1/@requirements.4/@requirements.5' key='test run status' value='false'/>
<eObjectEntry  timestamp='1362929613712' resUri='platform:/resource/ovinger/jex/ov6.jex' fragmentId='//@requirements.1/@requirements.6' key='test run status' value='false'/>
<eObjectEntry  timestamp='1362929613723' resUri='platform:/resource/ovinger/jex/ov6.jex' fragmentId='//@requirements.1/@requirements.6/@requirements.0' key='test run status' value='false'/>
<eObjectEntry  timestamp='1362929613730' resUri='platform:/resource/ovinger/jex/ov6.jex' fragmentId='//@requirements.1/@requirements.6/@requirements.1' key='test run status' value='false'/>
<eObjectEntry  timestamp='1362929613734' resUri='platform:/resource/ovinger/jex/ov6.jex' fragmentId='//@requirements.1/@requirements.6/@requirements.2' key='test run status' value='false'/>
<eObjectEntry  timestamp='1362929613740' resUri='platform:/resource/ovinger/jex/ov6.jex' fragmentId='//@requirements.1/@requirements.6/@requirements.3' key='test run status' value='false'/>
<eObjectEntry  timestamp='1362929654300' resUri='platform:/resource/ovinger/jex/ov6.jex' fragmentId='//@requirements.0/@requirements.1' key='test run status' value='true'/>
<eObjectEntry  timestamp='1362929654414' resUri='platform:/resource/ovinger/jex/ov6.jex' fragmentId='//@requirements.0/@requirements.1/@requirements.0' key='test run status' value='true'/>
<eObjectEntry  timestamp='1362929654438' resUri='platform:/resource/ovinger/jex/ov6.jex' fragmentId='//@requirements.0/@requirements.1/@requirements.1' key='test run status' value='true'/>
<eObjectEntry  timestamp='1362929654456' resUri='platform:/resource/ovinger/jex/ov6.jex' fragmentId='//@requirements.0/@requirements.1/@requirements.2' key='test run status' value='true'/>
<eObjectEntry  timestamp='1362929654485' resUri='platform:/resource/ovinger/jex/ov6.jex' fragmentId='//@requirements.0/@requirements.1/@requirements.3' key='test run status' value='true'/>
<eObjectEntry  timestamp='1362929654562' resUri='platform:/resource/ovinger/jex/ov6.jex' fragmentId='//@requirements.1/@requirements.2' key='test run status' value='false'/>
<eObjectEntry  timestamp='1362929654611' resUri='platform:/resource/ovinger/jex/ov6.jex' fragmentId='//@requirements.1/@requirements.2/@requirements.0' key='test run status' value='false'/>
<eObjectEntry  timestamp='1362929654626' resUri='platform:/resource/ovinger/jex/ov6.jex' fragmentId='//@requirements.1/@requirements.2/@requirements.1' key='test run status' value='false'/>
<eObjectEntry  timestamp='1362929654658' resUri='platform:/resource/ovinger/jex/ov6.jex' fragmentId='//@requirements.1/@requirements.2/@requirements.2' key='test run status' value='false'/>
<eObjectEntry  timestamp='1362929654676' resUri='platform:/resource/ovinger/jex/ov6.jex' fragmentId='//@requirements.1/@requirements.2/@requirements.3' key='test run status' value='false'/>
<eObjectEntry  timestamp='1362929654709' resUri='platform:/resource/ovinger/jex/ov6.jex' fragmentId='//@requirements.1/@requirements.2/@requirements.4' key='test run status' value='false'/>
<eObjectEntry  timestamp='1362929654752' resUri='platform:/resource/ovinger/jex/ov6.jex' fragmentId='//@requirements.1/@requirements.4' key='test run status' value='false'/>
<eObjectEntry  timestamp='1362929654776' resUri='platform:/resource/ovinger/jex/ov6.jex' fragmentId='//@requirements.1/@requirements.4/@requirements.0' key='test run status' value='false'/>
<eObjectEntry  timestamp='1362929654844' resUri='platform:/resource/ovinger/jex/ov6.jex' fragmentId='//@requirements.1/@requirements.4/@requirements.1' key='test run status' value='false'/>
<eObjectEntry  timestamp='1362929654933' resUri='platform:/resource/ovinger/jex/ov6.jex' fragmentId='//@requirements.1/@requirements.4/@requirements.2' key='test run status' value='false'/>
<eObjectEntry  timestamp='1362929655018' resUri='platform:/resource/ovinger/jex/ov6.jex' fragmentId='//@requirements.1/@requirements.4/@requirements.3' key='test run status' value='false'/>
<eObjectEntry  timestamp='1362929655092' resUri='platform:/resource/ovinger/jex/ov6.jex' fragmentId='//@requirements.1/@requirements.4/@requirements.4' key='test run status' value='false'/>
<eObjectEntry  timestamp='1362929655110' resUri='platform:/resource/ovinger/jex/ov6.jex' fragmentId='//@requirements.1/@requirements.4/@requirements.5' key='test run status' value='false'/>
<eObjectEntry  timestamp='1362929655130' resUri='platform:/resource/ovinger/jex/ov6.jex' fragmentId='//@requirements.1/@requirements.6' key='test run status' value='false'/>
<eObjectEntry  timestamp='1362929655193' resUri='platform:/resource/ovinger/jex/ov6.jex' fragmentId='//@requirements.1/@requirements.6/@requirements.0' key='test run status' value='false'/>
<eObjectEntry  timestamp='1362929655213' resUri='platform:/resource/ovinger/jex/ov6.jex' fragmentId='//@requirements.1/@requirements.6/@requirements.1' key='test run status' value='false'/>
<eObjectEntry  timestamp='1362929655229' resUri='platform:/resource/ovinger/jex/ov6.jex' fragmentId='//@requirements.1/@requirements.6/@requirements.2' key='test run status' value='false'/>
<eObjectEntry  timestamp='1362929655248' resUri='platform:/resource/ovinger/jex/ov6.jex' fragmentId='//@requirements.1/@requirements.6/@requirements.3' key='test run status' value='false'/>
<eObjectEntry  timestamp='1362930636414' resUri='platform:/resource/ovinger/jex/ov6.jex' fragmentId='//@requirements.0/@requirements.1' key='test run status' value='true'/>
<eObjectEntry  timestamp='1362930636420' resUri='platform:/resource/ovinger/jex/ov6.jex' fragmentId='//@requirements.0/@requirements.1/@requirements.0' key='test run status' value='true'/>
<eObjectEntry  timestamp='1362930636426' resUri='platform:/resource/ovinger/jex/ov6.jex' fragmentId='//@requirements.0/@requirements.1/@requirements.1' key='test run status' value='true'/>
<eObjectEntry  timestamp='1362930636434' resUri='platform:/resource/ovinger/jex/ov6.jex' fragmentId='//@requirements.0/@requirements.1/@requirements.2' key='test run status' value='true'/>
<eObjectEntry  timestamp='1362930636439' resUri='platform:/resource/ovinger/jex/ov6.jex' fragmentId='//@requirements.0/@requirements.1/@requirements.3' key='test run status' value='true'/>
<eObjectEntry  timestamp='1362930636446' resUri='platform:/resource/ovinger/jex/ov6.jex' fragmentId='//@requirements.1/@requirements.2' key='test run status' value='false'/>
<eObjectEntry  timestamp='1362930636452' resUri='platform:/resource/ovinger/jex/ov6.jex' fragmentId='//@requirements.1/@requirements.2/@requirements.0' key='test run status' value='true'/>
<eObjectEntry  timestamp='1362930636457' resUri='platform:/resource/ovinger/jex/ov6.jex' fragmentId='//@requirements.1/@requirements.2/@requirements.1' key='test run status' value='true'/>
<eObjectEntry  timestamp='1362930636463' resUri='platform:/resource/ovinger/jex/ov6.jex' fragmentId='//@requirements.1/@requirements.2/@requirements.2' key='test run status' value='true'/>
<eObjectEntry  timestamp='1362930636470' resUri='platform:/resource/ovinger/jex/ov6.jex' fragmentId='//@requirements.1/@requirements.2/@requirements.3' key='test run status' value='false'/>
<eObjectEntry  timestamp='1362930636475' resUri='platform:/resource/ovinger/jex/ov6.jex' fragmentId='//@requirements.1/@requirements.2/@requirements.4' key='test run status' value='true'/>
<eObjectEntry  timestamp='1362930636480' resUri='platform:/resource/ovinger/jex/ov6.jex' fragmentId='//@requirements.1/@requirements.4' key='test run status' value='false'/>
<eObjectEntry  timestamp='1362930636488' resUri='platform:/resource/ovinger/jex/ov6.jex' fragmentId='//@requirements.1/@requirements.4/@requirements.0' key='test run status' value='false'/>
<eObjectEntry  timestamp='1362930636497' resUri='platform:/resource/ovinger/jex/ov6.jex' fragmentId='//@requirements.1/@requirements.4/@requirements.1' key='test run status' value='false'/>
<eObjectEntry  timestamp='1362930636504' resUri='platform:/resource/ovinger/jex/ov6.jex' fragmentId='//@requirements.1/@requirements.4/@requirements.2' key='test run status' value='false'/>
<eObjectEntry  timestamp='1362930636516' resUri='platform:/resource/ovinger/jex/ov6.jex' fragmentId='//@requirements.1/@requirements.4/@requirements.3' key='test run status' value='false'/>
<eObjectEntry  timestamp='1362930636522' resUri='platform:/resource/ovinger/jex/ov6.jex' fragmentId='//@requirements.1/@requirements.4/@requirements.4' key='test run status' value='false'/>
<eObjectEntry  timestamp='1362930636542' resUri='platform:/resource/ovinger/jex/ov6.jex' fragmentId='//@requirements.1/@requirements.4/@requirements.5' key='test run status' value='false'/>
<eObjectEntry  timestamp='1362930636562' resUri='platform:/resource/ovinger/jex/ov6.jex' fragmentId='//@requirements.1/@requirements.6' key='test run status' value='false'/>
<eObjectEntry  timestamp='1362930636568' resUri='platform:/resource/ovinger/jex/ov6.jex' fragmentId='//@requirements.1/@requirements.6/@requirements.0' key='test run status' value='false'/>
<eObjectEntry  timestamp='1362930636573' resUri='platform:/resource/ovinger/jex/ov6.jex' fragmentId='//@requirements.1/@requirements.6/@requirements.1' key='test run status' value='false'/>
<eObjectEntry  timestamp='1362930636578' resUri='platform:/resource/ovinger/jex/ov6.jex' fragmentId='//@requirements.1/@requirements.6/@requirements.2' key='test run status' value='false'/>
<eObjectEntry  timestamp='1362930636583' resUri='platform:/resource/ovinger/jex/ov6.jex' fragmentId='//@requirements.1/@requirements.6/@requirements.3' key='test run status' value='false'/>
<eObjectEntry  timestamp='1362930701449' resUri='platform:/resource/ovinger/jex/ov6.jex' fragmentId='//@requirements.0/@requirements.1' key='test run status' value='true'/>
<eObjectEntry  timestamp='1362930701455' resUri='platform:/resource/ovinger/jex/ov6.jex' fragmentId='//@requirements.0/@requirements.1/@requirements.0' key='test run status' value='true'/>
<eObjectEntry  timestamp='1362930701459' resUri='platform:/resource/ovinger/jex/ov6.jex' fragmentId='//@requirements.0/@requirements.1/@requirements.1' key='test run status' value='true'/>
<eObjectEntry  timestamp='1362930701465' resUri='platform:/resource/ovinger/jex/ov6.jex' fragmentId='//@requirements.0/@requirements.1/@requirements.2' key='test run status' value='true'/>
<eObjectEntry  timestamp='1362930701482' resUri='platform:/resource/ovinger/jex/ov6.jex' fragmentId='//@requirements.0/@requirements.1/@requirements.3' key='test run status' value='true'/>
<eObjectEntry  timestamp='1362930701489' resUri='platform:/resource/ovinger/jex/ov6.jex' fragmentId='//@requirements.1/@requirements.2' key='test run status' value='true'/>
<eObjectEntry  timestamp='1362930701508' resUri='platform:/resource/ovinger/jex/ov6.jex' fragmentId='//@requirements.1/@requirements.2/@requirements.0' key='test run status' value='true'/>
<eObjectEntry  timestamp='1362930701514' resUri='platform:/resource/ovinger/jex/ov6.jex' fragmentId='//@requirements.1/@requirements.2/@requirements.1' key='test run status' value='true'/>
<eObjectEntry  timestamp='1362930701537' resUri='platform:/resource/ovinger/jex/ov6.jex' fragmentId='//@requirements.1/@requirements.2/@requirements.2' key='test run status' value='true'/>
<eObjectEntry  timestamp='1362930701542' resUri='platform:/resource/ovinger/jex/ov6.jex' fragmentId='//@requirements.1/@requirements.2/@requirements.3' key='test run status' value='true'/>
<eObjectEntry  timestamp='1362930701546' resUri='platform:/resource/ovinger/jex/ov6.jex' fragmentId='//@requirements.1/@requirements.2/@requirements.4' key='test run status' value='true'/>
<eObjectEntry  timestamp='1362930701550' resUri='platform:/resource/ovinger/jex/ov6.jex' fragmentId='//@requirements.1/@requirements.4' key='test run status' value='false'/>
<eObjectEntry  timestamp='1362930701556' resUri='platform:/resource/ovinger/jex/ov6.jex' fragmentId='//@requirements.1/@requirements.4/@requirements.0' key='test run status' value='false'/>
<eObjectEntry  timestamp='1362930701561' resUri='platform:/resource/ovinger/jex/ov6.jex' fragmentId='//@requirements.1/@requirements.4/@requirements.1' key='test run status' value='false'/>
<eObjectEntry  timestamp='1362930701567' resUri='platform:/resource/ovinger/jex/ov6.jex' fragmentId='//@requirements.1/@requirements.4/@requirements.2' key='test run status' value='false'/>
<eObjectEntry  timestamp='1362930701585' resUri='platform:/resource/ovinger/jex/ov6.jex' fragmentId='//@requirements.1/@requirements.4/@requirements.3' key='test run status' value='false'/>
<eObjectEntry  timestamp='1362930701596' resUri='platform:/resource/ovinger/jex/ov6.jex' fragmentId='//@requirements.1/@requirements.4/@requirements.4' key='test run status' value='false'/>
<eObjectEntry  timestamp='1362930701603' resUri='platform:/resource/ovinger/jex/ov6.jex' fragmentId='//@requirements.1/@requirements.4/@requirements.5' key='test run status' value='false'/>
<eObjectEntry  timestamp='1362930701609' resUri='platform:/resource/ovinger/jex/ov6.jex' fragmentId='//@requirements.1/@requirements.6' key='test run status' value='false'/>
<eObjectEntry  timestamp='1362930701614' resUri='platform:/resource/ovinger/jex/ov6.jex' fragmentId='//@requirements.1/@requirements.6/@requirements.0' key='test run status' value='false'/>
<eObjectEntry  timestamp='1362930701621' resUri='platform:/resource/ovinger/jex/ov6.jex' fragmentId='//@requirements.1/@requirements.6/@requirements.1' key='test run status' value='false'/>
<eObjectEntry  timestamp='1362930701627' resUri='platform:/resource/ovinger/jex/ov6.jex' fragmentId='//@requirements.1/@requirements.6/@requirements.2' key='test run status' value='false'/>
<eObjectEntry  timestamp='1362930701632' resUri='platform:/resource/ovinger/jex/ov6.jex' fragmentId='//@requirements.1/@requirements.6/@requirements.3' key='test run status' value='false'/>
<eObjectEntry  timestamp='1362931258979' resUri='platform:/resource/ovinger/jex/ov6.jex' fragmentId='//@requirements.0/@requirements.1' key='test run status' value='true'/>
<eObjectEntry  timestamp='1362931259044' resUri='platform:/resource/ovinger/jex/ov6.jex' fragmentId='//@requirements.0/@requirements.1/@requirements.0' key='test run status' value='true'/>
<eObjectEntry  timestamp='1362931259118' resUri='platform:/resource/ovinger/jex/ov6.jex' fragmentId='//@requirements.0/@requirements.1/@requirements.1' key='test run status' value='true'/>
<eObjectEntry  timestamp='1362931259140' resUri='platform:/resource/ovinger/jex/ov6.jex' fragmentId='//@requirements.0/@requirements.1/@requirements.2' key='test run status' value='true'/>
<eObjectEntry  timestamp='1362931259159' resUri='platform:/resource/ovinger/jex/ov6.jex' fragmentId='//@requirements.0/@requirements.1/@requirements.3' key='test run status' value='true'/>
<eObjectEntry  timestamp='1362931259178' resUri='platform:/resource/ovinger/jex/ov6.jex' fragmentId='//@requirements.1/@requirements.2' key='test run status' value='true'/>
<eObjectEntry  timestamp='1362931259198' resUri='platform:/resource/ovinger/jex/ov6.jex' fragmentId='//@requirements.1/@requirements.2/@requirements.0' key='test run status' value='true'/>
<eObjectEntry  timestamp='1362931259218' resUri='platform:/resource/ovinger/jex/ov6.jex' fragmentId='//@requirements.1/@requirements.2/@requirements.1' key='test run status' value='true'/>
<eObjectEntry  timestamp='1362931259292' resUri='platform:/resource/ovinger/jex/ov6.jex' fragmentId='//@requirements.1/@requirements.2/@requirements.2' key='test run status' value='true'/>
<eObjectEntry  timestamp='1362931259312' resUri='platform:/resource/ovinger/jex/ov6.jex' fragmentId='//@requirements.1/@requirements.2/@requirements.3' key='test run status' value='true'/>
<eObjectEntry  timestamp='1362931259329' resUri='platform:/resource/ovinger/jex/ov6.jex' fragmentId='//@requirements.1/@requirements.2/@requirements.4' key='test run status' value='true'/>
<eObjectEntry  timestamp='1362931259344' resUri='platform:/resource/ovinger/jex/ov6.jex' fragmentId='//@requirements.1/@requirements.4' key='test run status' value='false'/>
<eObjectEntry  timestamp='1362931259361' resUri='platform:/resource/ovinger/jex/ov6.jex' fragmentId='//@requirements.1/@requirements.4/@requirements.0' key='test run status' value='true'/>
<eObjectEntry  timestamp='1362931259380' resUri='platform:/resource/ovinger/jex/ov6.jex' fragmentId='//@requirements.1/@requirements.4/@requirements.1' key='test run status' value='false'/>
<eObjectEntry  timestamp='1362931259397' resUri='platform:/resource/ovinger/jex/ov6.jex' fragmentId='//@requirements.1/@requirements.4/@requirements.2' key='test run status' value='true'/>
<eObjectEntry  timestamp='1362931259413' resUri='platform:/resource/ovinger/jex/ov6.jex' fragmentId='//@requirements.1/@requirements.4/@requirements.3' key='test run status' value='false'/>
<eObjectEntry  timestamp='1362931259441' resUri='platform:/resource/ovinger/jex/ov6.jex' fragmentId='//@requirements.1/@requirements.4/@requirements.4' key='test run status' value='true'/>
<eObjectEntry  timestamp='1362931259456' resUri='platform:/resource/ovinger/jex/ov6.jex' fragmentId='//@requirements.1/@requirements.4/@requirements.5' key='test run status' value='false'/>
<eObjectEntry  timestamp='1362931259475' resUri='platform:/resource/ovinger/jex/ov6.jex' fragmentId='//@requirements.1/@requirements.6' key='test run status' value='false'/>
<eObjectEntry  timestamp='1362931259498' resUri='platform:/resource/ovinger/jex/ov6.jex' fragmentId='//@requirements.1/@requirements.6/@requirements.0' key='test run status' value='false'/>
<eObjectEntry  timestamp='1362931259518' resUri='platform:/resource/ovinger/jex/ov6.jex' fragmentId='//@requirements.1/@requirements.6/@requirements.1' key='test run status' value='false'/>
<eObjectEntry  timestamp='1362931259536' resUri='platform:/resource/ovinger/jex/ov6.jex' fragmentId='//@requirements.1/@requirements.6/@requirements.2' key='test run status' value='false'/>
<eObjectEntry  timestamp='1362931259562' resUri='platform:/resource/ovinger/jex/ov6.jex' fragmentId='//@requirements.1/@requirements.6/@requirements.3' key='test run status' value='false'/>
<eObjectEntry  timestamp='1362931405265' resUri='platform:/resource/ovinger/jex/ov6.jex' fragmentId='//@requirements.0/@requirements.1' key='test run status' value='true'/>
<eObjectEntry  timestamp='1362931405302' resUri='platform:/resource/ovinger/jex/ov6.jex' fragmentId='//@requirements.0/@requirements.1/@requirements.0' key='test run status' value='true'/>
<eObjectEntry  timestamp='1362931405325' resUri='platform:/resource/ovinger/jex/ov6.jex' fragmentId='//@requirements.0/@requirements.1/@requirements.1' key='test run status' value='true'/>
<eObjectEntry  timestamp='1362931405344' resUri='platform:/resource/ovinger/jex/ov6.jex' fragmentId='//@requirements.0/@requirements.1/@requirements.2' key='test run status' value='true'/>
<eObjectEntry  timestamp='1362931405364' resUri='platform:/resource/ovinger/jex/ov6.jex' fragmentId='//@requirements.0/@requirements.1/@requirements.3' key='test run status' value='true'/>
<eObjectEntry  timestamp='1362931405386' resUri='platform:/resource/ovinger/jex/ov6.jex' fragmentId='//@requirements.1/@requirements.2' key='test run status' value='true'/>
<eObjectEntry  timestamp='1362931405408' resUri='platform:/resource/ovinger/jex/ov6.jex' fragmentId='//@requirements.1/@requirements.2/@requirements.0' key='test run status' value='true'/>
<eObjectEntry  timestamp='1362931405428' resUri='platform:/resource/ovinger/jex/ov6.jex' fragmentId='//@requirements.1/@requirements.2/@requirements.1' key='test run status' value='true'/>
<eObjectEntry  timestamp='1362931405553' resUri='platform:/resource/ovinger/jex/ov6.jex' fragmentId='//@requirements.1/@requirements.2/@requirements.2' key='test run status' value='true'/>
<eObjectEntry  timestamp='1362931405572' resUri='platform:/resource/ovinger/jex/ov6.jex' fragmentId='//@requirements.1/@requirements.2/@requirements.3' key='test run status' value='true'/>
<eObjectEntry  timestamp='1362931405592' resUri='platform:/resource/ovinger/jex/ov6.jex' fragmentId='//@requirements.1/@requirements.2/@requirements.4' key='test run status' value='true'/>
<eObjectEntry  timestamp='1362931405622' resUri='platform:/resource/ovinger/jex/ov6.jex' fragmentId='//@requirements.1/@requirements.4' key='test run status' value='false'/>
<eObjectEntry  timestamp='1362931405650' resUri='platform:/resource/ovinger/jex/ov6.jex' fragmentId='//@requirements.1/@requirements.4/@requirements.0' key='test run status' value='true'/>
<eObjectEntry  timestamp='1362931405668' resUri='platform:/resource/ovinger/jex/ov6.jex' fragmentId='//@requirements.1/@requirements.4/@requirements.1' key='test run status' value='false'/>
<eObjectEntry  timestamp='1362931405688' resUri='platform:/resource/ovinger/jex/ov6.jex' fragmentId='//@requirements.1/@requirements.4/@requirements.2' key='test run status' value='true'/>
<eObjectEntry  timestamp='1362931405708' resUri='platform:/resource/ovinger/jex/ov6.jex' fragmentId='//@requirements.1/@requirements.4/@requirements.3' key='test run status' value='false'/>
<eObjectEntry  timestamp='1362931405728' resUri='platform:/resource/ovinger/jex/ov6.jex' fragmentId='//@requirements.1/@requirements.4/@requirements.4' key='test run status' value='true'/>
<eObjectEntry  timestamp='1362931405749' resUri='platform:/resource/ovinger/jex/ov6.jex' fragmentId='//@requirements.1/@requirements.4/@requirements.5' key='test run status' value='false'/>
<eObjectEntry  timestamp='1362931405769' resUri='platform:/resource/ovinger/jex/ov6.jex' fragmentId='//@requirements.1/@requirements.6' key='test run status' value='false'/>
<eObjectEntry  timestamp='1362931405789' resUri='platform:/resource/ovinger/jex/ov6.jex' fragmentId='//@requirements.1/@requirements.6/@requirements.0' key='test run status' value='false'/>
<eObjectEntry  timestamp='1362931405824' resUri='platform:/resource/ovinger/jex/ov6.jex' fragmentId='//@requirements.1/@requirements.6/@requirements.1' key='test run status' value='false'/>
<eObjectEntry  timestamp='1362931405882' resUri='platform:/resource/ovinger/jex/ov6.jex' fragmentId='//@requirements.1/@requirements.6/@requirements.2' key='test run status' value='false'/>
<eObjectEntry  timestamp='1362931405961' resUri='platform:/resource/ovinger/jex/ov6.jex' fragmentId='//@requirements.1/@requirements.6/@requirements.3' key='test run status' value='false'/>
<eObjectEntry  timestamp='1362931448614' resUri='platform:/resource/ovinger/jex/ov6.jex' fragmentId='//@requirements.1/@requirements.4' key='test run status' value='false'/>
<eObjectEntry  timestamp='1362931448681' resUri='platform:/resource/ovinger/jex/ov6.jex' fragmentId='//@requirements.1/@requirements.4/@requirements.0' key='test run status' value='true'/>
<eObjectEntry  timestamp='1362931448754' resUri='platform:/resource/ovinger/jex/ov6.jex' fragmentId='//@requirements.1/@requirements.4/@requirements.1' key='test run status' value='false'/>
<eObjectEntry  timestamp='1362931448775' resUri='platform:/resource/ovinger/jex/ov6.jex' fragmentId='//@requirements.1/@requirements.4/@requirements.2' key='test run status' value='true'/>
<eObjectEntry  timestamp='1362931448816' resUri='platform:/resource/ovinger/jex/ov6.jex' fragmentId='//@requirements.1/@requirements.4/@requirements.3' key='test run status' value='false'/>
<eObjectEntry  timestamp='1362931448834' resUri='platform:/resource/ovinger/jex/ov6.jex' fragmentId='//@requirements.1/@requirements.4/@requirements.4' key='test run status' value='true'/>
<eObjectEntry  timestamp='1362931448853' resUri='platform:/resource/ovinger/jex/ov6.jex' fragmentId='//@requirements.1/@requirements.4/@requirements.5' key='test run status' value='false'/>
<eObjectEntry  timestamp='1362931547041' resUri='platform:/resource/ovinger/jex/ov6.jex' fragmentId='//@requirements.0/@requirements.1' key='test run status' value='true'/>
<eObjectEntry  timestamp='1362931547059' resUri='platform:/resource/ovinger/jex/ov6.jex' fragmentId='//@requirements.0/@requirements.1/@requirements.0' key='test run status' value='true'/>
<eObjectEntry  timestamp='1362931547092' resUri='platform:/resource/ovinger/jex/ov6.jex' fragmentId='//@requirements.0/@requirements.1/@requirements.1' key='test run status' value='true'/>
<eObjectEntry  timestamp='1362931547110' resUri='platform:/resource/ovinger/jex/ov6.jex' fragmentId='//@requirements.0/@requirements.1/@requirements.2' key='test run status' value='true'/>
<eObjectEntry  timestamp='1362931547170' resUri='platform:/resource/ovinger/jex/ov6.jex' fragmentId='//@requirements.0/@requirements.1/@requirements.3' key='test run status' value='true'/>
<eObjectEntry  timestamp='1362931547187' resUri='platform:/resource/ovinger/jex/ov6.jex' fragmentId='//@requirements.1/@requirements.2' key='test run status' value='true'/>
<eObjectEntry  timestamp='1362931547203' resUri='platform:/resource/ovinger/jex/ov6.jex' fragmentId='//@requirements.1/@requirements.2/@requirements.0' key='test run status' value='true'/>
<eObjectEntry  timestamp='1362931547221' resUri='platform:/resource/ovinger/jex/ov6.jex' fragmentId='//@requirements.1/@requirements.2/@requirements.1' key='test run status' value='true'/>
<eObjectEntry  timestamp='1362931547237' resUri='platform:/resource/ovinger/jex/ov6.jex' fragmentId='//@requirements.1/@requirements.2/@requirements.2' key='test run status' value='true'/>
<eObjectEntry  timestamp='1362931547257' resUri='platform:/resource/ovinger/jex/ov6.jex' fragmentId='//@requirements.1/@requirements.2/@requirements.3' key='test run status' value='true'/>
<eObjectEntry  timestamp='1362931547278' resUri='platform:/resource/ovinger/jex/ov6.jex' fragmentId='//@requirements.1/@requirements.2/@requirements.4' key='test run status' value='true'/>
<eObjectEntry  timestamp='1362931547294' resUri='platform:/resource/ovinger/jex/ov6.jex' fragmentId='//@requirements.1/@requirements.4' key='test run status' value='false'/>
<eObjectEntry  timestamp='1362931547308' resUri='platform:/resource/ovinger/jex/ov6.jex' fragmentId='//@requirements.1/@requirements.4/@requirements.0' key='test run status' value='true'/>
<eObjectEntry  timestamp='1362931547324' resUri='platform:/resource/ovinger/jex/ov6.jex' fragmentId='//@requirements.1/@requirements.4/@requirements.1' key='test run status' value='false'/>
<eObjectEntry  timestamp='1362931547341' resUri='platform:/resource/ovinger/jex/ov6.jex' fragmentId='//@requirements.1/@requirements.4/@requirements.2' key='test run status' value='true'/>
<eObjectEntry  timestamp='1362931547358' resUri='platform:/resource/ovinger/jex/ov6.jex' fragmentId='//@requirements.1/@requirements.4/@requirements.3' key='test run status' value='false'/>
<eObjectEntry  timestamp='1362931547377' resUri='platform:/resource/ovinger/jex/ov6.jex' fragmentId='//@requirements.1/@requirements.4/@requirements.4' key='test run status' value='true'/>
<eObjectEntry  timestamp='1362931547468' resUri='platform:/resource/ovinger/jex/ov6.jex' fragmentId='//@requirements.1/@requirements.4/@requirements.5' key='test run status' value='false'/>
<eObjectEntry  timestamp='1362931547521' resUri='platform:/resource/ovinger/jex/ov6.jex' fragmentId='//@requirements.1/@requirements.6' key='test run status' value='false'/>
<eObjectEntry  timestamp='1362931547571' resUri='platform:/resource/ovinger/jex/ov6.jex' fragmentId='//@requirements.1/@requirements.6/@requirements.0' key='test run status' value='false'/>
<eObjectEntry  timestamp='1362931547628' resUri='platform:/resource/ovinger/jex/ov6.jex' fragmentId='//@requirements.1/@requirements.6/@requirements.1' key='test run status' value='false'/>
<eObjectEntry  timestamp='1362931547661' resUri='platform:/resource/ovinger/jex/ov6.jex' fragmentId='//@requirements.1/@requirements.6/@requirements.2' key='test run status' value='false'/>
<eObjectEntry  timestamp='1362931547684' resUri='platform:/resource/ovinger/jex/ov6.jex' fragmentId='//@requirements.1/@requirements.6/@requirements.3' key='test run status' value='false'/>
<eObjectEntry  timestamp='1362931614487' resUri='platform:/resource/ovinger/jex/ov6.jex' fragmentId='//@requirements.0/@requirements.1' key='test run status' value='true'/>
<eObjectEntry  timestamp='1362931614512' resUri='platform:/resource/ovinger/jex/ov6.jex' fragmentId='//@requirements.0/@requirements.1/@requirements.0' key='test run status' value='true'/>
<eObjectEntry  timestamp='1362931614532' resUri='platform:/resource/ovinger/jex/ov6.jex' fragmentId='//@requirements.0/@requirements.1/@requirements.1' key='test run status' value='true'/>
<eObjectEntry  timestamp='1362931614561' resUri='platform:/resource/ovinger/jex/ov6.jex' fragmentId='//@requirements.0/@requirements.1/@requirements.2' key='test run status' value='true'/>
<eObjectEntry  timestamp='1362931614604' resUri='platform:/resource/ovinger/jex/ov6.jex' fragmentId='//@requirements.0/@requirements.1/@requirements.3' key='test run status' value='true'/>
<eObjectEntry  timestamp='1362931614634' resUri='platform:/resource/ovinger/jex/ov6.jex' fragmentId='//@requirements.1/@requirements.2' key='test run status' value='true'/>
<eObjectEntry  timestamp='1362931614681' resUri='platform:/resource/ovinger/jex/ov6.jex' fragmentId='//@requirements.1/@requirements.2/@requirements.0' key='test run status' value='true'/>
<eObjectEntry  timestamp='1362931614704' resUri='platform:/resource/ovinger/jex/ov6.jex' fragmentId='//@requirements.1/@requirements.2/@requirements.1' key='test run status' value='true'/>
<eObjectEntry  timestamp='1362931614819' resUri='platform:/resource/ovinger/jex/ov6.jex' fragmentId='//@requirements.1/@requirements.2/@requirements.2' key='test run status' value='true'/>
<eObjectEntry  timestamp='1362931614848' resUri='platform:/resource/ovinger/jex/ov6.jex' fragmentId='//@requirements.1/@requirements.2/@requirements.3' key='test run status' value='true'/>
<eObjectEntry  timestamp='1362931614875' resUri='platform:/resource/ovinger/jex/ov6.jex' fragmentId='//@requirements.1/@requirements.2/@requirements.4' key='test run status' value='true'/>
<eObjectEntry  timestamp='1362931614897' resUri='platform:/resource/ovinger/jex/ov6.jex' fragmentId='//@requirements.1/@requirements.4' key='test run status' value='true'/>
<eObjectEntry  timestamp='1362931614954' resUri='platform:/resource/ovinger/jex/ov6.jex' fragmentId='//@requirements.1/@requirements.4/@requirements.0' key='test run status' value='true'/>
<eObjectEntry  timestamp='1362931615025' resUri='platform:/resource/ovinger/jex/ov6.jex' fragmentId='//@requirements.1/@requirements.4/@requirements.1' key='test run status' value='true'/>
<eObjectEntry  timestamp='1362931615108' resUri='platform:/resource/ovinger/jex/ov6.jex' fragmentId='//@requirements.1/@requirements.4/@requirements.2' key='test run status' value='true'/>
<eObjectEntry  timestamp='1362931615129' resUri='platform:/resource/ovinger/jex/ov6.jex' fragmentId='//@requirements.1/@requirements.4/@requirements.3' key='test run status' value='true'/>
<eObjectEntry  timestamp='1362931615152' resUri='platform:/resource/ovinger/jex/ov6.jex' fragmentId='//@requirements.1/@requirements.4/@requirements.4' key='test run status' value='true'/>
<eObjectEntry  timestamp='1362931615176' resUri='platform:/resource/ovinger/jex/ov6.jex' fragmentId='//@requirements.1/@requirements.4/@requirements.5' key='test run status' value='true'/>
<eObjectEntry  timestamp='1362931615258' resUri='platform:/resource/ovinger/jex/ov6.jex' fragmentId='//@requirements.1/@requirements.6' key='test run status' value='false'/>
<eObjectEntry  timestamp='1362931615279' resUri='platform:/resource/ovinger/jex/ov6.jex' fragmentId='//@requirements.1/@requirements.6/@requirements.0' key='test run status' value='false'/>
<eObjectEntry  timestamp='1362931615302' resUri='platform:/resource/ovinger/jex/ov6.jex' fragmentId='//@requirements.1/@requirements.6/@requirements.1' key='test run status' value='false'/>
<eObjectEntry  timestamp='1362931615343' resUri='platform:/resource/ovinger/jex/ov6.jex' fragmentId='//@requirements.1/@requirements.6/@requirements.2' key='test run status' value='false'/>
<eObjectEntry  timestamp='1362931615364' resUri='platform:/resource/ovinger/jex/ov6.jex' fragmentId='//@requirements.1/@requirements.6/@requirements.3' key='test run status' value='false'/>
<eObjectEntry  timestamp='1362932970999' resUri='platform:/resource/ovinger/jex/ov6.jex' fragmentId='//@requirements.0/@requirements.1' key='test run status' value='true'/>
<eObjectEntry  timestamp='1362932971017' resUri='platform:/resource/ovinger/jex/ov6.jex' fragmentId='//@requirements.0/@requirements.1/@requirements.0' key='test run status' value='true'/>
<eObjectEntry  timestamp='1362932971025' resUri='platform:/resource/ovinger/jex/ov6.jex' fragmentId='//@requirements.0/@requirements.1/@requirements.1' key='test run status' value='true'/>
<eObjectEntry  timestamp='1362932971037' resUri='platform:/resource/ovinger/jex/ov6.jex' fragmentId='//@requirements.0/@requirements.1/@requirements.2' key='test run status' value='true'/>
<eObjectEntry  timestamp='1362932971042' resUri='platform:/resource/ovinger/jex/ov6.jex' fragmentId='//@requirements.0/@requirements.1/@requirements.3' key='test run status' value='true'/>
<eObjectEntry  timestamp='1362932971049' resUri='platform:/resource/ovinger/jex/ov6.jex' fragmentId='//@requirements.1/@requirements.2' key='test run status' value='true'/>
<eObjectEntry  timestamp='1362932971060' resUri='platform:/resource/ovinger/jex/ov6.jex' fragmentId='//@requirements.1/@requirements.2/@requirements.0' key='test run status' value='true'/>
<eObjectEntry  timestamp='1362932971067' resUri='platform:/resource/ovinger/jex/ov6.jex' fragmentId='//@requirements.1/@requirements.2/@requirements.1' key='test run status' value='true'/>
<eObjectEntry  timestamp='1362932971073' resUri='platform:/resource/ovinger/jex/ov6.jex' fragmentId='//@requirements.1/@requirements.2/@requirements.2' key='test run status' value='true'/>
<eObjectEntry  timestamp='1362932971078' resUri='platform:/resource/ovinger/jex/ov6.jex' fragmentId='//@requirements.1/@requirements.2/@requirements.3' key='test run status' value='true'/>
<eObjectEntry  timestamp='1362932971084' resUri='platform:/resource/ovinger/jex/ov6.jex' fragmentId='//@requirements.1/@requirements.2/@requirements.4' key='test run status' value='true'/>
<eObjectEntry  timestamp='1362932971090' resUri='platform:/resource/ovinger/jex/ov6.jex' fragmentId='//@requirements.1/@requirements.4' key='test run status' value='true'/>
<eObjectEntry  timestamp='1362932971096' resUri='platform:/resource/ovinger/jex/ov6.jex' fragmentId='//@requirements.1/@requirements.4/@requirements.0' key='test run status' value='true'/>
<eObjectEntry  timestamp='1362932971122' resUri='platform:/resource/ovinger/jex/ov6.jex' fragmentId='//@requirements.1/@requirements.4/@requirements.1' key='test run status' value='true'/>
<eObjectEntry  timestamp='1362932971129' resUri='platform:/resource/ovinger/jex/ov6.jex' fragmentId='//@requirements.1/@requirements.4/@requirements.2' key='test run status' value='true'/>
<eObjectEntry  timestamp='1362932971137' resUri='platform:/resource/ovinger/jex/ov6.jex' fragmentId='//@requirements.1/@requirements.4/@requirements.3' key='test run status' value='true'/>
<eObjectEntry  timestamp='1362932971156' resUri='platform:/resource/ovinger/jex/ov6.jex' fragmentId='//@requirements.1/@requirements.4/@requirements.4' key='test run status' value='true'/>
<eObjectEntry  timestamp='1362932971163' resUri='platform:/resource/ovinger/jex/ov6.jex' fragmentId='//@requirements.1/@requirements.4/@requirements.5' key='test run status' value='true'/>
<eObjectEntry  timestamp='1362932971170' resUri='platform:/resource/ovinger/jex/ov6.jex' fragmentId='//@requirements.1/@requirements.6' key='test run status' value='false'/>
<eObjectEntry  timestamp='1362932971177' resUri='platform:/resource/ovinger/jex/ov6.jex' fragmentId='//@requirements.1/@requirements.6/@requirements.0' key='test run status' value='false'/>
<eObjectEntry  timestamp='1362932971202' resUri='platform:/resource/ovinger/jex/ov6.jex' fragmentId='//@requirements.1/@requirements.6/@requirements.1' key='test run status' value='false'/>
<eObjectEntry  timestamp='1362932971209' resUri='platform:/resource/ovinger/jex/ov6.jex' fragmentId='//@requirements.1/@requirements.6/@requirements.2' key='test run status' value='false'/>
<eObjectEntry  timestamp='1362932971217' resUri='platform:/resource/ovinger/jex/ov6.jex' fragmentId='//@requirements.1/@requirements.6/@requirements.3' key='test run status' value='false'/>
<eObjectEntry  timestamp='1362933015473' resUri='platform:/resource/ovinger/jex/ov6.jex' fragmentId='//@requirements.0/@requirements.1' key='test run status' value='true'/>
<eObjectEntry  timestamp='1362933015481' resUri='platform:/resource/ovinger/jex/ov6.jex' fragmentId='//@requirements.0/@requirements.1/@requirements.0' key='test run status' value='true'/>
<eObjectEntry  timestamp='1362933015489' resUri='platform:/resource/ovinger/jex/ov6.jex' fragmentId='//@requirements.0/@requirements.1/@requirements.1' key='test run status' value='true'/>
<eObjectEntry  timestamp='1362933015496' resUri='platform:/resource/ovinger/jex/ov6.jex' fragmentId='//@requirements.0/@requirements.1/@requirements.2' key='test run status' value='true'/>
<eObjectEntry  timestamp='1362933015501' resUri='platform:/resource/ovinger/jex/ov6.jex' fragmentId='//@requirements.0/@requirements.1/@requirements.3' key='test run status' value='true'/>
<eObjectEntry  timestamp='1362933015508' resUri='platform:/resource/ovinger/jex/ov6.jex' fragmentId='//@requirements.1/@requirements.2' key='test run status' value='true'/>
<eObjectEntry  timestamp='1362933015530' resUri='platform:/resource/ovinger/jex/ov6.jex' fragmentId='//@requirements.1/@requirements.2/@requirements.0' key='test run status' value='true'/>
<eObjectEntry  timestamp='1362933015535' resUri='platform:/resource/ovinger/jex/ov6.jex' fragmentId='//@requirements.1/@requirements.2/@requirements.1' key='test run status' value='true'/>
<eObjectEntry  timestamp='1362933015542' resUri='platform:/resource/ovinger/jex/ov6.jex' fragmentId='//@requirements.1/@requirements.2/@requirements.2' key='test run status' value='true'/>
<eObjectEntry  timestamp='1362933015548' resUri='platform:/resource/ovinger/jex/ov6.jex' fragmentId='//@requirements.1/@requirements.2/@requirements.3' key='test run status' value='true'/>
<eObjectEntry  timestamp='1362933015555' resUri='platform:/resource/ovinger/jex/ov6.jex' fragmentId='//@requirements.1/@requirements.2/@requirements.4' key='test run status' value='true'/>
<eObjectEntry  timestamp='1362933015563' resUri='platform:/resource/ovinger/jex/ov6.jex' fragmentId='//@requirements.1/@requirements.4' key='test run status' value='true'/>
<eObjectEntry  timestamp='1362933015582' resUri='platform:/resource/ovinger/jex/ov6.jex' fragmentId='//@requirements.1/@requirements.4/@requirements.0' key='test run status' value='true'/>
<eObjectEntry  timestamp='1362933015590' resUri='platform:/resource/ovinger/jex/ov6.jex' fragmentId='//@requirements.1/@requirements.4/@requirements.1' key='test run status' value='true'/>
<eObjectEntry  timestamp='1362933015597' resUri='platform:/resource/ovinger/jex/ov6.jex' fragmentId='//@requirements.1/@requirements.4/@requirements.2' key='test run status' value='true'/>
<eObjectEntry  timestamp='1362933015605' resUri='platform:/resource/ovinger/jex/ov6.jex' fragmentId='//@requirements.1/@requirements.4/@requirements.3' key='test run status' value='true'/>
<eObjectEntry  timestamp='1362933015613' resUri='platform:/resource/ovinger/jex/ov6.jex' fragmentId='//@requirements.1/@requirements.4/@requirements.4' key='test run status' value='true'/>
<eObjectEntry  timestamp='1362933015620' resUri='platform:/resource/ovinger/jex/ov6.jex' fragmentId='//@requirements.1/@requirements.4/@requirements.5' key='test run status' value='true'/>
<eObjectEntry  timestamp='1362933015631' resUri='platform:/resource/ovinger/jex/ov6.jex' fragmentId='//@requirements.1/@requirements.6' key='test run status' value='false'/>
<eObjectEntry  timestamp='1362933015638' resUri='platform:/resource/ovinger/jex/ov6.jex' fragmentId='//@requirements.1/@requirements.6/@requirements.0' key='test run status' value='false'/>
<eObjectEntry  timestamp='1362933015650' resUri='platform:/resource/ovinger/jex/ov6.jex' fragmentId='//@requirements.1/@requirements.6/@requirements.1' key='test run status' value='false'/>
<eObjectEntry  timestamp='1362933015658' resUri='platform:/resource/ovinger/jex/ov6.jex' fragmentId='//@requirements.1/@requirements.6/@requirements.2' key='test run status' value='false'/>
<eObjectEntry  timestamp='1362933015666' resUri='platform:/resource/ovinger/jex/ov6.jex' fragmentId='//@requirements.1/@requirements.6/@requirements.3' key='test run status' value='false'/>
<eObjectEntry  timestamp='1362933600508' resUri='platform:/resource/ovinger/jex/ov6.jex' fragmentId='//@requirements.0/@requirements.1' key='test run status' value='true'/>
<eObjectEntry  timestamp='1362933600515' resUri='platform:/resource/ovinger/jex/ov6.jex' fragmentId='//@requirements.0/@requirements.1/@requirements.0' key='test run status' value='true'/>
<eObjectEntry  timestamp='1362933600541' resUri='platform:/resource/ovinger/jex/ov6.jex' fragmentId='//@requirements.0/@requirements.1/@requirements.1' key='test run status' value='true'/>
<eObjectEntry  timestamp='1362933600565' resUri='platform:/resource/ovinger/jex/ov6.jex' fragmentId='//@requirements.0/@requirements.1/@requirements.2' key='test run status' value='true'/>
<eObjectEntry  timestamp='1362933600572' resUri='platform:/resource/ovinger/jex/ov6.jex' fragmentId='//@requirements.0/@requirements.1/@requirements.3' key='test run status' value='true'/>
<eObjectEntry  timestamp='1362933600605' resUri='platform:/resource/ovinger/jex/ov6.jex' fragmentId='//@requirements.1/@requirements.2' key='test run status' value='true'/>
<eObjectEntry  timestamp='1362933600612' resUri='platform:/resource/ovinger/jex/ov6.jex' fragmentId='//@requirements.1/@requirements.2/@requirements.0' key='test run status' value='true'/>
<eObjectEntry  timestamp='1362933600619' resUri='platform:/resource/ovinger/jex/ov6.jex' fragmentId='//@requirements.1/@requirements.2/@requirements.1' key='test run status' value='true'/>
<eObjectEntry  timestamp='1362933600649' resUri='platform:/resource/ovinger/jex/ov6.jex' fragmentId='//@requirements.1/@requirements.2/@requirements.2' key='test run status' value='true'/>
<eObjectEntry  timestamp='1362933600656' resUri='platform:/resource/ovinger/jex/ov6.jex' fragmentId='//@requirements.1/@requirements.2/@requirements.3' key='test run status' value='true'/>
<eObjectEntry  timestamp='1362933600663' resUri='platform:/resource/ovinger/jex/ov6.jex' fragmentId='//@requirements.1/@requirements.2/@requirements.4' key='test run status' value='true'/>
<eObjectEntry  timestamp='1362933600695' resUri='platform:/resource/ovinger/jex/ov6.jex' fragmentId='//@requirements.1/@requirements.4' key='test run status' value='true'/>
<eObjectEntry  timestamp='1362933600707' resUri='platform:/resource/ovinger/jex/ov6.jex' fragmentId='//@requirements.1/@requirements.4/@requirements.0' key='test run status' value='true'/>
<eObjectEntry  timestamp='1362933600715' resUri='platform:/resource/ovinger/jex/ov6.jex' fragmentId='//@requirements.1/@requirements.4/@requirements.1' key='test run status' value='true'/>
<eObjectEntry  timestamp='1362933600722' resUri='platform:/resource/ovinger/jex/ov6.jex' fragmentId='//@requirements.1/@requirements.4/@requirements.2' key='test run status' value='true'/>
<eObjectEntry  timestamp='1362933600730' resUri='platform:/resource/ovinger/jex/ov6.jex' fragmentId='//@requirements.1/@requirements.4/@requirements.3' key='test run status' value='true'/>
<eObjectEntry  timestamp='1362933600738' resUri='platform:/resource/ovinger/jex/ov6.jex' fragmentId='//@requirements.1/@requirements.4/@requirements.4' key='test run status' value='true'/>
<eObjectEntry  timestamp='1362933600745' resUri='platform:/resource/ovinger/jex/ov6.jex' fragmentId='//@requirements.1/@requirements.4/@requirements.5' key='test run status' value='true'/>
<eObjectEntry  timestamp='1362933600772' resUri='platform:/resource/ovinger/jex/ov6.jex' fragmentId='//@requirements.1/@requirements.6' key='test run status' value='true'/>
<eObjectEntry  timestamp='1362933600779' resUri='platform:/resource/ovinger/jex/ov6.jex' fragmentId='//@requirements.1/@requirements.6/@requirements.0' key='test run status' value='true'/>
<eObjectEntry  timestamp='1362933600788' resUri='platform:/resource/ovinger/jex/ov6.jex' fragmentId='//@requirements.1/@requirements.6/@requirements.1' key='test run status' value='true'/>
<eObjectEntry  timestamp='1362933600795' resUri='platform:/resource/ovinger/jex/ov6.jex' fragmentId='//@requirements.1/@requirements.6/@requirements.2' key='test run status' value='true'/>
<eObjectEntry  timestamp='1362933600803' resUri='platform:/resource/ovinger/jex/ov6.jex' fragmentId='//@requirements.1/@requirements.6/@requirements.3' key='test run status' value='true'/>
<eResourceEntry  timestamp='1362933625722' resUri='platform:/resource/ovinger/jex/ov6.jex' key='resource selected' value='null'/>
<eResourceEntry  timestamp='1362933644244' resUri='platform:/resource/ovinger/jex/ov6.jex' key='resource selected' value='null'/>
<eObjectEntry  timestamp='1362933645470' resUri='platform:/resource/ovinger/jex/ov6.jex' fragmentId='//@javaElements.0/@classes.9' key='junit test launch' value='AllTests'/>
<eObjectEntry  timestamp='1362933646111' resUri='platform:/resource/ovinger/jex/ov6.jex' fragmentId='//@requirements.0/@requirements.1' key='test run status' value='true'/>
<eObjectEntry  timestamp='1362933646119' resUri='platform:/resource/ovinger/jex/ov6.jex' fragmentId='//@requirements.0/@requirements.1/@requirements.0' key='test run status' value='true'/>
<eObjectEntry  timestamp='1362933646140' resUri='platform:/resource/ovinger/jex/ov6.jex' fragmentId='//@requirements.0/@requirements.1/@requirements.1' key='test run status' value='true'/>
<eObjectEntry  timestamp='1362933646160' resUri='platform:/resource/ovinger/jex/ov6.jex' fragmentId='//@requirements.0/@requirements.1/@requirements.2' key='test run status' value='true'/>
<eObjectEntry  timestamp='1362933646169' resUri='platform:/resource/ovinger/jex/ov6.jex' fragmentId='//@requirements.0/@requirements.1/@requirements.3' key='test run status' value='true'/>
<eObjectEntry  timestamp='1362933646176' resUri='platform:/resource/ovinger/jex/ov6.jex' fragmentId='//@requirements.1/@requirements.2' key='test run status' value='true'/>
<eObjectEntry  timestamp='1362933646183' resUri='platform:/resource/ovinger/jex/ov6.jex' fragmentId='//@requirements.1/@requirements.2/@requirements.0' key='test run status' value='true'/>
<eObjectEntry  timestamp='1362933646191' resUri='platform:/resource/ovinger/jex/ov6.jex' fragmentId='//@requirements.1/@requirements.2/@requirements.1' key='test run status' value='true'/>
<eObjectEntry  timestamp='1362933646207' resUri='platform:/resource/ovinger/jex/ov6.jex' fragmentId='//@requirements.1/@requirements.2/@requirements.2' key='test run status' value='true'/>
<eObjectEntry  timestamp='1362933646227' resUri='platform:/resource/ovinger/jex/ov6.jex' fragmentId='//@requirements.1/@requirements.2/@requirements.3' key='test run status' value='true'/>
<eObjectEntry  timestamp='1362933646243' resUri='platform:/resource/ovinger/jex/ov6.jex' fragmentId='//@requirements.1/@requirements.2/@requirements.4' key='test run status' value='true'/>
<eObjectEntry  timestamp='1362933646261' resUri='platform:/resource/ovinger/jex/ov6.jex' fragmentId='//@requirements.1/@requirements.4' key='test run status' value='true'/>
<eObjectEntry  timestamp='1362933646268' resUri='platform:/resource/ovinger/jex/ov6.jex' fragmentId='//@requirements.1/@requirements.4/@requirements.0' key='test run status' value='true'/>
<eObjectEntry  timestamp='1362933646274' resUri='platform:/resource/ovinger/jex/ov6.jex' fragmentId='//@requirements.1/@requirements.4/@requirements.1' key='test run status' value='true'/>
<eObjectEntry  timestamp='1362933646280' resUri='platform:/resource/ovinger/jex/ov6.jex' fragmentId='//@requirements.1/@requirements.4/@requirements.2' key='test run status' value='true'/>
<eObjectEntry  timestamp='1362933646285' resUri='platform:/resource/ovinger/jex/ov6.jex' fragmentId='//@requirements.1/@requirements.4/@requirements.3' key='test run status' value='true'/>
<eObjectEntry  timestamp='1362933646290' resUri='platform:/resource/ovinger/jex/ov6.jex' fragmentId='//@requirements.1/@requirements.4/@requirements.4' key='test run status' value='true'/>
<eObjectEntry  timestamp='1362933646296' resUri='platform:/resource/ovinger/jex/ov6.jex' fragmentId='//@requirements.1/@requirements.4/@requirements.5' key='test run status' value='true'/>
<eObjectEntry  timestamp='1362933646302' resUri='platform:/resource/ovinger/jex/ov6.jex' fragmentId='//@requirements.1/@requirements.6' key='test run status' value='true'/>
<eObjectEntry  timestamp='1362933646308' resUri='platform:/resource/ovinger/jex/ov6.jex' fragmentId='//@requirements.1/@requirements.6/@requirements.0' key='test run status' value='true'/>
<eObjectEntry  timestamp='1362933646314' resUri='platform:/resource/ovinger/jex/ov6.jex' fragmentId='//@requirements.1/@requirements.6/@requirements.1' key='test run status' value='true'/>
<eObjectEntry  timestamp='1362933646320' resUri='platform:/resource/ovinger/jex/ov6.jex' fragmentId='//@requirements.1/@requirements.6/@requirements.2' key='test run status' value='true'/>
<eObjectEntry  timestamp='1362933646337' resUri='platform:/resource/ovinger/jex/ov6.jex' fragmentId='//@requirements.1/@requirements.6/@requirements.3' key='test run status' value='true'/>
<eResourceEntry  timestamp='1366362614015' resUri='platform:/resource/ovinger/jex/ov6.jex' key='resource selected' value='null'/>
<eObjectEntry  timestamp='1366362617215' resUri='platform:/resource/ovinger/jex/ov6.jex' fragmentId='//@javaElements.0/@classes.9' key='junit test launch' value='AllTests'/>
<eObjectEntry  timestamp='1366362621115' resUri='platform:/resource/ovinger/jex/ov6.jex' fragmentId='//@javaElements.0/@classes.9' key='junit test launch' value='AllTests'/>
<eObjectEntry  timestamp='1366362624735' resUri='platform:/resource/ovinger/jex/ov6.jex' fragmentId='//@requirements.0/@requirements.1' key='test run status' value='true'/>
<eObjectEntry  timestamp='1366362624751' resUri='platform:/resource/ovinger/jex/ov6.jex' fragmentId='//@requirements.0/@requirements.1/@requirements.0' key='test run status' value='true'/>
<eObjectEntry  timestamp='1366362624782' resUri='platform:/resource/ovinger/jex/ov6.jex' fragmentId='//@requirements.0/@requirements.1/@requirements.1' key='test run status' value='true'/>
<eObjectEntry  timestamp='1366362624798' resUri='platform:/resource/ovinger/jex/ov6.jex' fragmentId='//@requirements.0/@requirements.1/@requirements.2' key='test run status' value='true'/>
<eObjectEntry  timestamp='1366362624798' resUri='platform:/resource/ovinger/jex/ov6.jex' fragmentId='//@requirements.0/@requirements.1/@requirements.3' key='test run status' value='true'/>
<eObjectEntry  timestamp='1366362624813' resUri='platform:/resource/ovinger/jex/ov6.jex' fragmentId='//@requirements.1/@requirements.2' key='test run status' value='true'/>
<eObjectEntry  timestamp='1366362624845' resUri='platform:/resource/ovinger/jex/ov6.jex' fragmentId='//@requirements.0/@requirements.1' key='test run status' value='true'/>
<eObjectEntry  timestamp='1366362624860' resUri='platform:/resource/ovinger/jex/ov6.jex' fragmentId='//@requirements.0/@requirements.1/@requirements.0' key='test run status' value='true'/>
<eObjectEntry  timestamp='1366362624860' resUri='platform:/resource/ovinger/jex/ov6.jex' fragmentId='//@requirements.0/@requirements.1/@requirements.1' key='test run status' value='true'/>
<eObjectEntry  timestamp='1366362624876' resUri='platform:/resource/ovinger/jex/ov6.jex' fragmentId='//@requirements.0/@requirements.1/@requirements.2' key='test run status' value='true'/>
<eObjectEntry  timestamp='1366362624845' resUri='platform:/resource/ovinger/jex/ov6.jex' fragmentId='//@requirements.1/@requirements.2/@requirements.0' key='test run status' value='true'/>
<eObjectEntry  timestamp='1366362624891' resUri='platform:/resource/ovinger/jex/ov6.jex' fragmentId='//@requirements.0/@requirements.1/@requirements.3' key='test run status' value='true'/>
<eObjectEntry  timestamp='1366362624907' resUri='platform:/resource/ovinger/jex/ov6.jex' fragmentId='//@requirements.1/@requirements.2/@requirements.1' key='test run status' value='true'/>
<eObjectEntry  timestamp='1366362624907' resUri='platform:/resource/ovinger/jex/ov6.jex' fragmentId='//@requirements.1/@requirements.2' key='test run status' value='true'/>
<eObjectEntry  timestamp='1366362624923' resUri='platform:/resource/ovinger/jex/ov6.jex' fragmentId='//@requirements.1/@requirements.2/@requirements.2' key='test run status' value='true'/>
<eObjectEntry  timestamp='1366362624923' resUri='platform:/resource/ovinger/jex/ov6.jex' fragmentId='//@requirements.1/@requirements.2/@requirements.0' key='test run status' value='true'/>
<eObjectEntry  timestamp='1366362624923' resUri='platform:/resource/ovinger/jex/ov6.jex' fragmentId='//@requirements.1/@requirements.2/@requirements.3' key='test run status' value='true'/>
<eObjectEntry  timestamp='1366362624938' resUri='platform:/resource/ovinger/jex/ov6.jex' fragmentId='//@requirements.1/@requirements.2/@requirements.1' key='test run status' value='true'/>
<eObjectEntry  timestamp='1366362624938' resUri='platform:/resource/ovinger/jex/ov6.jex' fragmentId='//@requirements.1/@requirements.2/@requirements.4' key='test run status' value='true'/>
<eObjectEntry  timestamp='1366362624954' resUri='platform:/resource/ovinger/jex/ov6.jex' fragmentId='//@requirements.1/@requirements.2/@requirements.2' key='test run status' value='true'/>
<eObjectEntry  timestamp='1366362624954' resUri='platform:/resource/ovinger/jex/ov6.jex' fragmentId='//@requirements.1/@requirements.4' key='test run status' value='true'/>
<eObjectEntry  timestamp='1366362624969' resUri='platform:/resource/ovinger/jex/ov6.jex' fragmentId='//@requirements.1/@requirements.4/@requirements.0' key='test run status' value='true'/>
<eObjectEntry  timestamp='1366362624969' resUri='platform:/resource/ovinger/jex/ov6.jex' fragmentId='//@requirements.1/@requirements.4/@requirements.1' key='test run status' value='true'/>
<eObjectEntry  timestamp='1366362624985' resUri='platform:/resource/ovinger/jex/ov6.jex' fragmentId='//@requirements.1/@requirements.4/@requirements.2' key='test run status' value='true'/>
<eObjectEntry  timestamp='1366362624985' resUri='platform:/resource/ovinger/jex/ov6.jex' fragmentId='//@requirements.1/@requirements.4/@requirements.3' key='test run status' value='true'/>
<eObjectEntry  timestamp='1366362625001' resUri='platform:/resource/ovinger/jex/ov6.jex' fragmentId='//@requirements.1/@requirements.4/@requirements.4' key='test run status' value='true'/>
<eObjectEntry  timestamp='1366362625001' resUri='platform:/resource/ovinger/jex/ov6.jex' fragmentId='//@requirements.1/@requirements.4/@requirements.5' key='test run status' value='true'/>
<eObjectEntry  timestamp='1366362624954' resUri='platform:/resource/ovinger/jex/ov6.jex' fragmentId='//@requirements.1/@requirements.2/@requirements.3' key='test run status' value='true'/>
<eObjectEntry  timestamp='1366362625016' resUri='platform:/resource/ovinger/jex/ov6.jex' fragmentId='//@requirements.1/@requirements.6' key='test run status' value='true'/>
<eObjectEntry  timestamp='1366362625032' resUri='platform:/resource/ovinger/jex/ov6.jex' fragmentId='//@requirements.1/@requirements.2/@requirements.4' key='test run status' value='true'/>
<eObjectEntry  timestamp='1366362625032' resUri='platform:/resource/ovinger/jex/ov6.jex' fragmentId='//@requirements.1/@requirements.6/@requirements.0' key='test run status' value='true'/>
<eObjectEntry  timestamp='1366362625032' resUri='platform:/resource/ovinger/jex/ov6.jex' fragmentId='//@requirements.1/@requirements.4' key='test run status' value='true'/>
<eObjectEntry  timestamp='1366362625047' resUri='platform:/resource/ovinger/jex/ov6.jex' fragmentId='//@requirements.1/@requirements.4/@requirements.0' key='test run status' value='true'/>
<eObjectEntry  timestamp='1366362625047' resUri='platform:/resource/ovinger/jex/ov6.jex' fragmentId='//@requirements.1/@requirements.6/@requirements.1' key='test run status' value='true'/>
<eObjectEntry  timestamp='1366362625047' resUri='platform:/resource/ovinger/jex/ov6.jex' fragmentId='//@requirements.1/@requirements.4/@requirements.1' key='test run status' value='true'/>
<eObjectEntry  timestamp='1366362625063' resUri='platform:/resource/ovinger/jex/ov6.jex' fragmentId='//@requirements.1/@requirements.6/@requirements.2' key='test run status' value='true'/>
<eObjectEntry  timestamp='1366362625063' resUri='platform:/resource/ovinger/jex/ov6.jex' fragmentId='//@requirements.1/@requirements.4/@requirements.2' key='test run status' value='true'/>
<eObjectEntry  timestamp='1366362625063' resUri='platform:/resource/ovinger/jex/ov6.jex' fragmentId='//@requirements.1/@requirements.6/@requirements.3' key='test run status' value='true'/>
<eObjectEntry  timestamp='1366362625079' resUri='platform:/resource/ovinger/jex/ov6.jex' fragmentId='//@requirements.1/@requirements.4/@requirements.3' key='test run status' value='true'/>
<eObjectEntry  timestamp='1366362625094' resUri='platform:/resource/ovinger/jex/ov6.jex' fragmentId='//@requirements.1/@requirements.4/@requirements.4' key='test run status' value='true'/>
<eObjectEntry  timestamp='1366362625125' resUri='platform:/resource/ovinger/jex/ov6.jex' fragmentId='//@requirements.1/@requirements.4/@requirements.5' key='test run status' value='true'/>
<eObjectEntry  timestamp='1366362625125' resUri='platform:/resource/ovinger/jex/ov6.jex' fragmentId='//@requirements.1/@requirements.6' key='test run status' value='true'/>
<eObjectEntry  timestamp='1366362625141' resUri='platform:/resource/ovinger/jex/ov6.jex' fragmentId='//@requirements.1/@requirements.6/@requirements.0' key='test run status' value='true'/>
<eObjectEntry  timestamp='1366362625141' resUri='platform:/resource/ovinger/jex/ov6.jex' fragmentId='//@requirements.1/@requirements.6/@requirements.1' key='test run status' value='true'/>
<eObjectEntry  timestamp='1366362625203' resUri='platform:/resource/ovinger/jex/ov6.jex' fragmentId='//@requirements.1/@requirements.6/@requirements.2' key='test run status' value='true'/>
<eObjectEntry  timestamp='1366362625203' resUri='platform:/resource/ovinger/jex/ov6.jex' fragmentId='//@requirements.1/@requirements.6/@requirements.3' key='test run status' value='true'/>
