<eResourceEntry  timestamp='1362929609105' resUri='platform:/resource/ovinger/tests/oving6.jex' key='resource selected' value='null'/>
<eObjectEntry  timestamp='1362929610532' resUri='platform:/resource/ovinger/tests/oving6.jex' fragmentId='//@javaElements.0/@classes.2' key='junit test launch' value='AllTests'/>
<eObjectEntry  timestamp='1362929613387' resUri='platform:/resource/ovinger/tests/oving6.jex' fragmentId='//@requirements.0/@requirements.1' key='test run status' value='true'/>
<eObjectEntry  timestamp='1362929613395' resUri='platform:/resource/ovinger/tests/oving6.jex' fragmentId='//@requirements.0/@requirements.3' key='test run status' value='true'/>
<eObjectEntry  timestamp='1362929613403' resUri='platform:/resource/ovinger/tests/oving6.jex' fragmentId='//@requirements.0/@requirements.5' key='test run status' value='true'/>
<eObjectEntry  timestamp='1362929613412' resUri='platform:/resource/ovinger/tests/oving6.jex' fragmentId='//@requirements.0/@requirements.7' key='test run status' value='false'/>
<eObjectEntry  timestamp='1362929613426' resUri='platform:/resource/ovinger/tests/oving6.jex' fragmentId='//@requirements.1/@requirements.1' key='test run status' value='false'/>
<eObjectEntry  timestamp='1362929613431' resUri='platform:/resource/ovinger/tests/oving6.jex' fragmentId='//@requirements.1/@requirements.3' key='test run status' value='false'/>
<eObjectEntry  timestamp='1362929613438' resUri='platform:/resource/ovinger/tests/oving6.jex' fragmentId='//@requirements.1/@requirements.5' key='test run status' value='false'/>
<eObjectEntry  timestamp='1362929613443' resUri='platform:/resource/ovinger/tests/oving6.jex' fragmentId='//@requirements.1/@requirements.7' key='test run status' value='false'/>
<eObjectEntry  timestamp='1362929613460' resUri='platform:/resource/ovinger/tests/oving6.jex' fragmentId='//@requirements.2/@requirements.1' key='test run status' value='false'/>
<eObjectEntry  timestamp='1362929613479' resUri='platform:/resource/ovinger/tests/oving6.jex' fragmentId='//@requirements.2/@requirements.3' key='test run status' value='false'/>
<eObjectEntry  timestamp='1362929613484' resUri='platform:/resource/ovinger/tests/oving6.jex' fragmentId='//@requirements.2/@requirements.5' key='test run status' value='false'/>
<eObjectEntry  timestamp='1362929613490' resUri='platform:/resource/ovinger/tests/oving6.jex' fragmentId='//@requirements.2/@requirements.7' key='test run status' value='false'/>
<eObjectEntry  timestamp='1362929613497' resUri='platform:/resource/ovinger/tests/oving6.jex' fragmentId='//@requirements.2/@requirements.9' key='test run status' value='false'/>
<eObjectEntry  timestamp='1362929613536' resUri='platform:/resource/ovinger/tests/oving6.jex' fragmentId='//@requirements.2/@requirements.11' key='test run status' value='false'/>
<eObjectEntry  timestamp='1362929613544' resUri='platform:/resource/ovinger/tests/oving6.jex' fragmentId='//@requirements.3/@requirements.1' key='test run status' value='false'/>
<eObjectEntry  timestamp='1362929613554' resUri='platform:/resource/ovinger/tests/oving6.jex' fragmentId='//@requirements.3/@requirements.3' key='test run status' value='false'/>
<eObjectEntry  timestamp='1362929613577' resUri='platform:/resource/ovinger/tests/oving6.jex' fragmentId='//@requirements.3/@requirements.5' key='test run status' value='false'/>
<eObjectEntry  timestamp='1362929613585' resUri='platform:/resource/ovinger/tests/oving6.jex' fragmentId='//@requirements.3/@requirements.7' key='test run status' value='false'/>
<eObjectEntry  timestamp='1362929613596' resUri='platform:/resource/ovinger/tests/oving6.jex' fragmentId='//@requirements.3/@requirements.9' key='test run status' value='false'/>
<eObjectEntry  timestamp='1362929650870' resUri='platform:/resource/ovinger/tests/oving6.jex' fragmentId='//@javaElements.0/@classes.2' key='junit test launch' value='AllTests'/>
<eObjectEntry  timestamp='1362929653350' resUri='platform:/resource/ovinger/tests/oving6.jex' fragmentId='//@requirements.0/@requirements.1' key='test run status' value='true'/>
<eObjectEntry  timestamp='1362929653399' resUri='platform:/resource/ovinger/tests/oving6.jex' fragmentId='//@requirements.0/@requirements.3' key='test run status' value='true'/>
<eObjectEntry  timestamp='1362929653424' resUri='platform:/resource/ovinger/tests/oving6.jex' fragmentId='//@requirements.0/@requirements.5' key='test run status' value='true'/>
<eObjectEntry  timestamp='1362929653448' resUri='platform:/resource/ovinger/tests/oving6.jex' fragmentId='//@requirements.0/@requirements.7' key='test run status' value='true'/>
<eObjectEntry  timestamp='1362929653474' resUri='platform:/resource/ovinger/tests/oving6.jex' fragmentId='//@requirements.1/@requirements.1' key='test run status' value='false'/>
<eObjectEntry  timestamp='1362929653501' resUri='platform:/resource/ovinger/tests/oving6.jex' fragmentId='//@requirements.1/@requirements.3' key='test run status' value='false'/>
<eObjectEntry  timestamp='1362929653527' resUri='platform:/resource/ovinger/tests/oving6.jex' fragmentId='//@requirements.1/@requirements.5' key='test run status' value='false'/>
<eObjectEntry  timestamp='1362929653630' resUri='platform:/resource/ovinger/tests/oving6.jex' fragmentId='//@requirements.1/@requirements.7' key='test run status' value='false'/>
<eObjectEntry  timestamp='1362929653653' resUri='platform:/resource/ovinger/tests/oving6.jex' fragmentId='//@requirements.2/@requirements.1' key='test run status' value='false'/>
<eObjectEntry  timestamp='1362929653679' resUri='platform:/resource/ovinger/tests/oving6.jex' fragmentId='//@requirements.2/@requirements.3' key='test run status' value='false'/>
<eObjectEntry  timestamp='1362929653722' resUri='platform:/resource/ovinger/tests/oving6.jex' fragmentId='//@requirements.2/@requirements.5' key='test run status' value='false'/>
<eObjectEntry  timestamp='1362929653747' resUri='platform:/resource/ovinger/tests/oving6.jex' fragmentId='//@requirements.2/@requirements.7' key='test run status' value='false'/>
<eObjectEntry  timestamp='1362929653820' resUri='platform:/resource/ovinger/tests/oving6.jex' fragmentId='//@requirements.2/@requirements.9' key='test run status' value='false'/>
<eObjectEntry  timestamp='1362929653909' resUri='platform:/resource/ovinger/tests/oving6.jex' fragmentId='//@requirements.2/@requirements.11' key='test run status' value='false'/>
<eObjectEntry  timestamp='1362929653941' resUri='platform:/resource/ovinger/tests/oving6.jex' fragmentId='//@requirements.3/@requirements.1' key='test run status' value='false'/>
<eObjectEntry  timestamp='1362929653968' resUri='platform:/resource/ovinger/tests/oving6.jex' fragmentId='//@requirements.3/@requirements.3' key='test run status' value='false'/>
<eObjectEntry  timestamp='1362929654037' resUri='platform:/resource/ovinger/tests/oving6.jex' fragmentId='//@requirements.3/@requirements.5' key='test run status' value='false'/>
<eObjectEntry  timestamp='1362929654169' resUri='platform:/resource/ovinger/tests/oving6.jex' fragmentId='//@requirements.3/@requirements.7' key='test run status' value='false'/>
<eObjectEntry  timestamp='1362929654263' resUri='platform:/resource/ovinger/tests/oving6.jex' fragmentId='//@requirements.3/@requirements.9' key='test run status' value='false'/>
<eObjectEntry  timestamp='1362930634456' resUri='platform:/resource/ovinger/tests/oving6.jex' fragmentId='//@javaElements.0/@classes.2' key='junit test launch' value='AllTests'/>
<eObjectEntry  timestamp='1362930636183' resUri='platform:/resource/ovinger/tests/oving6.jex' fragmentId='//@requirements.0/@requirements.1' key='test run status' value='true'/>
<eObjectEntry  timestamp='1362930636192' resUri='platform:/resource/ovinger/tests/oving6.jex' fragmentId='//@requirements.0/@requirements.3' key='test run status' value='true'/>
<eObjectEntry  timestamp='1362930636203' resUri='platform:/resource/ovinger/tests/oving6.jex' fragmentId='//@requirements.0/@requirements.5' key='test run status' value='true'/>
<eObjectEntry  timestamp='1362930636237' resUri='platform:/resource/ovinger/tests/oving6.jex' fragmentId='//@requirements.0/@requirements.7' key='test run status' value='true'/>
<eObjectEntry  timestamp='1362930636244' resUri='platform:/resource/ovinger/tests/oving6.jex' fragmentId='//@requirements.1/@requirements.1' key='test run status' value='false'/>
<eObjectEntry  timestamp='1362930636264' resUri='platform:/resource/ovinger/tests/oving6.jex' fragmentId='//@requirements.1/@requirements.3' key='test run status' value='false'/>
<eObjectEntry  timestamp='1362930636271' resUri='platform:/resource/ovinger/tests/oving6.jex' fragmentId='//@requirements.1/@requirements.5' key='test run status' value='false'/>
<eObjectEntry  timestamp='1362930636276' resUri='platform:/resource/ovinger/tests/oving6.jex' fragmentId='//@requirements.1/@requirements.7' key='test run status' value='false'/>
<eObjectEntry  timestamp='1362930636281' resUri='platform:/resource/ovinger/tests/oving6.jex' fragmentId='//@requirements.2/@requirements.1' key='test run status' value='false'/>
<eObjectEntry  timestamp='1362930636286' resUri='platform:/resource/ovinger/tests/oving6.jex' fragmentId='//@requirements.2/@requirements.3' key='test run status' value='false'/>
<eObjectEntry  timestamp='1362930636298' resUri='platform:/resource/ovinger/tests/oving6.jex' fragmentId='//@requirements.2/@requirements.5' key='test run status' value='false'/>
<eObjectEntry  timestamp='1362930636330' resUri='platform:/resource/ovinger/tests/oving6.jex' fragmentId='//@requirements.2/@requirements.7' key='test run status' value='false'/>
<eObjectEntry  timestamp='1362930636355' resUri='platform:/resource/ovinger/tests/oving6.jex' fragmentId='//@requirements.2/@requirements.9' key='test run status' value='false'/>
<eObjectEntry  timestamp='1362930636362' resUri='platform:/resource/ovinger/tests/oving6.jex' fragmentId='//@requirements.2/@requirements.11' key='test run status' value='false'/>
<eObjectEntry  timestamp='1362930636368' resUri='platform:/resource/ovinger/tests/oving6.jex' fragmentId='//@requirements.3/@requirements.1' key='test run status' value='true'/>
<eObjectEntry  timestamp='1362930636373' resUri='platform:/resource/ovinger/tests/oving6.jex' fragmentId='//@requirements.3/@requirements.3' key='test run status' value='true'/>
<eObjectEntry  timestamp='1362930636380' resUri='platform:/resource/ovinger/tests/oving6.jex' fragmentId='//@requirements.3/@requirements.5' key='test run status' value='true'/>
<eObjectEntry  timestamp='1362930636403' resUri='platform:/resource/ovinger/tests/oving6.jex' fragmentId='//@requirements.3/@requirements.7' key='test run status' value='false'/>
<eObjectEntry  timestamp='1362930636410' resUri='platform:/resource/ovinger/tests/oving6.jex' fragmentId='//@requirements.3/@requirements.9' key='test run status' value='true'/>
<eObjectEntry  timestamp='1362930699764' resUri='platform:/resource/ovinger/tests/oving6.jex' fragmentId='//@javaElements.0/@classes.2' key='junit test launch' value='AllTests'/>
<eObjectEntry  timestamp='1362930701269' resUri='platform:/resource/ovinger/tests/oving6.jex' fragmentId='//@requirements.0/@requirements.1' key='test run status' value='true'/>
<eObjectEntry  timestamp='1362930701277' resUri='platform:/resource/ovinger/tests/oving6.jex' fragmentId='//@requirements.0/@requirements.3' key='test run status' value='true'/>
<eObjectEntry  timestamp='1362930701286' resUri='platform:/resource/ovinger/tests/oving6.jex' fragmentId='//@requirements.0/@requirements.5' key='test run status' value='true'/>
<eObjectEntry  timestamp='1362930701293' resUri='platform:/resource/ovinger/tests/oving6.jex' fragmentId='//@requirements.0/@requirements.7' key='test run status' value='true'/>
<eObjectEntry  timestamp='1362930701300' resUri='platform:/resource/ovinger/tests/oving6.jex' fragmentId='//@requirements.1/@requirements.1' key='test run status' value='false'/>
<eObjectEntry  timestamp='1362930701309' resUri='platform:/resource/ovinger/tests/oving6.jex' fragmentId='//@requirements.1/@requirements.3' key='test run status' value='false'/>
<eObjectEntry  timestamp='1362930701316' resUri='platform:/resource/ovinger/tests/oving6.jex' fragmentId='//@requirements.1/@requirements.5' key='test run status' value='false'/>
<eObjectEntry  timestamp='1362930701339' resUri='platform:/resource/ovinger/tests/oving6.jex' fragmentId='//@requirements.1/@requirements.7' key='test run status' value='false'/>
<eObjectEntry  timestamp='1362930701353' resUri='platform:/resource/ovinger/tests/oving6.jex' fragmentId='//@requirements.2/@requirements.1' key='test run status' value='false'/>
<eObjectEntry  timestamp='1362930701359' resUri='platform:/resource/ovinger/tests/oving6.jex' fragmentId='//@requirements.2/@requirements.3' key='test run status' value='false'/>
<eObjectEntry  timestamp='1362930701365' resUri='platform:/resource/ovinger/tests/oving6.jex' fragmentId='//@requirements.2/@requirements.5' key='test run status' value='false'/>
<eObjectEntry  timestamp='1362930701373' resUri='platform:/resource/ovinger/tests/oving6.jex' fragmentId='//@requirements.2/@requirements.7' key='test run status' value='false'/>
<eObjectEntry  timestamp='1362930701381' resUri='platform:/resource/ovinger/tests/oving6.jex' fragmentId='//@requirements.2/@requirements.9' key='test run status' value='false'/>
<eObjectEntry  timestamp='1362930701388' resUri='platform:/resource/ovinger/tests/oving6.jex' fragmentId='//@requirements.2/@requirements.11' key='test run status' value='false'/>
<eObjectEntry  timestamp='1362930701400' resUri='platform:/resource/ovinger/tests/oving6.jex' fragmentId='//@requirements.3/@requirements.1' key='test run status' value='true'/>
<eObjectEntry  timestamp='1362930701418' resUri='platform:/resource/ovinger/tests/oving6.jex' fragmentId='//@requirements.3/@requirements.3' key='test run status' value='true'/>
<eObjectEntry  timestamp='1362930701432' resUri='platform:/resource/ovinger/tests/oving6.jex' fragmentId='//@requirements.3/@requirements.5' key='test run status' value='true'/>
<eObjectEntry  timestamp='1362930701437' resUri='platform:/resource/ovinger/tests/oving6.jex' fragmentId='//@requirements.3/@requirements.7' key='test run status' value='true'/>
<eObjectEntry  timestamp='1362930701445' resUri='platform:/resource/ovinger/tests/oving6.jex' fragmentId='//@requirements.3/@requirements.9' key='test run status' value='true'/>
<eObjectEntry  timestamp='1362931255745' resUri='platform:/resource/ovinger/tests/oving6.jex' fragmentId='//@javaElements.0/@classes.2' key='junit test launch' value='AllTests'/>
<eObjectEntry  timestamp='1362931258303' resUri='platform:/resource/ovinger/tests/oving6.jex' fragmentId='//@requirements.0/@requirements.1' key='test run status' value='true'/>
<eObjectEntry  timestamp='1362931258333' resUri='platform:/resource/ovinger/tests/oving6.jex' fragmentId='//@requirements.0/@requirements.3' key='test run status' value='true'/>
<eObjectEntry  timestamp='1362931258359' resUri='platform:/resource/ovinger/tests/oving6.jex' fragmentId='//@requirements.0/@requirements.5' key='test run status' value='true'/>
<eObjectEntry  timestamp='1362931258384' resUri='platform:/resource/ovinger/tests/oving6.jex' fragmentId='//@requirements.0/@requirements.7' key='test run status' value='true'/>
<eObjectEntry  timestamp='1362931258404' resUri='platform:/resource/ovinger/tests/oving6.jex' fragmentId='//@requirements.1/@requirements.1' key='test run status' value='false'/>
<eObjectEntry  timestamp='1362931258424' resUri='platform:/resource/ovinger/tests/oving6.jex' fragmentId='//@requirements.1/@requirements.3' key='test run status' value='false'/>
<eObjectEntry  timestamp='1362931258450' resUri='platform:/resource/ovinger/tests/oving6.jex' fragmentId='//@requirements.1/@requirements.5' key='test run status' value='false'/>
<eObjectEntry  timestamp='1362931258521' resUri='platform:/resource/ovinger/tests/oving6.jex' fragmentId='//@requirements.1/@requirements.7' key='test run status' value='false'/>
<eObjectEntry  timestamp='1362931258584' resUri='platform:/resource/ovinger/tests/oving6.jex' fragmentId='//@requirements.2/@requirements.1' key='test run status' value='true'/>
<eObjectEntry  timestamp='1362931258620' resUri='platform:/resource/ovinger/tests/oving6.jex' fragmentId='//@requirements.2/@requirements.3' key='test run status' value='false'/>
<eObjectEntry  timestamp='1362931258641' resUri='platform:/resource/ovinger/tests/oving6.jex' fragmentId='//@requirements.2/@requirements.5' key='test run status' value='true'/>
<eObjectEntry  timestamp='1362931258669' resUri='platform:/resource/ovinger/tests/oving6.jex' fragmentId='//@requirements.2/@requirements.7' key='test run status' value='false'/>
<eObjectEntry  timestamp='1362931258691' resUri='platform:/resource/ovinger/tests/oving6.jex' fragmentId='//@requirements.2/@requirements.9' key='test run status' value='true'/>
<eObjectEntry  timestamp='1362931258716' resUri='platform:/resource/ovinger/tests/oving6.jex' fragmentId='//@requirements.2/@requirements.11' key='test run status' value='false'/>
<eObjectEntry  timestamp='1362931258806' resUri='platform:/resource/ovinger/tests/oving6.jex' fragmentId='//@requirements.3/@requirements.1' key='test run status' value='true'/>
<eObjectEntry  timestamp='1362931258840' resUri='platform:/resource/ovinger/tests/oving6.jex' fragmentId='//@requirements.3/@requirements.3' key='test run status' value='true'/>
<eObjectEntry  timestamp='1362931258868' resUri='platform:/resource/ovinger/tests/oving6.jex' fragmentId='//@requirements.3/@requirements.5' key='test run status' value='true'/>
<eObjectEntry  timestamp='1362931258894' resUri='platform:/resource/ovinger/tests/oving6.jex' fragmentId='//@requirements.3/@requirements.7' key='test run status' value='true'/>
<eObjectEntry  timestamp='1362931258918' resUri='platform:/resource/ovinger/tests/oving6.jex' fragmentId='//@requirements.3/@requirements.9' key='test run status' value='true'/>
<eObjectEntry  timestamp='1362931401875' resUri='platform:/resource/ovinger/tests/oving6.jex' fragmentId='//@javaElements.0/@classes.2' key='junit test launch' value='AllTests'/>
<eObjectEntry  timestamp='1362931404383' resUri='platform:/resource/ovinger/tests/oving6.jex' fragmentId='//@requirements.0/@requirements.1' key='test run status' value='true'/>
<eObjectEntry  timestamp='1362931404409' resUri='platform:/resource/ovinger/tests/oving6.jex' fragmentId='//@requirements.0/@requirements.3' key='test run status' value='true'/>
<eObjectEntry  timestamp='1362931404438' resUri='platform:/resource/ovinger/tests/oving6.jex' fragmentId='//@requirements.0/@requirements.5' key='test run status' value='true'/>
<eObjectEntry  timestamp='1362931404464' resUri='platform:/resource/ovinger/tests/oving6.jex' fragmentId='//@requirements.0/@requirements.7' key='test run status' value='true'/>
<eObjectEntry  timestamp='1362931404491' resUri='platform:/resource/ovinger/tests/oving6.jex' fragmentId='//@requirements.1/@requirements.1' key='test run status' value='false'/>
<eObjectEntry  timestamp='1362931404516' resUri='platform:/resource/ovinger/tests/oving6.jex' fragmentId='//@requirements.1/@requirements.3' key='test run status' value='false'/>
<eObjectEntry  timestamp='1362931404543' resUri='platform:/resource/ovinger/tests/oving6.jex' fragmentId='//@requirements.1/@requirements.5' key='test run status' value='false'/>
<eObjectEntry  timestamp='1362931404574' resUri='platform:/resource/ovinger/tests/oving6.jex' fragmentId='//@requirements.1/@requirements.7' key='test run status' value='false'/>
<eObjectEntry  timestamp='1362931404652' resUri='platform:/resource/ovinger/tests/oving6.jex' fragmentId='//@requirements.2/@requirements.1' key='test run status' value='true'/>
<eObjectEntry  timestamp='1362931404678' resUri='platform:/resource/ovinger/tests/oving6.jex' fragmentId='//@requirements.2/@requirements.3' key='test run status' value='false'/>
<eObjectEntry  timestamp='1362931404709' resUri='platform:/resource/ovinger/tests/oving6.jex' fragmentId='//@requirements.2/@requirements.5' key='test run status' value='true'/>
<eObjectEntry  timestamp='1362931404787' resUri='platform:/resource/ovinger/tests/oving6.jex' fragmentId='//@requirements.2/@requirements.7' key='test run status' value='false'/>
<eObjectEntry  timestamp='1362931405045' resUri='platform:/resource/ovinger/tests/oving6.jex' fragmentId='//@requirements.2/@requirements.9' key='test run status' value='true'/>
<eObjectEntry  timestamp='1362931405117' resUri='platform:/resource/ovinger/tests/oving6.jex' fragmentId='//@requirements.2/@requirements.11' key='test run status' value='false'/>
<eObjectEntry  timestamp='1362931405142' resUri='platform:/resource/ovinger/tests/oving6.jex' fragmentId='//@requirements.3/@requirements.1' key='test run status' value='true'/>
<eObjectEntry  timestamp='1362931405171' resUri='platform:/resource/ovinger/tests/oving6.jex' fragmentId='//@requirements.3/@requirements.3' key='test run status' value='true'/>
<eObjectEntry  timestamp='1362931405196' resUri='platform:/resource/ovinger/tests/oving6.jex' fragmentId='//@requirements.3/@requirements.5' key='test run status' value='true'/>
<eObjectEntry  timestamp='1362931405219' resUri='platform:/resource/ovinger/tests/oving6.jex' fragmentId='//@requirements.3/@requirements.7' key='test run status' value='true'/>
<eObjectEntry  timestamp='1362931405244' resUri='platform:/resource/ovinger/tests/oving6.jex' fragmentId='//@requirements.3/@requirements.9' key='test run status' value='true'/>
<eObjectEntry  timestamp='1362931448458' resUri='platform:/resource/ovinger/tests/oving6.jex' fragmentId='//@requirements.2/@requirements.1' key='test run status' value='true'/>
<eObjectEntry  timestamp='1362931448490' resUri='platform:/resource/ovinger/tests/oving6.jex' fragmentId='//@requirements.2/@requirements.3' key='test run status' value='false'/>
<eObjectEntry  timestamp='1362931448519' resUri='platform:/resource/ovinger/tests/oving6.jex' fragmentId='//@requirements.2/@requirements.5' key='test run status' value='true'/>
<eObjectEntry  timestamp='1362931448544' resUri='platform:/resource/ovinger/tests/oving6.jex' fragmentId='//@requirements.2/@requirements.7' key='test run status' value='false'/>
<eObjectEntry  timestamp='1362931448568' resUri='platform:/resource/ovinger/tests/oving6.jex' fragmentId='//@requirements.2/@requirements.9' key='test run status' value='true'/>
<eObjectEntry  timestamp='1362931448592' resUri='platform:/resource/ovinger/tests/oving6.jex' fragmentId='//@requirements.2/@requirements.11' key='test run status' value='false'/>
<eObjectEntry  timestamp='1362931543992' resUri='platform:/resource/ovinger/tests/oving6.jex' fragmentId='//@javaElements.0/@classes.2' key='junit test launch' value='AllTests'/>
<eObjectEntry  timestamp='1362931546435' resUri='platform:/resource/ovinger/tests/oving6.jex' fragmentId='//@requirements.0/@requirements.1' key='test run status' value='true'/>
<eObjectEntry  timestamp='1362931546478' resUri='platform:/resource/ovinger/tests/oving6.jex' fragmentId='//@requirements.0/@requirements.3' key='test run status' value='true'/>
<eObjectEntry  timestamp='1362931546504' resUri='platform:/resource/ovinger/tests/oving6.jex' fragmentId='//@requirements.0/@requirements.5' key='test run status' value='true'/>
<eObjectEntry  timestamp='1362931546565' resUri='platform:/resource/ovinger/tests/oving6.jex' fragmentId='//@requirements.0/@requirements.7' key='test run status' value='true'/>
<eObjectEntry  timestamp='1362931546589' resUri='platform:/resource/ovinger/tests/oving6.jex' fragmentId='//@requirements.1/@requirements.1' key='test run status' value='false'/>
<eObjectEntry  timestamp='1362931546612' resUri='platform:/resource/ovinger/tests/oving6.jex' fragmentId='//@requirements.1/@requirements.3' key='test run status' value='false'/>
<eObjectEntry  timestamp='1362931546634' resUri='platform:/resource/ovinger/tests/oving6.jex' fragmentId='//@requirements.1/@requirements.5' key='test run status' value='false'/>
<eObjectEntry  timestamp='1362931546659' resUri='platform:/resource/ovinger/tests/oving6.jex' fragmentId='//@requirements.1/@requirements.7' key='test run status' value='false'/>
<eObjectEntry  timestamp='1362931546686' resUri='platform:/resource/ovinger/tests/oving6.jex' fragmentId='//@requirements.2/@requirements.1' key='test run status' value='true'/>
<eObjectEntry  timestamp='1362931546775' resUri='platform:/resource/ovinger/tests/oving6.jex' fragmentId='//@requirements.2/@requirements.3' key='test run status' value='false'/>
<eObjectEntry  timestamp='1362931546812' resUri='platform:/resource/ovinger/tests/oving6.jex' fragmentId='//@requirements.2/@requirements.5' key='test run status' value='true'/>
<eObjectEntry  timestamp='1362931546841' resUri='platform:/resource/ovinger/tests/oving6.jex' fragmentId='//@requirements.2/@requirements.7' key='test run status' value='false'/>
<eObjectEntry  timestamp='1362931546870' resUri='platform:/resource/ovinger/tests/oving6.jex' fragmentId='//@requirements.2/@requirements.9' key='test run status' value='true'/>
<eObjectEntry  timestamp='1362931546897' resUri='platform:/resource/ovinger/tests/oving6.jex' fragmentId='//@requirements.2/@requirements.11' key='test run status' value='false'/>
<eObjectEntry  timestamp='1362931546923' resUri='platform:/resource/ovinger/tests/oving6.jex' fragmentId='//@requirements.3/@requirements.1' key='test run status' value='true'/>
<eObjectEntry  timestamp='1362931546950' resUri='platform:/resource/ovinger/tests/oving6.jex' fragmentId='//@requirements.3/@requirements.3' key='test run status' value='true'/>
<eObjectEntry  timestamp='1362931546974' resUri='platform:/resource/ovinger/tests/oving6.jex' fragmentId='//@requirements.3/@requirements.5' key='test run status' value='true'/>
<eObjectEntry  timestamp='1362931546997' resUri='platform:/resource/ovinger/tests/oving6.jex' fragmentId='//@requirements.3/@requirements.7' key='test run status' value='true'/>
<eObjectEntry  timestamp='1362931547021' resUri='platform:/resource/ovinger/tests/oving6.jex' fragmentId='//@requirements.3/@requirements.9' key='test run status' value='true'/>
<eObjectEntry  timestamp='1362931611095' resUri='platform:/resource/ovinger/tests/oving6.jex' fragmentId='//@javaElements.0/@classes.2' key='junit test launch' value='AllTests'/>
<eObjectEntry  timestamp='1362931613547' resUri='platform:/resource/ovinger/tests/oving6.jex' fragmentId='//@requirements.0/@requirements.1' key='test run status' value='true'/>
<eObjectEntry  timestamp='1362931613576' resUri='platform:/resource/ovinger/tests/oving6.jex' fragmentId='//@requirements.0/@requirements.3' key='test run status' value='true'/>
<eObjectEntry  timestamp='1362931613673' resUri='platform:/resource/ovinger/tests/oving6.jex' fragmentId='//@requirements.0/@requirements.5' key='test run status' value='true'/>
<eObjectEntry  timestamp='1362931613698' resUri='platform:/resource/ovinger/tests/oving6.jex' fragmentId='//@requirements.0/@requirements.7' key='test run status' value='true'/>
<eObjectEntry  timestamp='1362931613786' resUri='platform:/resource/ovinger/tests/oving6.jex' fragmentId='//@requirements.1/@requirements.1' key='test run status' value='false'/>
<eObjectEntry  timestamp='1362931613823' resUri='platform:/resource/ovinger/tests/oving6.jex' fragmentId='//@requirements.1/@requirements.3' key='test run status' value='false'/>
<eObjectEntry  timestamp='1362931613894' resUri='platform:/resource/ovinger/tests/oving6.jex' fragmentId='//@requirements.1/@requirements.5' key='test run status' value='false'/>
<eObjectEntry  timestamp='1362931613918' resUri='platform:/resource/ovinger/tests/oving6.jex' fragmentId='//@requirements.1/@requirements.7' key='test run status' value='false'/>
<eObjectEntry  timestamp='1362931613941' resUri='platform:/resource/ovinger/tests/oving6.jex' fragmentId='//@requirements.2/@requirements.1' key='test run status' value='true'/>
<eObjectEntry  timestamp='1362931614023' resUri='platform:/resource/ovinger/tests/oving6.jex' fragmentId='//@requirements.2/@requirements.3' key='test run status' value='true'/>
<eObjectEntry  timestamp='1362931614102' resUri='platform:/resource/ovinger/tests/oving6.jex' fragmentId='//@requirements.2/@requirements.5' key='test run status' value='true'/>
<eObjectEntry  timestamp='1362931614191' resUri='platform:/resource/ovinger/tests/oving6.jex' fragmentId='//@requirements.2/@requirements.7' key='test run status' value='true'/>
<eObjectEntry  timestamp='1362931614213' resUri='platform:/resource/ovinger/tests/oving6.jex' fragmentId='//@requirements.2/@requirements.9' key='test run status' value='true'/>
<eObjectEntry  timestamp='1362931614235' resUri='platform:/resource/ovinger/tests/oving6.jex' fragmentId='//@requirements.2/@requirements.11' key='test run status' value='true'/>
<eObjectEntry  timestamp='1362931614266' resUri='platform:/resource/ovinger/tests/oving6.jex' fragmentId='//@requirements.3/@requirements.1' key='test run status' value='true'/>
<eObjectEntry  timestamp='1362931614290' resUri='platform:/resource/ovinger/tests/oving6.jex' fragmentId='//@requirements.3/@requirements.3' key='test run status' value='true'/>
<eObjectEntry  timestamp='1362931614334' resUri='platform:/resource/ovinger/tests/oving6.jex' fragmentId='//@requirements.3/@requirements.5' key='test run status' value='true'/>
<eObjectEntry  timestamp='1362931614396' resUri='platform:/resource/ovinger/tests/oving6.jex' fragmentId='//@requirements.3/@requirements.7' key='test run status' value='true'/>
<eObjectEntry  timestamp='1362931614454' resUri='platform:/resource/ovinger/tests/oving6.jex' fragmentId='//@requirements.3/@requirements.9' key='test run status' value='true'/>
<eObjectEntry  timestamp='1362932969230' resUri='platform:/resource/ovinger/tests/oving6.jex' fragmentId='//@javaElements.0/@classes.2' key='junit test launch' value='AllTests'/>
<eObjectEntry  timestamp='1362932970779' resUri='platform:/resource/ovinger/tests/oving6.jex' fragmentId='//@requirements.0/@requirements.1' key='test run status' value='true'/>
<eObjectEntry  timestamp='1362932970788' resUri='platform:/resource/ovinger/tests/oving6.jex' fragmentId='//@requirements.0/@requirements.3' key='test run status' value='true'/>
<eObjectEntry  timestamp='1362932970797' resUri='platform:/resource/ovinger/tests/oving6.jex' fragmentId='//@requirements.0/@requirements.5' key='test run status' value='true'/>
<eObjectEntry  timestamp='1362932970806' resUri='platform:/resource/ovinger/tests/oving6.jex' fragmentId='//@requirements.0/@requirements.7' key='test run status' value='true'/>
<eObjectEntry  timestamp='1362932970814' resUri='platform:/resource/ovinger/tests/oving6.jex' fragmentId='//@requirements.1/@requirements.1' key='test run status' value='false'/>
<eObjectEntry  timestamp='1362932970822' resUri='platform:/resource/ovinger/tests/oving6.jex' fragmentId='//@requirements.1/@requirements.3' key='test run status' value='false'/>
<eObjectEntry  timestamp='1362932970836' resUri='platform:/resource/ovinger/tests/oving6.jex' fragmentId='//@requirements.1/@requirements.5' key='test run status' value='false'/>
<eObjectEntry  timestamp='1362932970844' resUri='platform:/resource/ovinger/tests/oving6.jex' fragmentId='//@requirements.1/@requirements.7' key='test run status' value='false'/>
<eObjectEntry  timestamp='1362932970851' resUri='platform:/resource/ovinger/tests/oving6.jex' fragmentId='//@requirements.2/@requirements.1' key='test run status' value='true'/>
<eObjectEntry  timestamp='1362932970859' resUri='platform:/resource/ovinger/tests/oving6.jex' fragmentId='//@requirements.2/@requirements.3' key='test run status' value='true'/>
<eObjectEntry  timestamp='1362932970868' resUri='platform:/resource/ovinger/tests/oving6.jex' fragmentId='//@requirements.2/@requirements.5' key='test run status' value='true'/>
<eObjectEntry  timestamp='1362932970888' resUri='platform:/resource/ovinger/tests/oving6.jex' fragmentId='//@requirements.2/@requirements.7' key='test run status' value='true'/>
<eObjectEntry  timestamp='1362932970912' resUri='platform:/resource/ovinger/tests/oving6.jex' fragmentId='//@requirements.2/@requirements.9' key='test run status' value='true'/>
<eObjectEntry  timestamp='1362932970919' resUri='platform:/resource/ovinger/tests/oving6.jex' fragmentId='//@requirements.2/@requirements.11' key='test run status' value='true'/>
<eObjectEntry  timestamp='1362932970926' resUri='platform:/resource/ovinger/tests/oving6.jex' fragmentId='//@requirements.3/@requirements.1' key='test run status' value='true'/>
<eObjectEntry  timestamp='1362932970933' resUri='platform:/resource/ovinger/tests/oving6.jex' fragmentId='//@requirements.3/@requirements.3' key='test run status' value='true'/>
<eObjectEntry  timestamp='1362932970940' resUri='platform:/resource/ovinger/tests/oving6.jex' fragmentId='//@requirements.3/@requirements.5' key='test run status' value='true'/>
<eObjectEntry  timestamp='1362932970947' resUri='platform:/resource/ovinger/tests/oving6.jex' fragmentId='//@requirements.3/@requirements.7' key='test run status' value='true'/>
<eObjectEntry  timestamp='1362932970972' resUri='platform:/resource/ovinger/tests/oving6.jex' fragmentId='//@requirements.3/@requirements.9' key='test run status' value='true'/>
<eObjectEntry  timestamp='1362933013774' resUri='platform:/resource/ovinger/tests/oving6.jex' fragmentId='//@javaElements.0/@classes.2' key='junit test launch' value='AllTests'/>
<eObjectEntry  timestamp='1362933015268' resUri='platform:/resource/ovinger/tests/oving6.jex' fragmentId='//@requirements.0/@requirements.1' key='test run status' value='true'/>
<eObjectEntry  timestamp='1362933015277' resUri='platform:/resource/ovinger/tests/oving6.jex' fragmentId='//@requirements.0/@requirements.3' key='test run status' value='true'/>
<eObjectEntry  timestamp='1362933015284' resUri='platform:/resource/ovinger/tests/oving6.jex' fragmentId='//@requirements.0/@requirements.5' key='test run status' value='true'/>
<eObjectEntry  timestamp='1362933015300' resUri='platform:/resource/ovinger/tests/oving6.jex' fragmentId='//@requirements.0/@requirements.7' key='test run status' value='true'/>
<eObjectEntry  timestamp='1362933015308' resUri='platform:/resource/ovinger/tests/oving6.jex' fragmentId='//@requirements.1/@requirements.1' key='test run status' value='false'/>
<eObjectEntry  timestamp='1362933015319' resUri='platform:/resource/ovinger/tests/oving6.jex' fragmentId='//@requirements.1/@requirements.3' key='test run status' value='false'/>
<eObjectEntry  timestamp='1362933015329' resUri='platform:/resource/ovinger/tests/oving6.jex' fragmentId='//@requirements.1/@requirements.5' key='test run status' value='false'/>
<eObjectEntry  timestamp='1362933015335' resUri='platform:/resource/ovinger/tests/oving6.jex' fragmentId='//@requirements.1/@requirements.7' key='test run status' value='false'/>
<eObjectEntry  timestamp='1362933015342' resUri='platform:/resource/ovinger/tests/oving6.jex' fragmentId='//@requirements.2/@requirements.1' key='test run status' value='true'/>
<eObjectEntry  timestamp='1362933015349' resUri='platform:/resource/ovinger/tests/oving6.jex' fragmentId='//@requirements.2/@requirements.3' key='test run status' value='true'/>
<eObjectEntry  timestamp='1362933015355' resUri='platform:/resource/ovinger/tests/oving6.jex' fragmentId='//@requirements.2/@requirements.5' key='test run status' value='true'/>
<eObjectEntry  timestamp='1362933015362' resUri='platform:/resource/ovinger/tests/oving6.jex' fragmentId='//@requirements.2/@requirements.7' key='test run status' value='true'/>
<eObjectEntry  timestamp='1362933015386' resUri='platform:/resource/ovinger/tests/oving6.jex' fragmentId='//@requirements.2/@requirements.9' key='test run status' value='true'/>
<eObjectEntry  timestamp='1362933015393' resUri='platform:/resource/ovinger/tests/oving6.jex' fragmentId='//@requirements.2/@requirements.11' key='test run status' value='true'/>
<eObjectEntry  timestamp='1362933015401' resUri='platform:/resource/ovinger/tests/oving6.jex' fragmentId='//@requirements.3/@requirements.1' key='test run status' value='true'/>
<eObjectEntry  timestamp='1362933015409' resUri='platform:/resource/ovinger/tests/oving6.jex' fragmentId='//@requirements.3/@requirements.3' key='test run status' value='true'/>
<eObjectEntry  timestamp='1362933015417' resUri='platform:/resource/ovinger/tests/oving6.jex' fragmentId='//@requirements.3/@requirements.5' key='test run status' value='true'/>
<eObjectEntry  timestamp='1362933015424' resUri='platform:/resource/ovinger/tests/oving6.jex' fragmentId='//@requirements.3/@requirements.7' key='test run status' value='true'/>
<eObjectEntry  timestamp='1362933015451' resUri='platform:/resource/ovinger/tests/oving6.jex' fragmentId='//@requirements.3/@requirements.9' key='test run status' value='true'/>
<eObjectEntry  timestamp='1362933598808' resUri='platform:/resource/ovinger/tests/oving6.jex' fragmentId='//@javaElements.0/@classes.2' key='junit test launch' value='AllTests'/>
<eObjectEntry  timestamp='1362933600316' resUri='platform:/resource/ovinger/tests/oving6.jex' fragmentId='//@requirements.0/@requirements.1' key='test run status' value='true'/>
<eObjectEntry  timestamp='1362933600325' resUri='platform:/resource/ovinger/tests/oving6.jex' fragmentId='//@requirements.0/@requirements.3' key='test run status' value='true'/>
<eObjectEntry  timestamp='1362933600332' resUri='platform:/resource/ovinger/tests/oving6.jex' fragmentId='//@requirements.0/@requirements.5' key='test run status' value='true'/>
<eObjectEntry  timestamp='1362933600340' resUri='platform:/resource/ovinger/tests/oving6.jex' fragmentId='//@requirements.0/@requirements.7' key='test run status' value='true'/>
<eObjectEntry  timestamp='1362933600346' resUri='platform:/resource/ovinger/tests/oving6.jex' fragmentId='//@requirements.1/@requirements.1' key='test run status' value='true'/>
<eObjectEntry  timestamp='1362933600352' resUri='platform:/resource/ovinger/tests/oving6.jex' fragmentId='//@requirements.1/@requirements.3' key='test run status' value='true'/>
<eObjectEntry  timestamp='1362933600358' resUri='platform:/resource/ovinger/tests/oving6.jex' fragmentId='//@requirements.1/@requirements.5' key='test run status' value='true'/>
<eObjectEntry  timestamp='1362933600378' resUri='platform:/resource/ovinger/tests/oving6.jex' fragmentId='//@requirements.1/@requirements.7' key='test run status' value='true'/>
<eObjectEntry  timestamp='1362933600402' resUri='platform:/resource/ovinger/tests/oving6.jex' fragmentId='//@requirements.2/@requirements.1' key='test run status' value='true'/>
<eObjectEntry  timestamp='1362933600408' resUri='platform:/resource/ovinger/tests/oving6.jex' fragmentId='//@requirements.2/@requirements.3' key='test run status' value='true'/>
<eObjectEntry  timestamp='1362933600416' resUri='platform:/resource/ovinger/tests/oving6.jex' fragmentId='//@requirements.2/@requirements.5' key='test run status' value='true'/>
<eObjectEntry  timestamp='1362933600423' resUri='platform:/resource/ovinger/tests/oving6.jex' fragmentId='//@requirements.2/@requirements.7' key='test run status' value='true'/>
<eObjectEntry  timestamp='1362933600430' resUri='platform:/resource/ovinger/tests/oving6.jex' fragmentId='//@requirements.2/@requirements.9' key='test run status' value='true'/>
<eObjectEntry  timestamp='1362933600438' resUri='platform:/resource/ovinger/tests/oving6.jex' fragmentId='//@requirements.2/@requirements.11' key='test run status' value='true'/>
<eObjectEntry  timestamp='1362933600462' resUri='platform:/resource/ovinger/tests/oving6.jex' fragmentId='//@requirements.3/@requirements.1' key='test run status' value='true'/>
<eObjectEntry  timestamp='1362933600483' resUri='platform:/resource/ovinger/tests/oving6.jex' fragmentId='//@requirements.3/@requirements.3' key='test run status' value='true'/>
<eObjectEntry  timestamp='1362933600489' resUri='platform:/resource/ovinger/tests/oving6.jex' fragmentId='//@requirements.3/@requirements.5' key='test run status' value='true'/>
<eObjectEntry  timestamp='1362933600495' resUri='platform:/resource/ovinger/tests/oving6.jex' fragmentId='//@requirements.3/@requirements.7' key='test run status' value='true'/>
<eObjectEntry  timestamp='1362933600501' resUri='platform:/resource/ovinger/tests/oving6.jex' fragmentId='//@requirements.3/@requirements.9' key='test run status' value='true'/>
<eObjectEntry  timestamp='1362933645929' resUri='platform:/resource/ovinger/tests/oving6.jex' fragmentId='//@requirements.0/@requirements.1' key='test run status' value='true'/>
<eObjectEntry  timestamp='1362933645939' resUri='platform:/resource/ovinger/tests/oving6.jex' fragmentId='//@requirements.0/@requirements.3' key='test run status' value='true'/>
<eObjectEntry  timestamp='1362933645949' resUri='platform:/resource/ovinger/tests/oving6.jex' fragmentId='//@requirements.0/@requirements.5' key='test run status' value='true'/>
<eObjectEntry  timestamp='1362933645956' resUri='platform:/resource/ovinger/tests/oving6.jex' fragmentId='//@requirements.0/@requirements.7' key='test run status' value='true'/>
<eObjectEntry  timestamp='1362933645964' resUri='platform:/resource/ovinger/tests/oving6.jex' fragmentId='//@requirements.1/@requirements.1' key='test run status' value='true'/>
<eObjectEntry  timestamp='1362933645971' resUri='platform:/resource/ovinger/tests/oving6.jex' fragmentId='//@requirements.1/@requirements.3' key='test run status' value='true'/>
<eObjectEntry  timestamp='1362933645978' resUri='platform:/resource/ovinger/tests/oving6.jex' fragmentId='//@requirements.1/@requirements.5' key='test run status' value='true'/>
<eObjectEntry  timestamp='1362933645995' resUri='platform:/resource/ovinger/tests/oving6.jex' fragmentId='//@requirements.1/@requirements.7' key='test run status' value='true'/>
<eObjectEntry  timestamp='1362933646014' resUri='platform:/resource/ovinger/tests/oving6.jex' fragmentId='//@requirements.2/@requirements.1' key='test run status' value='true'/>
<eObjectEntry  timestamp='1362933646019' resUri='platform:/resource/ovinger/tests/oving6.jex' fragmentId='//@requirements.2/@requirements.3' key='test run status' value='true'/>
<eObjectEntry  timestamp='1362933646024' resUri='platform:/resource/ovinger/tests/oving6.jex' fragmentId='//@requirements.2/@requirements.5' key='test run status' value='true'/>
<eObjectEntry  timestamp='1362933646030' resUri='platform:/resource/ovinger/tests/oving6.jex' fragmentId='//@requirements.2/@requirements.7' key='test run status' value='true'/>
<eObjectEntry  timestamp='1362933646036' resUri='platform:/resource/ovinger/tests/oving6.jex' fragmentId='//@requirements.2/@requirements.9' key='test run status' value='true'/>
<eObjectEntry  timestamp='1362933646042' resUri='platform:/resource/ovinger/tests/oving6.jex' fragmentId='//@requirements.2/@requirements.11' key='test run status' value='true'/>
<eObjectEntry  timestamp='1362933646067' resUri='platform:/resource/ovinger/tests/oving6.jex' fragmentId='//@requirements.3/@requirements.1' key='test run status' value='true'/>
<eObjectEntry  timestamp='1362933646089' resUri='platform:/resource/ovinger/tests/oving6.jex' fragmentId='//@requirements.3/@requirements.3' key='test run status' value='true'/>
<eObjectEntry  timestamp='1362933646095' resUri='platform:/resource/ovinger/tests/oving6.jex' fragmentId='//@requirements.3/@requirements.5' key='test run status' value='true'/>
<eObjectEntry  timestamp='1362933646100' resUri='platform:/resource/ovinger/tests/oving6.jex' fragmentId='//@requirements.3/@requirements.7' key='test run status' value='true'/>
<eObjectEntry  timestamp='1362933646105' resUri='platform:/resource/ovinger/tests/oving6.jex' fragmentId='//@requirements.3/@requirements.9' key='test run status' value='true'/>
<eObjectEntry  timestamp='1366362623767' resUri='platform:/resource/ovinger/tests/oving6.jex' fragmentId='//@requirements.0/@requirements.1' key='test run status' value='true'/>
<eObjectEntry  timestamp='1366362623798' resUri='platform:/resource/ovinger/tests/oving6.jex' fragmentId='//@requirements.0/@requirements.3' key='test run status' value='true'/>
<eObjectEntry  timestamp='1366362623909' resUri='platform:/resource/ovinger/tests/oving6.jex' fragmentId='//@requirements.0/@requirements.5' key='test run status' value='true'/>
<eObjectEntry  timestamp='1366362623971' resUri='platform:/resource/ovinger/tests/oving6.jex' fragmentId='//@requirements.0/@requirements.7' key='test run status' value='true'/>
<eObjectEntry  timestamp='1366362624033' resUri='platform:/resource/ovinger/tests/oving6.jex' fragmentId='//@requirements.1/@requirements.1' key='test run status' value='true'/>
<eObjectEntry  timestamp='1366362624096' resUri='platform:/resource/ovinger/tests/oving6.jex' fragmentId='//@requirements.1/@requirements.3' key='test run status' value='true'/>
<eObjectEntry  timestamp='1366362624174' resUri='platform:/resource/ovinger/tests/oving6.jex' fragmentId='//@requirements.1/@requirements.5' key='test run status' value='true'/>
<eObjectEntry  timestamp='1366362624205' resUri='platform:/resource/ovinger/tests/oving6.jex' fragmentId='//@requirements.1/@requirements.7' key='test run status' value='true'/>
<eObjectEntry  timestamp='1366362624205' resUri='platform:/resource/ovinger/tests/oving6.jex' fragmentId='//@requirements.2/@requirements.1' key='test run status' value='true'/>
<eObjectEntry  timestamp='1366362624221' resUri='platform:/resource/ovinger/tests/oving6.jex' fragmentId='//@requirements.2/@requirements.3' key='test run status' value='true'/>
<eObjectEntry  timestamp='1366362624283' resUri='platform:/resource/ovinger/tests/oving6.jex' fragmentId='//@requirements.2/@requirements.5' key='test run status' value='true'/>
<eObjectEntry  timestamp='1366362624299' resUri='platform:/resource/ovinger/tests/oving6.jex' fragmentId='//@requirements.0/@requirements.1' key='test run status' value='true'/>
<eObjectEntry  timestamp='1366362624345' resUri='platform:/resource/ovinger/tests/oving6.jex' fragmentId='//@requirements.0/@requirements.3' key='test run status' value='true'/>
<eObjectEntry  timestamp='1366362624345' resUri='platform:/resource/ovinger/tests/oving6.jex' fragmentId='//@requirements.0/@requirements.5' key='test run status' value='true'/>
<eObjectEntry  timestamp='1366362624361' resUri='platform:/resource/ovinger/tests/oving6.jex' fragmentId='//@requirements.0/@requirements.7' key='test run status' value='true'/>
<eObjectEntry  timestamp='1366362624377' resUri='platform:/resource/ovinger/tests/oving6.jex' fragmentId='//@requirements.1/@requirements.1' key='test run status' value='true'/>
<eObjectEntry  timestamp='1366362624330' resUri='platform:/resource/ovinger/tests/oving6.jex' fragmentId='//@requirements.2/@requirements.7' key='test run status' value='true'/>
<eObjectEntry  timestamp='1366362624408' resUri='platform:/resource/ovinger/tests/oving6.jex' fragmentId='//@requirements.1/@requirements.3' key='test run status' value='true'/>
<eObjectEntry  timestamp='1366362624423' resUri='platform:/resource/ovinger/tests/oving6.jex' fragmentId='//@requirements.1/@requirements.5' key='test run status' value='true'/>
<eObjectEntry  timestamp='1366362624439' resUri='platform:/resource/ovinger/tests/oving6.jex' fragmentId='//@requirements.1/@requirements.7' key='test run status' value='true'/>
<eObjectEntry  timestamp='1366362624423' resUri='platform:/resource/ovinger/tests/oving6.jex' fragmentId='//@requirements.2/@requirements.9' key='test run status' value='true'/>
<eObjectEntry  timestamp='1366362624455' resUri='platform:/resource/ovinger/tests/oving6.jex' fragmentId='//@requirements.2/@requirements.1' key='test run status' value='true'/>
<eObjectEntry  timestamp='1366362624501' resUri='platform:/resource/ovinger/tests/oving6.jex' fragmentId='//@requirements.2/@requirements.11' key='test run status' value='true'/>
<eObjectEntry  timestamp='1366362624533' resUri='platform:/resource/ovinger/tests/oving6.jex' fragmentId='//@requirements.2/@requirements.3' key='test run status' value='true'/>
<eObjectEntry  timestamp='1366362624548' resUri='platform:/resource/ovinger/tests/oving6.jex' fragmentId='//@requirements.3/@requirements.1' key='test run status' value='true'/>
<eObjectEntry  timestamp='1366362624626' resUri='platform:/resource/ovinger/tests/oving6.jex' fragmentId='//@requirements.3/@requirements.3' key='test run status' value='true'/>
<eObjectEntry  timestamp='1366362624626' resUri='platform:/resource/ovinger/tests/oving6.jex' fragmentId='//@requirements.2/@requirements.5' key='test run status' value='true'/>
<eObjectEntry  timestamp='1366362624642' resUri='platform:/resource/ovinger/tests/oving6.jex' fragmentId='//@requirements.2/@requirements.7' key='test run status' value='true'/>
<eObjectEntry  timestamp='1366362624673' resUri='platform:/resource/ovinger/tests/oving6.jex' fragmentId='//@requirements.2/@requirements.9' key='test run status' value='true'/>
<eObjectEntry  timestamp='1366362624689' resUri='platform:/resource/ovinger/tests/oving6.jex' fragmentId='//@requirements.3/@requirements.5' key='test run status' value='true'/>
<eObjectEntry  timestamp='1366362624704' resUri='platform:/resource/ovinger/tests/oving6.jex' fragmentId='//@requirements.2/@requirements.11' key='test run status' value='true'/>
<eObjectEntry  timestamp='1366362624720' resUri='platform:/resource/ovinger/tests/oving6.jex' fragmentId='//@requirements.3/@requirements.7' key='test run status' value='true'/>
<eObjectEntry  timestamp='1366362624735' resUri='platform:/resource/ovinger/tests/oving6.jex' fragmentId='//@requirements.3/@requirements.9' key='test run status' value='true'/>
<eObjectEntry  timestamp='1366362624720' resUri='platform:/resource/ovinger/tests/oving6.jex' fragmentId='//@requirements.3/@requirements.1' key='test run status' value='true'/>
<eObjectEntry  timestamp='1366362624767' resUri='platform:/resource/ovinger/tests/oving6.jex' fragmentId='//@requirements.3/@requirements.3' key='test run status' value='true'/>
<eObjectEntry  timestamp='1366362624798' resUri='platform:/resource/ovinger/tests/oving6.jex' fragmentId='//@requirements.3/@requirements.5' key='test run status' value='true'/>
<eObjectEntry  timestamp='1366362624798' resUri='platform:/resource/ovinger/tests/oving6.jex' fragmentId='//@requirements.3/@requirements.7' key='test run status' value='true'/>
<eObjectEntry  timestamp='1366362624813' resUri='platform:/resource/ovinger/tests/oving6.jex' fragmentId='//@requirements.3/@requirements.9' key='test run status' value='true'/>
