<eResourceEntry  timestamp='1365529176721' resUri='platform:/resource/ovinger/tests/oving9.jex' key='resource selected' value='null'/>
<eObjectEntry  timestamp='1365529181327' resUri='platform:/resource/ovinger/tests/oving9.jex' fragmentId='//@javaElements.0/@classes.4' key='junit test launch' value='AllTests'/>
<eObjectEntry  timestamp='1365530266526' resUri='platform:/resource/ovinger/tests/oving9.jex' fragmentId='//@javaElements.0/@classes.4' key='junit test launch' value='AllTests'/>
<eObjectEntry  timestamp='1365530268639' resUri='platform:/resource/ovinger/tests/oving9.jex' fragmentId='//@requirements.0/@requirements.1' key='test run status' value='true'/>
<eObjectEntry  timestamp='1365530268646' resUri='platform:/resource/ovinger/tests/oving9.jex' fragmentId='//@requirements.0/@requirements.3' key='test run status' value='false'/>
<eObjectEntry  timestamp='1365530268652' resUri='platform:/resource/ovinger/tests/oving9.jex' fragmentId='//@requirements.0/@requirements.5' key='test run status' value='false'/>
<eObjectEntry  timestamp='1365530268658' resUri='platform:/resource/ovinger/tests/oving9.jex' fragmentId='//@requirements.0/@requirements.7' key='test run status' value='false'/>
<eObjectEntry  timestamp='1365530268664' resUri='platform:/resource/ovinger/tests/oving9.jex' fragmentId='//@requirements.0/@requirements.9' key='test run status' value='false'/>
<eObjectEntry  timestamp='1365530268671' resUri='platform:/resource/ovinger/tests/oving9.jex' fragmentId='//@requirements.0/@requirements.11' key='test run status' value='false'/>
<eObjectEntry  timestamp='1365530268678' resUri='platform:/resource/ovinger/tests/oving9.jex' fragmentId='//@requirements.0/@requirements.13' key='test run status' value='false'/>
<eObjectEntry  timestamp='1365530268683' resUri='platform:/resource/ovinger/tests/oving9.jex' fragmentId='//@requirements.1/@requirements.1' key='test run status' value='false'/>
<eObjectEntry  timestamp='1365530268695' resUri='platform:/resource/ovinger/tests/oving9.jex' fragmentId='//@requirements.1/@requirements.3' key='test run status' value='false'/>
<eObjectEntry  timestamp='1365530268700' resUri='platform:/resource/ovinger/tests/oving9.jex' fragmentId='//@requirements.1/@requirements.5' key='test run status' value='false'/>
<eObjectEntry  timestamp='1365530268706' resUri='platform:/resource/ovinger/tests/oving9.jex' fragmentId='//@requirements.1/@requirements.7' key='test run status' value='false'/>
<eObjectEntry  timestamp='1365530268712' resUri='platform:/resource/ovinger/tests/oving9.jex' fragmentId='//@requirements.1/@requirements.9' key='test run status' value='false'/>
<eObjectEntry  timestamp='1365531209023' resUri='platform:/resource/ovinger/tests/oving9.jex' fragmentId='//@javaElements.0/@classes.4' key='junit test launch' value='AllTests'/>
<eObjectEntry  timestamp='1365531212716' resUri='platform:/resource/ovinger/tests/oving9.jex' fragmentId='//@requirements.0/@requirements.1' key='test run status' value='true'/>
<eObjectEntry  timestamp='1365531212754' resUri='platform:/resource/ovinger/tests/oving9.jex' fragmentId='//@requirements.0/@requirements.3' key='test run status' value='false'/>
<eObjectEntry  timestamp='1365531212809' resUri='platform:/resource/ovinger/tests/oving9.jex' fragmentId='//@requirements.0/@requirements.5' key='test run status' value='false'/>
<eObjectEntry  timestamp='1365531213039' resUri='platform:/resource/ovinger/tests/oving9.jex' fragmentId='//@requirements.0/@requirements.7' key='test run status' value='false'/>
<eObjectEntry  timestamp='1365531213082' resUri='platform:/resource/ovinger/tests/oving9.jex' fragmentId='//@requirements.0/@requirements.9' key='test run status' value='false'/>
<eObjectEntry  timestamp='1365531213100' resUri='platform:/resource/ovinger/tests/oving9.jex' fragmentId='//@requirements.0/@requirements.11' key='test run status' value='false'/>
<eObjectEntry  timestamp='1365531213119' resUri='platform:/resource/ovinger/tests/oving9.jex' fragmentId='//@requirements.0/@requirements.13' key='test run status' value='false'/>
<eObjectEntry  timestamp='1365531213138' resUri='platform:/resource/ovinger/tests/oving9.jex' fragmentId='//@requirements.1/@requirements.1' key='test run status' value='false'/>
<eObjectEntry  timestamp='1365531213159' resUri='platform:/resource/ovinger/tests/oving9.jex' fragmentId='//@requirements.1/@requirements.3' key='test run status' value='false'/>
<eObjectEntry  timestamp='1365531213179' resUri='platform:/resource/ovinger/tests/oving9.jex' fragmentId='//@requirements.1/@requirements.5' key='test run status' value='false'/>
<eObjectEntry  timestamp='1365531213272' resUri='platform:/resource/ovinger/tests/oving9.jex' fragmentId='//@requirements.1/@requirements.7' key='test run status' value='false'/>
<eObjectEntry  timestamp='1365531213292' resUri='platform:/resource/ovinger/tests/oving9.jex' fragmentId='//@requirements.1/@requirements.9' key='test run status' value='false'/>
<eObjectEntry  timestamp='1365531671328' resUri='platform:/resource/ovinger/tests/oving9.jex' fragmentId='//@javaElements.0/@classes.4' key='junit test launch' value='AllTests'/>
<eObjectEntry  timestamp='1365531673371' resUri='platform:/resource/ovinger/tests/oving9.jex' fragmentId='//@requirements.0/@requirements.1' key='test run status' value='true'/>
<eObjectEntry  timestamp='1365531673407' resUri='platform:/resource/ovinger/tests/oving9.jex' fragmentId='//@requirements.0/@requirements.3' key='test run status' value='false'/>
<eObjectEntry  timestamp='1365531673432' resUri='platform:/resource/ovinger/tests/oving9.jex' fragmentId='//@requirements.0/@requirements.5' key='test run status' value='true'/>
<eObjectEntry  timestamp='1365531673457' resUri='platform:/resource/ovinger/tests/oving9.jex' fragmentId='//@requirements.0/@requirements.7' key='test run status' value='true'/>
<eObjectEntry  timestamp='1365531673476' resUri='platform:/resource/ovinger/tests/oving9.jex' fragmentId='//@requirements.0/@requirements.9' key='test run status' value='true'/>
<eObjectEntry  timestamp='1365531673495' resUri='platform:/resource/ovinger/tests/oving9.jex' fragmentId='//@requirements.0/@requirements.11' key='test run status' value='false'/>
<eObjectEntry  timestamp='1365531673515' resUri='platform:/resource/ovinger/tests/oving9.jex' fragmentId='//@requirements.0/@requirements.13' key='test run status' value='false'/>
<eObjectEntry  timestamp='1365531673570' resUri='platform:/resource/ovinger/tests/oving9.jex' fragmentId='//@requirements.1/@requirements.1' key='test run status' value='false'/>
<eObjectEntry  timestamp='1365531673608' resUri='platform:/resource/ovinger/tests/oving9.jex' fragmentId='//@requirements.1/@requirements.3' key='test run status' value='false'/>
<eObjectEntry  timestamp='1365531673640' resUri='platform:/resource/ovinger/tests/oving9.jex' fragmentId='//@requirements.1/@requirements.5' key='test run status' value='false'/>
<eObjectEntry  timestamp='1365531673662' resUri='platform:/resource/ovinger/tests/oving9.jex' fragmentId='//@requirements.1/@requirements.7' key='test run status' value='false'/>
<eObjectEntry  timestamp='1365531673696' resUri='platform:/resource/ovinger/tests/oving9.jex' fragmentId='//@requirements.1/@requirements.9' key='test run status' value='false'/>
<eObjectEntry  timestamp='1365531763267' resUri='platform:/resource/ovinger/tests/oving9.jex' fragmentId='//@javaElements.0/@classes.4' key='junit test launch' value='AllTests'/>
<eObjectEntry  timestamp='1365531766194' resUri='platform:/resource/ovinger/tests/oving9.jex' fragmentId='//@requirements.0/@requirements.1' key='test run status' value='true'/>
<eObjectEntry  timestamp='1365531766230' resUri='platform:/resource/ovinger/tests/oving9.jex' fragmentId='//@requirements.0/@requirements.3' key='test run status' value='false'/>
<eObjectEntry  timestamp='1365531766252' resUri='platform:/resource/ovinger/tests/oving9.jex' fragmentId='//@requirements.0/@requirements.5' key='test run status' value='true'/>
<eObjectEntry  timestamp='1365531766272' resUri='platform:/resource/ovinger/tests/oving9.jex' fragmentId='//@requirements.0/@requirements.7' key='test run status' value='true'/>
<eObjectEntry  timestamp='1365531766292' resUri='platform:/resource/ovinger/tests/oving9.jex' fragmentId='//@requirements.0/@requirements.9' key='test run status' value='true'/>
<eObjectEntry  timestamp='1365531766318' resUri='platform:/resource/ovinger/tests/oving9.jex' fragmentId='//@requirements.0/@requirements.11' key='test run status' value='false'/>
<eObjectEntry  timestamp='1365531766349' resUri='platform:/resource/ovinger/tests/oving9.jex' fragmentId='//@requirements.0/@requirements.13' key='test run status' value='false'/>
<eObjectEntry  timestamp='1365531766370' resUri='platform:/resource/ovinger/tests/oving9.jex' fragmentId='//@requirements.1/@requirements.1' key='test run status' value='false'/>
<eObjectEntry  timestamp='1365531766396' resUri='platform:/resource/ovinger/tests/oving9.jex' fragmentId='//@requirements.1/@requirements.3' key='test run status' value='false'/>
<eObjectEntry  timestamp='1365531766418' resUri='platform:/resource/ovinger/tests/oving9.jex' fragmentId='//@requirements.1/@requirements.5' key='test run status' value='false'/>
<eObjectEntry  timestamp='1365531766438' resUri='platform:/resource/ovinger/tests/oving9.jex' fragmentId='//@requirements.1/@requirements.7' key='test run status' value='false'/>
<eObjectEntry  timestamp='1365531766460' resUri='platform:/resource/ovinger/tests/oving9.jex' fragmentId='//@requirements.1/@requirements.9' key='test run status' value='false'/>
<eObjectEntry  timestamp='1365532000748' resUri='platform:/resource/ovinger/tests/oving9.jex' fragmentId='//@javaElements.0/@classes.4' key='junit test launch' value='AllTests'/>
<eObjectEntry  timestamp='1365532002452' resUri='platform:/resource/ovinger/tests/oving9.jex' fragmentId='//@requirements.0/@requirements.1' key='test run status' value='true'/>
<eObjectEntry  timestamp='1365532002464' resUri='platform:/resource/ovinger/tests/oving9.jex' fragmentId='//@requirements.0/@requirements.3' key='test run status' value='false'/>
<eObjectEntry  timestamp='1365532002473' resUri='platform:/resource/ovinger/tests/oving9.jex' fragmentId='//@requirements.0/@requirements.5' key='test run status' value='true'/>
<eObjectEntry  timestamp='1365532002479' resUri='platform:/resource/ovinger/tests/oving9.jex' fragmentId='//@requirements.0/@requirements.7' key='test run status' value='true'/>
<eObjectEntry  timestamp='1365532002485' resUri='platform:/resource/ovinger/tests/oving9.jex' fragmentId='//@requirements.0/@requirements.9' key='test run status' value='true'/>
<eObjectEntry  timestamp='1365532002491' resUri='platform:/resource/ovinger/tests/oving9.jex' fragmentId='//@requirements.0/@requirements.11' key='test run status' value='false'/>
<eObjectEntry  timestamp='1365532002497' resUri='platform:/resource/ovinger/tests/oving9.jex' fragmentId='//@requirements.0/@requirements.13' key='test run status' value='false'/>
<eObjectEntry  timestamp='1365532002502' resUri='platform:/resource/ovinger/tests/oving9.jex' fragmentId='//@requirements.1/@requirements.1' key='test run status' value='false'/>
<eObjectEntry  timestamp='1365532002508' resUri='platform:/resource/ovinger/tests/oving9.jex' fragmentId='//@requirements.1/@requirements.3' key='test run status' value='false'/>
<eObjectEntry  timestamp='1365532002513' resUri='platform:/resource/ovinger/tests/oving9.jex' fragmentId='//@requirements.1/@requirements.5' key='test run status' value='false'/>
<eObjectEntry  timestamp='1365532002519' resUri='platform:/resource/ovinger/tests/oving9.jex' fragmentId='//@requirements.1/@requirements.7' key='test run status' value='false'/>
<eObjectEntry  timestamp='1365532002525' resUri='platform:/resource/ovinger/tests/oving9.jex' fragmentId='//@requirements.1/@requirements.9' key='test run status' value='false'/>
<eResourceEntry  timestamp='1366105473322' resUri='platform:/resource/ovinger/tests/oving9.jex' key='resource selected' value='null'/>
<eObjectEntry  timestamp='1366105474789' resUri='platform:/resource/ovinger/tests/oving9.jex' fragmentId='//@javaElements.0/@classes.4' key='junit test launch' value='AllTests'/>
<eObjectEntry  timestamp='1366105493181' resUri='platform:/resource/ovinger/tests/oving9.jex' fragmentId='//@requirements.0/@requirements.1' key='test run status' value='true'/>
<eObjectEntry  timestamp='1366105493197' resUri='platform:/resource/ovinger/tests/oving9.jex' fragmentId='//@requirements.0/@requirements.3' key='test run status' value='false'/>
<eObjectEntry  timestamp='1366105493212' resUri='platform:/resource/ovinger/tests/oving9.jex' fragmentId='//@requirements.0/@requirements.5' key='test run status' value='true'/>
<eObjectEntry  timestamp='1366105493228' resUri='platform:/resource/ovinger/tests/oving9.jex' fragmentId='//@requirements.0/@requirements.7' key='test run status' value='true'/>
<eObjectEntry  timestamp='1366105493337' resUri='platform:/resource/ovinger/tests/oving9.jex' fragmentId='//@requirements.0/@requirements.9' key='test run status' value='true'/>
<eObjectEntry  timestamp='1366105493431' resUri='platform:/resource/ovinger/tests/oving9.jex' fragmentId='//@requirements.0/@requirements.11' key='test run status' value='false'/>
<eObjectEntry  timestamp='1366105493446' resUri='platform:/resource/ovinger/tests/oving9.jex' fragmentId='//@requirements.0/@requirements.13' key='test run status' value='false'/>
<eObjectEntry  timestamp='1366105493540' resUri='platform:/resource/ovinger/tests/oving9.jex' fragmentId='//@requirements.1/@requirements.1' key='test run status' value='false'/>
<eObjectEntry  timestamp='1366105493587' resUri='platform:/resource/ovinger/tests/oving9.jex' fragmentId='//@requirements.1/@requirements.3' key='test run status' value='false'/>
<eObjectEntry  timestamp='1366105493602' resUri='platform:/resource/ovinger/tests/oving9.jex' fragmentId='//@requirements.1/@requirements.5' key='test run status' value='false'/>
<eObjectEntry  timestamp='1366105493618' resUri='platform:/resource/ovinger/tests/oving9.jex' fragmentId='//@requirements.1/@requirements.7' key='test run status' value='false'/>
<eObjectEntry  timestamp='1366105493633' resUri='platform:/resource/ovinger/tests/oving9.jex' fragmentId='//@requirements.1/@requirements.9' key='test run status' value='false'/>
<eObjectEntry  timestamp='1366105641444' resUri='platform:/resource/ovinger/tests/oving9.jex' fragmentId='//@javaElements.0/@classes.4' key='junit test launch' value='AllTests'/>
<eObjectEntry  timestamp='1366105643160' resUri='platform:/resource/ovinger/tests/oving9.jex' fragmentId='//@requirements.0/@requirements.1' key='test run status' value='true'/>
<eObjectEntry  timestamp='1366105643160' resUri='platform:/resource/ovinger/tests/oving9.jex' fragmentId='//@requirements.0/@requirements.3' key='test run status' value='false'/>
<eObjectEntry  timestamp='1366105643175' resUri='platform:/resource/ovinger/tests/oving9.jex' fragmentId='//@requirements.0/@requirements.5' key='test run status' value='true'/>
<eObjectEntry  timestamp='1366105643175' resUri='platform:/resource/ovinger/tests/oving9.jex' fragmentId='//@requirements.0/@requirements.7' key='test run status' value='true'/>
<eObjectEntry  timestamp='1366105643175' resUri='platform:/resource/ovinger/tests/oving9.jex' fragmentId='//@requirements.0/@requirements.9' key='test run status' value='true'/>
<eObjectEntry  timestamp='1366105643191' resUri='platform:/resource/ovinger/tests/oving9.jex' fragmentId='//@requirements.0/@requirements.11' key='test run status' value='false'/>
<eObjectEntry  timestamp='1366105643191' resUri='platform:/resource/ovinger/tests/oving9.jex' fragmentId='//@requirements.0/@requirements.13' key='test run status' value='false'/>
<eObjectEntry  timestamp='1366105643207' resUri='platform:/resource/ovinger/tests/oving9.jex' fragmentId='//@requirements.1/@requirements.1' key='test run status' value='false'/>
<eObjectEntry  timestamp='1366105643238' resUri='platform:/resource/ovinger/tests/oving9.jex' fragmentId='//@requirements.1/@requirements.3' key='test run status' value='false'/>
<eObjectEntry  timestamp='1366105643253' resUri='platform:/resource/ovinger/tests/oving9.jex' fragmentId='//@requirements.1/@requirements.5' key='test run status' value='false'/>
<eObjectEntry  timestamp='1366105643285' resUri='platform:/resource/ovinger/tests/oving9.jex' fragmentId='//@requirements.1/@requirements.7' key='test run status' value='false'/>
<eObjectEntry  timestamp='1366105643285' resUri='platform:/resource/ovinger/tests/oving9.jex' fragmentId='//@requirements.1/@requirements.9' key='test run status' value='false'/>
<eResourceEntry  timestamp='1366153687029' resUri='platform:/resource/ovinger/tests/oving9.jex' key='resource selected' value='null'/>
<eObjectEntry  timestamp='1366153687596' resUri='platform:/resource/ovinger/tests/oving9.jex' fragmentId='//@javaElements.0/@classes.4' key='junit test launch' value='AllTests'/>
<eObjectEntry  timestamp='1366153689511' resUri='platform:/resource/ovinger/tests/oving9.jex' fragmentId='//@requirements.0/@requirements.1' key='test run status' value='true'/>
<eObjectEntry  timestamp='1366153689524' resUri='platform:/resource/ovinger/tests/oving9.jex' fragmentId='//@requirements.0/@requirements.3' key='test run status' value='false'/>
<eObjectEntry  timestamp='1366153689532' resUri='platform:/resource/ovinger/tests/oving9.jex' fragmentId='//@requirements.0/@requirements.5' key='test run status' value='true'/>
<eObjectEntry  timestamp='1366153689542' resUri='platform:/resource/ovinger/tests/oving9.jex' fragmentId='//@requirements.0/@requirements.7' key='test run status' value='true'/>
<eObjectEntry  timestamp='1366153689548' resUri='platform:/resource/ovinger/tests/oving9.jex' fragmentId='//@requirements.0/@requirements.9' key='test run status' value='true'/>
<eObjectEntry  timestamp='1366153689553' resUri='platform:/resource/ovinger/tests/oving9.jex' fragmentId='//@requirements.0/@requirements.11' key='test run status' value='false'/>
<eObjectEntry  timestamp='1366153689558' resUri='platform:/resource/ovinger/tests/oving9.jex' fragmentId='//@requirements.0/@requirements.13' key='test run status' value='false'/>
<eObjectEntry  timestamp='1366153689564' resUri='platform:/resource/ovinger/tests/oving9.jex' fragmentId='//@requirements.1/@requirements.1' key='test run status' value='false'/>
<eObjectEntry  timestamp='1366153689569' resUri='platform:/resource/ovinger/tests/oving9.jex' fragmentId='//@requirements.1/@requirements.3' key='test run status' value='false'/>
<eObjectEntry  timestamp='1366153689574' resUri='platform:/resource/ovinger/tests/oving9.jex' fragmentId='//@requirements.1/@requirements.5' key='test run status' value='false'/>
<eObjectEntry  timestamp='1366153689587' resUri='platform:/resource/ovinger/tests/oving9.jex' fragmentId='//@requirements.1/@requirements.7' key='test run status' value='false'/>
<eObjectEntry  timestamp='1366153689592' resUri='platform:/resource/ovinger/tests/oving9.jex' fragmentId='//@requirements.1/@requirements.9' key='test run status' value='false'/>
<eObjectEntry  timestamp='1366154379204' resUri='platform:/resource/ovinger/tests/oving9.jex' fragmentId='//@javaElements.0/@classes.4' key='junit test launch' value='AllTests'/>
<eObjectEntry  timestamp='1366154380716' resUri='platform:/resource/ovinger/tests/oving9.jex' fragmentId='//@requirements.0/@requirements.1' key='test run status' value='true'/>
<eObjectEntry  timestamp='1366154380722' resUri='platform:/resource/ovinger/tests/oving9.jex' fragmentId='//@requirements.0/@requirements.3' key='test run status' value='false'/>
<eObjectEntry  timestamp='1366154380727' resUri='platform:/resource/ovinger/tests/oving9.jex' fragmentId='//@requirements.0/@requirements.5' key='test run status' value='true'/>
<eObjectEntry  timestamp='1366154380733' resUri='platform:/resource/ovinger/tests/oving9.jex' fragmentId='//@requirements.0/@requirements.7' key='test run status' value='true'/>
<eObjectEntry  timestamp='1366154380739' resUri='platform:/resource/ovinger/tests/oving9.jex' fragmentId='//@requirements.0/@requirements.9' key='test run status' value='true'/>
<eObjectEntry  timestamp='1366154380745' resUri='platform:/resource/ovinger/tests/oving9.jex' fragmentId='//@requirements.0/@requirements.11' key='test run status' value='false'/>
<eObjectEntry  timestamp='1366154380752' resUri='platform:/resource/ovinger/tests/oving9.jex' fragmentId='//@requirements.0/@requirements.13' key='test run status' value='false'/>
<eObjectEntry  timestamp='1366154380756' resUri='platform:/resource/ovinger/tests/oving9.jex' fragmentId='//@requirements.1/@requirements.1' key='test run status' value='false'/>
<eObjectEntry  timestamp='1366154380761' resUri='platform:/resource/ovinger/tests/oving9.jex' fragmentId='//@requirements.1/@requirements.3' key='test run status' value='false'/>
<eObjectEntry  timestamp='1366154380766' resUri='platform:/resource/ovinger/tests/oving9.jex' fragmentId='//@requirements.1/@requirements.5' key='test run status' value='false'/>
<eObjectEntry  timestamp='1366154380787' resUri='platform:/resource/ovinger/tests/oving9.jex' fragmentId='//@requirements.1/@requirements.7' key='test run status' value='false'/>
<eObjectEntry  timestamp='1366154380807' resUri='platform:/resource/ovinger/tests/oving9.jex' fragmentId='//@requirements.1/@requirements.9' key='test run status' value='false'/>
<eObjectEntry  timestamp='1366154579970' resUri='platform:/resource/ovinger/tests/oving9.jex' fragmentId='//@javaElements.0/@classes.4' key='junit test launch' value='AllTests'/>
<eObjectEntry  timestamp='1366154581382' resUri='platform:/resource/ovinger/tests/oving9.jex' fragmentId='//@requirements.0/@requirements.1' key='test run status' value='true'/>
<eObjectEntry  timestamp='1366154581387' resUri='platform:/resource/ovinger/tests/oving9.jex' fragmentId='//@requirements.0/@requirements.3' key='test run status' value='false'/>
<eObjectEntry  timestamp='1366154581393' resUri='platform:/resource/ovinger/tests/oving9.jex' fragmentId='//@requirements.0/@requirements.5' key='test run status' value='true'/>
<eObjectEntry  timestamp='1366154581414' resUri='platform:/resource/ovinger/tests/oving9.jex' fragmentId='//@requirements.0/@requirements.7' key='test run status' value='true'/>
<eObjectEntry  timestamp='1366154581423' resUri='platform:/resource/ovinger/tests/oving9.jex' fragmentId='//@requirements.0/@requirements.9' key='test run status' value='true'/>
<eObjectEntry  timestamp='1366154581432' resUri='platform:/resource/ovinger/tests/oving9.jex' fragmentId='//@requirements.0/@requirements.11' key='test run status' value='false'/>
<eObjectEntry  timestamp='1366154581446' resUri='platform:/resource/ovinger/tests/oving9.jex' fragmentId='//@requirements.0/@requirements.13' key='test run status' value='false'/>
<eObjectEntry  timestamp='1366154581474' resUri='platform:/resource/ovinger/tests/oving9.jex' fragmentId='//@requirements.1/@requirements.1' key='test run status' value='false'/>
<eObjectEntry  timestamp='1366154581498' resUri='platform:/resource/ovinger/tests/oving9.jex' fragmentId='//@requirements.1/@requirements.3' key='test run status' value='false'/>
<eObjectEntry  timestamp='1366154581519' resUri='platform:/resource/ovinger/tests/oving9.jex' fragmentId='//@requirements.1/@requirements.5' key='test run status' value='false'/>
<eObjectEntry  timestamp='1366154581525' resUri='platform:/resource/ovinger/tests/oving9.jex' fragmentId='//@requirements.1/@requirements.7' key='test run status' value='false'/>
<eObjectEntry  timestamp='1366154581531' resUri='platform:/resource/ovinger/tests/oving9.jex' fragmentId='//@requirements.1/@requirements.9' key='test run status' value='false'/>
<eObjectEntry  timestamp='1366154820566' resUri='platform:/resource/ovinger/tests/oving9.jex' fragmentId='//@javaElements.0/@classes.4' key='junit test launch' value='AllTests'/>
<eObjectEntry  timestamp='1366154822085' resUri='platform:/resource/ovinger/tests/oving9.jex' fragmentId='//@requirements.0/@requirements.1' key='test run status' value='true'/>
<eObjectEntry  timestamp='1366154822091' resUri='platform:/resource/ovinger/tests/oving9.jex' fragmentId='//@requirements.0/@requirements.3' key='test run status' value='false'/>
<eObjectEntry  timestamp='1366154822097' resUri='platform:/resource/ovinger/tests/oving9.jex' fragmentId='//@requirements.0/@requirements.5' key='test run status' value='true'/>
<eObjectEntry  timestamp='1366154822103' resUri='platform:/resource/ovinger/tests/oving9.jex' fragmentId='//@requirements.0/@requirements.7' key='test run status' value='true'/>
<eObjectEntry  timestamp='1366154822109' resUri='platform:/resource/ovinger/tests/oving9.jex' fragmentId='//@requirements.0/@requirements.9' key='test run status' value='true'/>
<eObjectEntry  timestamp='1366154822113' resUri='platform:/resource/ovinger/tests/oving9.jex' fragmentId='//@requirements.0/@requirements.11' key='test run status' value='false'/>
<eObjectEntry  timestamp='1366154822118' resUri='platform:/resource/ovinger/tests/oving9.jex' fragmentId='//@requirements.0/@requirements.13' key='test run status' value='false'/>
<eObjectEntry  timestamp='1366154822123' resUri='platform:/resource/ovinger/tests/oving9.jex' fragmentId='//@requirements.1/@requirements.1' key='test run status' value='false'/>
<eObjectEntry  timestamp='1366154822127' resUri='platform:/resource/ovinger/tests/oving9.jex' fragmentId='//@requirements.1/@requirements.3' key='test run status' value='false'/>
<eObjectEntry  timestamp='1366154822132' resUri='platform:/resource/ovinger/tests/oving9.jex' fragmentId='//@requirements.1/@requirements.5' key='test run status' value='false'/>
<eObjectEntry  timestamp='1366154822138' resUri='platform:/resource/ovinger/tests/oving9.jex' fragmentId='//@requirements.1/@requirements.7' key='test run status' value='false'/>
<eObjectEntry  timestamp='1366154822162' resUri='platform:/resource/ovinger/tests/oving9.jex' fragmentId='//@requirements.1/@requirements.9' key='test run status' value='false'/>
<eObjectEntry  timestamp='1366154948929' resUri='platform:/resource/ovinger/tests/oving9.jex' fragmentId='//@javaElements.0/@classes.4' key='junit test launch' value='AllTests'/>
<eObjectEntry  timestamp='1366154950440' resUri='platform:/resource/ovinger/tests/oving9.jex' fragmentId='//@requirements.0/@requirements.1' key='test run status' value='true'/>
<eObjectEntry  timestamp='1366154950446' resUri='platform:/resource/ovinger/tests/oving9.jex' fragmentId='//@requirements.0/@requirements.3' key='test run status' value='false'/>
<eObjectEntry  timestamp='1366154950452' resUri='platform:/resource/ovinger/tests/oving9.jex' fragmentId='//@requirements.0/@requirements.5' key='test run status' value='true'/>
<eObjectEntry  timestamp='1366154950461' resUri='platform:/resource/ovinger/tests/oving9.jex' fragmentId='//@requirements.0/@requirements.7' key='test run status' value='true'/>
<eObjectEntry  timestamp='1366154950467' resUri='platform:/resource/ovinger/tests/oving9.jex' fragmentId='//@requirements.0/@requirements.9' key='test run status' value='true'/>
<eObjectEntry  timestamp='1366154950479' resUri='platform:/resource/ovinger/tests/oving9.jex' fragmentId='//@requirements.0/@requirements.11' key='test run status' value='false'/>
<eObjectEntry  timestamp='1366154950485' resUri='platform:/resource/ovinger/tests/oving9.jex' fragmentId='//@requirements.0/@requirements.13' key='test run status' value='false'/>
<eObjectEntry  timestamp='1366154950491' resUri='platform:/resource/ovinger/tests/oving9.jex' fragmentId='//@requirements.1/@requirements.1' key='test run status' value='false'/>
<eObjectEntry  timestamp='1366154950513' resUri='platform:/resource/ovinger/tests/oving9.jex' fragmentId='//@requirements.1/@requirements.3' key='test run status' value='false'/>
<eObjectEntry  timestamp='1366154950552' resUri='platform:/resource/ovinger/tests/oving9.jex' fragmentId='//@requirements.1/@requirements.5' key='test run status' value='false'/>
<eObjectEntry  timestamp='1366154950572' resUri='platform:/resource/ovinger/tests/oving9.jex' fragmentId='//@requirements.1/@requirements.7' key='test run status' value='false'/>
<eObjectEntry  timestamp='1366154950578' resUri='platform:/resource/ovinger/tests/oving9.jex' fragmentId='//@requirements.1/@requirements.9' key='test run status' value='false'/>
<eObjectEntry  timestamp='1366155502266' resUri='platform:/resource/ovinger/tests/oving9.jex' fragmentId='//@javaElements.0/@classes.4' key='junit test launch' value='AllTests'/>
<eObjectEntry  timestamp='1366155503834' resUri='platform:/resource/ovinger/tests/oving9.jex' fragmentId='//@requirements.0/@requirements.1' key='test run status' value='true'/>
<eObjectEntry  timestamp='1366155503841' resUri='platform:/resource/ovinger/tests/oving9.jex' fragmentId='//@requirements.0/@requirements.3' key='test run status' value='true'/>
<eObjectEntry  timestamp='1366155503856' resUri='platform:/resource/ovinger/tests/oving9.jex' fragmentId='//@requirements.0/@requirements.5' key='test run status' value='true'/>
<eObjectEntry  timestamp='1366155503861' resUri='platform:/resource/ovinger/tests/oving9.jex' fragmentId='//@requirements.0/@requirements.7' key='test run status' value='true'/>
<eObjectEntry  timestamp='1366155503866' resUri='platform:/resource/ovinger/tests/oving9.jex' fragmentId='//@requirements.0/@requirements.9' key='test run status' value='true'/>
<eObjectEntry  timestamp='1366155503871' resUri='platform:/resource/ovinger/tests/oving9.jex' fragmentId='//@requirements.0/@requirements.11' key='test run status' value='false'/>
<eObjectEntry  timestamp='1366155503875' resUri='platform:/resource/ovinger/tests/oving9.jex' fragmentId='//@requirements.0/@requirements.13' key='test run status' value='false'/>
<eObjectEntry  timestamp='1366155503879' resUri='platform:/resource/ovinger/tests/oving9.jex' fragmentId='//@requirements.1/@requirements.1' key='test run status' value='false'/>
<eObjectEntry  timestamp='1366155503885' resUri='platform:/resource/ovinger/tests/oving9.jex' fragmentId='//@requirements.1/@requirements.3' key='test run status' value='false'/>
<eObjectEntry  timestamp='1366155503890' resUri='platform:/resource/ovinger/tests/oving9.jex' fragmentId='//@requirements.1/@requirements.5' key='test run status' value='false'/>
<eObjectEntry  timestamp='1366155503911' resUri='platform:/resource/ovinger/tests/oving9.jex' fragmentId='//@requirements.1/@requirements.7' key='test run status' value='false'/>
<eObjectEntry  timestamp='1366155503933' resUri='platform:/resource/ovinger/tests/oving9.jex' fragmentId='//@requirements.1/@requirements.9' key='test run status' value='false'/>
<eObjectEntry  timestamp='1366155564011' resUri='platform:/resource/ovinger/tests/oving9.jex' fragmentId='//@javaElements.0/@classes.4' key='junit test launch' value='AllTests'/>
<eObjectEntry  timestamp='1366155565512' resUri='platform:/resource/ovinger/tests/oving9.jex' fragmentId='//@requirements.0/@requirements.1' key='test run status' value='true'/>
<eObjectEntry  timestamp='1366155565518' resUri='platform:/resource/ovinger/tests/oving9.jex' fragmentId='//@requirements.0/@requirements.3' key='test run status' value='true'/>
<eObjectEntry  timestamp='1366155565525' resUri='platform:/resource/ovinger/tests/oving9.jex' fragmentId='//@requirements.0/@requirements.5' key='test run status' value='true'/>
<eObjectEntry  timestamp='1366155565533' resUri='platform:/resource/ovinger/tests/oving9.jex' fragmentId='//@requirements.0/@requirements.7' key='test run status' value='true'/>
<eObjectEntry  timestamp='1366155565540' resUri='platform:/resource/ovinger/tests/oving9.jex' fragmentId='//@requirements.0/@requirements.9' key='test run status' value='true'/>
<eObjectEntry  timestamp='1366155565546' resUri='platform:/resource/ovinger/tests/oving9.jex' fragmentId='//@requirements.0/@requirements.11' key='test run status' value='false'/>
<eObjectEntry  timestamp='1366155565553' resUri='platform:/resource/ovinger/tests/oving9.jex' fragmentId='//@requirements.0/@requirements.13' key='test run status' value='false'/>
<eObjectEntry  timestamp='1366155565559' resUri='platform:/resource/ovinger/tests/oving9.jex' fragmentId='//@requirements.1/@requirements.1' key='test run status' value='false'/>
<eObjectEntry  timestamp='1366155565567' resUri='platform:/resource/ovinger/tests/oving9.jex' fragmentId='//@requirements.1/@requirements.3' key='test run status' value='false'/>
<eObjectEntry  timestamp='1366155565579' resUri='platform:/resource/ovinger/tests/oving9.jex' fragmentId='//@requirements.1/@requirements.5' key='test run status' value='false'/>
<eObjectEntry  timestamp='1366155565586' resUri='platform:/resource/ovinger/tests/oving9.jex' fragmentId='//@requirements.1/@requirements.7' key='test run status' value='false'/>
<eObjectEntry  timestamp='1366155565592' resUri='platform:/resource/ovinger/tests/oving9.jex' fragmentId='//@requirements.1/@requirements.9' key='test run status' value='false'/>
<eObjectEntry  timestamp='1366155833346' resUri='platform:/resource/ovinger/tests/oving9.jex' fragmentId='//@javaElements.0/@classes.4' key='junit test launch' value='AllTests'/>
<eObjectEntry  timestamp='1366155834915' resUri='platform:/resource/ovinger/tests/oving9.jex' fragmentId='//@requirements.0/@requirements.1' key='test run status' value='true'/>
<eObjectEntry  timestamp='1366155834921' resUri='platform:/resource/ovinger/tests/oving9.jex' fragmentId='//@requirements.0/@requirements.3' key='test run status' value='true'/>
<eObjectEntry  timestamp='1366155834928' resUri='platform:/resource/ovinger/tests/oving9.jex' fragmentId='//@requirements.0/@requirements.5' key='test run status' value='true'/>
<eObjectEntry  timestamp='1366155834934' resUri='platform:/resource/ovinger/tests/oving9.jex' fragmentId='//@requirements.0/@requirements.7' key='test run status' value='true'/>
<eObjectEntry  timestamp='1366155834940' resUri='platform:/resource/ovinger/tests/oving9.jex' fragmentId='//@requirements.0/@requirements.9' key='test run status' value='true'/>
<eObjectEntry  timestamp='1366155834945' resUri='platform:/resource/ovinger/tests/oving9.jex' fragmentId='//@requirements.0/@requirements.11' key='test run status' value='true'/>
<eObjectEntry  timestamp='1366155834951' resUri='platform:/resource/ovinger/tests/oving9.jex' fragmentId='//@requirements.0/@requirements.13' key='test run status' value='false'/>
<eObjectEntry  timestamp='1366155834955' resUri='platform:/resource/ovinger/tests/oving9.jex' fragmentId='//@requirements.1/@requirements.1' key='test run status' value='false'/>
<eObjectEntry  timestamp='1366155834960' resUri='platform:/resource/ovinger/tests/oving9.jex' fragmentId='//@requirements.1/@requirements.3' key='test run status' value='false'/>
<eObjectEntry  timestamp='1366155834977' resUri='platform:/resource/ovinger/tests/oving9.jex' fragmentId='//@requirements.1/@requirements.5' key='test run status' value='false'/>
<eObjectEntry  timestamp='1366155834995' resUri='platform:/resource/ovinger/tests/oving9.jex' fragmentId='//@requirements.1/@requirements.7' key='test run status' value='false'/>
<eObjectEntry  timestamp='1366155835000' resUri='platform:/resource/ovinger/tests/oving9.jex' fragmentId='//@requirements.1/@requirements.9' key='test run status' value='false'/>
<eObjectEntry  timestamp='1366156253823' resUri='platform:/resource/ovinger/tests/oving9.jex' fragmentId='//@javaElements.0/@classes.4' key='junit test launch' value='AllTests'/>
<eObjectEntry  timestamp='1366156255350' resUri='platform:/resource/ovinger/tests/oving9.jex' fragmentId='//@requirements.0/@requirements.1' key='test run status' value='true'/>
<eObjectEntry  timestamp='1366156255357' resUri='platform:/resource/ovinger/tests/oving9.jex' fragmentId='//@requirements.0/@requirements.3' key='test run status' value='true'/>
<eObjectEntry  timestamp='1366156255366' resUri='platform:/resource/ovinger/tests/oving9.jex' fragmentId='//@requirements.0/@requirements.5' key='test run status' value='true'/>
<eObjectEntry  timestamp='1366156255374' resUri='platform:/resource/ovinger/tests/oving9.jex' fragmentId='//@requirements.0/@requirements.7' key='test run status' value='true'/>
<eObjectEntry  timestamp='1366156255380' resUri='platform:/resource/ovinger/tests/oving9.jex' fragmentId='//@requirements.0/@requirements.9' key='test run status' value='true'/>
<eObjectEntry  timestamp='1366156255386' resUri='platform:/resource/ovinger/tests/oving9.jex' fragmentId='//@requirements.0/@requirements.11' key='test run status' value='true'/>
<eObjectEntry  timestamp='1366156255399' resUri='platform:/resource/ovinger/tests/oving9.jex' fragmentId='//@requirements.0/@requirements.13' key='test run status' value='true'/>
<eObjectEntry  timestamp='1366156255405' resUri='platform:/resource/ovinger/tests/oving9.jex' fragmentId='//@requirements.1/@requirements.1' key='test run status' value='false'/>
<eObjectEntry  timestamp='1366156255431' resUri='platform:/resource/ovinger/tests/oving9.jex' fragmentId='//@requirements.1/@requirements.3' key='test run status' value='false'/>
<eObjectEntry  timestamp='1366156255447' resUri='platform:/resource/ovinger/tests/oving9.jex' fragmentId='//@requirements.1/@requirements.5' key='test run status' value='false'/>
<eObjectEntry  timestamp='1366156255453' resUri='platform:/resource/ovinger/tests/oving9.jex' fragmentId='//@requirements.1/@requirements.7' key='test run status' value='false'/>
<eObjectEntry  timestamp='1366156255459' resUri='platform:/resource/ovinger/tests/oving9.jex' fragmentId='//@requirements.1/@requirements.9' key='test run status' value='false'/>
<eObjectEntry  timestamp='1366363663932' resUri='platform:/resource/ovinger/tests/oving9.jex' fragmentId='//@requirements.0/@requirements.1' key='test run status' value='true'/>
<eObjectEntry  timestamp='1366363663994' resUri='platform:/resource/ovinger/tests/oving9.jex' fragmentId='//@requirements.0/@requirements.3' key='test run status' value='true'/>
<eObjectEntry  timestamp='1366363664010' resUri='platform:/resource/ovinger/tests/oving9.jex' fragmentId='//@requirements.0/@requirements.5' key='test run status' value='true'/>
<eObjectEntry  timestamp='1366363664010' resUri='platform:/resource/ovinger/tests/oving9.jex' fragmentId='//@requirements.0/@requirements.7' key='test run status' value='true'/>
<eObjectEntry  timestamp='1366363664010' resUri='platform:/resource/ovinger/tests/oving9.jex' fragmentId='//@requirements.0/@requirements.9' key='test run status' value='true'/>
<eObjectEntry  timestamp='1366363664025' resUri='platform:/resource/ovinger/tests/oving9.jex' fragmentId='//@requirements.0/@requirements.11' key='test run status' value='true'/>
<eObjectEntry  timestamp='1366363664025' resUri='platform:/resource/ovinger/tests/oving9.jex' fragmentId='//@requirements.0/@requirements.13' key='test run status' value='true'/>
<eObjectEntry  timestamp='1366363664025' resUri='platform:/resource/ovinger/tests/oving9.jex' fragmentId='//@requirements.1/@requirements.1' key='test run status' value='false'/>
<eObjectEntry  timestamp='1366363664041' resUri='platform:/resource/ovinger/tests/oving9.jex' fragmentId='//@requirements.1/@requirements.3' key='test run status' value='false'/>
<eObjectEntry  timestamp='1366363664056' resUri='platform:/resource/ovinger/tests/oving9.jex' fragmentId='//@requirements.1/@requirements.5' key='test run status' value='false'/>
<eObjectEntry  timestamp='1366363664072' resUri='platform:/resource/ovinger/tests/oving9.jex' fragmentId='//@requirements.1/@requirements.7' key='test run status' value='false'/>
<eObjectEntry  timestamp='1366363664088' resUri='platform:/resource/ovinger/tests/oving9.jex' fragmentId='//@requirements.1/@requirements.9' key='test run status' value='false'/>
